<?xml version="1.0" encoding="UTF-8"?>
<testsuites name="jest tests" tests="1016" failures="0" errors="0" time="25.539">
  <testsuite name="docker-compose" errors="0" failures="0" skipped="0" timestamp="2020-12-19T18:19:09" time="8.078" tests="20">
    <testcase classname="docker-compose errors when no services" name="docker-compose errors when no services" time="0.064">
    </testcase>
    <testcase classname="docker-compose errors when imageBuild and image not specified in service" name="docker-compose errors when imageBuild and image not specified in service" time="0.002">
    </testcase>
    <testcase classname="docker-compose errors when imageBuild and image are both specified in service" name="docker-compose errors when imageBuild and image are both specified in service" time="0.002">
    </testcase>
    <testcase classname="docker-compose can build an image" name="docker-compose can build an image" time="0.015">
    </testcase>
    <testcase classname="docker-compose can choose a name suffix for the docker-compose.yml" name="docker-compose can choose a name suffix for the docker-compose.yml" time="0.002">
    </testcase>
    <testcase classname="docker-compose can add a container command" name="docker-compose can add a container command" time="0.003">
    </testcase>
    <testcase classname="docker-compose can add a volume bind volume" name="docker-compose can add a volume bind volume" time="0.01">
    </testcase>
    <testcase classname="docker-compose can add a volume named volume" name="docker-compose can add a volume named volume" time="0.004">
    </testcase>
    <testcase classname="docker-compose can add a volume named volume with special driver" name="docker-compose can add a volume named volume with special driver" time="0.005">
    </testcase>
    <testcase classname="docker-compose can add a volume imperatively" name="docker-compose can add a volume imperatively" time="0.004">
    </testcase>
    <testcase classname="docker-compose can map a port declaratively" name="docker-compose can map a port declaratively" time="0.004">
    </testcase>
    <testcase classname="docker-compose can map a port imperatively" name="docker-compose can map a port imperatively" time="0.004">
    </testcase>
    <testcase classname="docker-compose can add depends_on declaratively" name="docker-compose can add depends_on declaratively" time="0.004">
    </testcase>
    <testcase classname="docker-compose can add depends_on imperatively" name="docker-compose can add depends_on imperatively" time="0.002">
    </testcase>
    <testcase classname="docker-compose can add environment variables declaratively" name="docker-compose can add environment variables declaratively" time="0.003">
    </testcase>
    <testcase classname="docker-compose can add environment variables imperatively" name="docker-compose can add environment variables imperatively" time="0.003">
    </testcase>
    <testcase classname="docker-compose errors when a service reference by name does not exist" name="docker-compose errors when a service reference by name does not exist" time="0.004">
    </testcase>
    <testcase classname="docker-compose errors when a service depends on itself" name="docker-compose errors when a service depends on itself" time="0.006">
    </testcase>
    <testcase classname="docker-compose can create a wordpress dev env declaratively" name="docker-compose can create a wordpress dev env declaratively" time="0.016">
    </testcase>
    <testcase classname="docker-compose can create a wordpress dev env imperatively" name="docker-compose can create a wordpress dev env imperatively" time="0.006">
    </testcase>
  </testsuite>
  <testsuite name="undefined" errors="0" failures="0" skipped="0" timestamp="2020-12-19T18:19:17" time="0.732" tests="14">
    <testcase classname=" empty task" name=" empty task" time="0.008">
    </testcase>
    <testcase classname=" multiple &quot;exec&quot; commands" name=" multiple &quot;exec&quot; commands" time="0.003">
    </testcase>
    <testcase classname=" subtasks" name=" subtasks" time="0.003">
    </testcase>
    <testcase classname=" reset() can be used to reset task steps" name=" reset() can be used to reset task steps" time="0.002">
    </testcase>
    <testcase classname=" prepend() can be used to add steps from the top" name=" prepend() can be used to add steps from the top" time="0.002">
    </testcase>
    <testcase classname=" env() can be used to add environment variables" name=" env() can be used to add environment variables" time="0.002">
    </testcase>
    <testcase classname=" .steps can be used to list all steps in the current task" name=" .steps can be used to list all steps in the current task" time="0">
    </testcase>
    <testcase classname=" &quot;condition&quot; can be used to define a command that will determine if a task should be skipped" name=" &quot;condition&quot; can be used to define a command that will determine if a task should be skipped" time="0.002">
    </testcase>
    <testcase classname="toShellCommand() single step" name="toShellCommand() single step" time="0.017">
    </testcase>
    <testcase classname="toShellCommand() with a name" name="toShellCommand() with a name" time="0.016">
    </testcase>
    <testcase classname="toShellCommand() with a condition" name="toShellCommand() with a condition" time="0.033">
    </testcase>
    <testcase classname="toShellCommand() multiple steps" name="toShellCommand() multiple steps" time="0.018">
    </testcase>
    <testcase classname="toShellCommand() subtasks" name="toShellCommand() subtasks" time="0.018">
    </testcase>
    <testcase classname="toShellCommand() with environment" name="toShellCommand() with environment" time="0.018">
    </testcase>
  </testsuite>
  <testsuite name="undefined" errors="0" failures="0" skipped="0" timestamp="2020-12-19T18:19:18" time="0.293" tests="3">
    <testcase classname=" empty launch configuration" name=" empty launch configuration" time="0.005">
    </testcase>
    <testcase classname=" adding a launch configuration entry" name=" adding a launch configuration entry" time="0.003">
    </testcase>
    <testcase classname=" adding multiple launch configuration entries" name=" adding multiple launch configuration entries" time="0.011">
    </testcase>
  </testsuite>
  <testsuite name="undefined" errors="0" failures="0" skipped="0" timestamp="2020-12-19T18:19:18" time="0.361" tests="4">
    <testcase classname=" Node Project Jest Defaults Configured" name=" Node Project Jest Defaults Configured" time="0.032">
    </testcase>
    <testcase classname=" Node Project Jest With Options Configured" name=" Node Project Jest With Options Configured" time="0.014">
    </testcase>
    <testcase classname=" Typescript Project Jest Defaults Configured" name=" Typescript Project Jest Defaults Configured" time="0.027">
    </testcase>
    <testcase classname=" Typescript Project Jest With Compiler Options" name=" Typescript Project Jest With Compiler Options" time="0.013">
    </testcase>
  </testsuite>
  <testsuite name="undefined" errors="0" failures="0" skipped="0" timestamp="2020-12-19T18:19:19" time="0.22" tests="12">
    <testcase classname=" null" name=" null" time="0.001">
    </testcase>
    <testcase classname=" undefined" name=" undefined" time="0.001">
    </testcase>
    <testcase classname=" string" name=" string" time="0.002">
    </testcase>
    <testcase classname=" number" name=" number" time="0.001">
    </testcase>
    <testcase classname=" boolean" name=" boolean" time="0">
    </testcase>
    <testcase classname=" array" name=" array" time="0.001">
    </testcase>
    <testcase classname=" object" name=" object" time="0.001">
    </testcase>
    <testcase classname=" functions are resolved" name=" functions are resolved" time="0">
    </testcase>
    <testcase classname=" recursive resolve" name=" recursive resolve" time="0.001">
    </testcase>
    <testcase classname=" context is passed to functions" name=" context is passed to functions" time="0.002">
    </testcase>
    <testcase classname=" &quot;undefined&quot; values are omitted" name=" &quot;undefined&quot; values are omitted" time="0.001">
    </testcase>
    <testcase classname=" omitEmpty" name=" omitEmpty" time="0.001">
    </testcase>
  </testsuite>
  <testsuite name="undefined" errors="0" failures="0" skipped="0" timestamp="2020-12-19T18:19:19" time="1.351" tests="911">
    <testcase classname=" project id" name=" project id" time="0.003">
    </testcase>
    <testcase classname=" inventory" name=" inventory" time="0.044">
    </testcase>
    <testcase classname=" remote discover project id simulation" name=" remote discover project id simulation" time="0.041">
    </testcase>
    <testcase classname=" renderable default values simulation" name=" renderable default values simulation" time="0.004">
    </testcase>
    <testcase classname="all default values in docstrings are renderable JS values awscdk-app-ts:allowLibraryDependencies=true" name="all default values in docstrings are renderable JS values awscdk-app-ts:allowLibraryDependencies=true" time="0">
    </testcase>
    <testcase classname="all default values in docstrings are renderable JS values awscdk-app-ts:antitamper=true" name="all default values in docstrings are renderable JS values awscdk-app-ts:antitamper=true" time="0.001">
    </testcase>
    <testcase classname="all default values in docstrings are renderable JS values awscdk-app-ts:appEntrypoint=&quot;main.ts&quot;" name="all default values in docstrings are renderable JS values awscdk-app-ts:appEntrypoint=&quot;main.ts&quot;" time="0">
    </testcase>
    <testcase classname="all default values in docstrings are renderable JS values awscdk-app-ts:authorEmail=undefined" name="all default values in docstrings are renderable JS values awscdk-app-ts:authorEmail=undefined" time="0">
    </testcase>
    <testcase classname="all default values in docstrings are renderable JS values awscdk-app-ts:authorName=undefined" name="all default values in docstrings are renderable JS values awscdk-app-ts:authorName=undefined" time="0">
    </testcase>
    <testcase classname="all default values in docstrings are renderable JS values awscdk-app-ts:authorOrganization=undefined" name="all default values in docstrings are renderable JS values awscdk-app-ts:authorOrganization=undefined" time="0.001">
    </testcase>
    <testcase classname="all default values in docstrings are renderable JS values awscdk-app-ts:authorUrl=undefined" name="all default values in docstrings are renderable JS values awscdk-app-ts:authorUrl=undefined" time="0">
    </testcase>
    <testcase classname="all default values in docstrings are renderable JS values awscdk-app-ts:autoDetectBin=true" name="all default values in docstrings are renderable JS values awscdk-app-ts:autoDetectBin=true" time="0">
    </testcase>
    <testcase classname="all default values in docstrings are renderable JS values awscdk-app-ts:bin=undefined" name="all default values in docstrings are renderable JS values awscdk-app-ts:bin=undefined" time="0.001">
    </testcase>
    <testcase classname="all default values in docstrings are renderable JS values awscdk-app-ts:buildWorkflow=true" name="all default values in docstrings are renderable JS values awscdk-app-ts:buildWorkflow=true" time="0.001">
    </testcase>
    <testcase classname="all default values in docstrings are renderable JS values awscdk-app-ts:bundledDependencies=undefined" name="all default values in docstrings are renderable JS values awscdk-app-ts:bundledDependencies=undefined" time="0">
    </testcase>
    <testcase classname="all default values in docstrings are renderable JS values awscdk-app-ts:bundledDeps=undefined" name="all default values in docstrings are renderable JS values awscdk-app-ts:bundledDeps=undefined" time="0">
    </testcase>
    <testcase classname="all default values in docstrings are renderable JS values awscdk-app-ts:cdkDependencies=undefined" name="all default values in docstrings are renderable JS values awscdk-app-ts:cdkDependencies=undefined" time="0">
    </testcase>
    <testcase classname="all default values in docstrings are renderable JS values awscdk-app-ts:cdkVersion=&quot;1.73.0&quot;" name="all default values in docstrings are renderable JS values awscdk-app-ts:cdkVersion=&quot;1.73.0&quot;" time="0.001">
    </testcase>
    <testcase classname="all default values in docstrings are renderable JS values awscdk-app-ts:cdkVersionPinning=false" name="all default values in docstrings are renderable JS values awscdk-app-ts:cdkVersionPinning=false" time="0">
    </testcase>
    <testcase classname="all default values in docstrings are renderable JS values awscdk-app-ts:codeCov=false" name="all default values in docstrings are renderable JS values awscdk-app-ts:codeCov=false" time="0">
    </testcase>
    <testcase classname="all default values in docstrings are renderable JS values awscdk-app-ts:codeCovTokenSecret=- if this option is not specified, only public repositories are supported" name="all default values in docstrings are renderable JS values awscdk-app-ts:codeCovTokenSecret=- if this option is not specified, only public repositories are supported" time="0.001">
    </testcase>
    <testcase classname="all default values in docstrings are renderable JS values awscdk-app-ts:compileBeforeTest=- the default behavior is to delete the lib/ directory and run
jest typescript tests and only if all tests pass, run the compiler." name="all default values in docstrings are renderable JS values awscdk-app-ts:compileBeforeTest=- the default behavior is to delete the lib/ directory and run
jest typescript tests and only if all tests pass, run the compiler." time="0">
    </testcase>
    <testcase classname="all default values in docstrings are renderable JS values awscdk-app-ts:context=undefined" name="all default values in docstrings are renderable JS values awscdk-app-ts:context=undefined" time="0">
    </testcase>
    <testcase classname="all default values in docstrings are renderable JS values awscdk-app-ts:copyrightOwner=- defaults to the value of authorName or &quot;&quot; if `authorName` is undefined." name="all default values in docstrings are renderable JS values awscdk-app-ts:copyrightOwner=- defaults to the value of authorName or &quot;&quot; if `authorName` is undefined." time="0">
    </testcase>
    <testcase classname="all default values in docstrings are renderable JS values awscdk-app-ts:copyrightPeriod=- current year" name="all default values in docstrings are renderable JS values awscdk-app-ts:copyrightPeriod=- current year" time="0.001">
    </testcase>
    <testcase classname="all default values in docstrings are renderable JS values awscdk-app-ts:defaultReleaseBranch=&quot;master&quot;" name="all default values in docstrings are renderable JS values awscdk-app-ts:defaultReleaseBranch=&quot;master&quot;" time="0">
    </testcase>
    <testcase classname="all default values in docstrings are renderable JS values awscdk-app-ts:dependabot=true" name="all default values in docstrings are renderable JS values awscdk-app-ts:dependabot=true" time="0">
    </testcase>
    <testcase classname="all default values in docstrings are renderable JS values awscdk-app-ts:dependabotOptions=- default options" name="all default values in docstrings are renderable JS values awscdk-app-ts:dependabotOptions=- default options" time="0">
    </testcase>
    <testcase classname="all default values in docstrings are renderable JS values awscdk-app-ts:dependencies=undefined" name="all default values in docstrings are renderable JS values awscdk-app-ts:dependencies=undefined" time="0.001">
    </testcase>
    <testcase classname="all default values in docstrings are renderable JS values awscdk-app-ts:deps=[]" name="all default values in docstrings are renderable JS values awscdk-app-ts:deps=[]" time="0">
    </testcase>
    <testcase classname="all default values in docstrings are renderable JS values awscdk-app-ts:description=undefined" name="all default values in docstrings are renderable JS values awscdk-app-ts:description=undefined" time="0">
    </testcase>
    <testcase classname="all default values in docstrings are renderable JS values awscdk-app-ts:devDependencies=undefined" name="all default values in docstrings are renderable JS values awscdk-app-ts:devDependencies=undefined" time="0.001">
    </testcase>
    <testcase classname="all default values in docstrings are renderable JS values awscdk-app-ts:devDeps=[]" name="all default values in docstrings are renderable JS values awscdk-app-ts:devDeps=[]" time="0">
    </testcase>
    <testcase classname="all default values in docstrings are renderable JS values awscdk-app-ts:disableTsconfig=false" name="all default values in docstrings are renderable JS values awscdk-app-ts:disableTsconfig=false" time="0.01">
    </testcase>
    <testcase classname="all default values in docstrings are renderable JS values awscdk-app-ts:docgen=false" name="all default values in docstrings are renderable JS values awscdk-app-ts:docgen=false" time="0.001">
    </testcase>
    <testcase classname="all default values in docstrings are renderable JS values awscdk-app-ts:docsDirectory=&quot;docs&quot;" name="all default values in docstrings are renderable JS values awscdk-app-ts:docsDirectory=&quot;docs&quot;" time="0">
    </testcase>
    <testcase classname="all default values in docstrings are renderable JS values awscdk-app-ts:entrypoint=&quot;lib/index.js&quot;" name="all default values in docstrings are renderable JS values awscdk-app-ts:entrypoint=&quot;lib/index.js&quot;" time="0">
    </testcase>
    <testcase classname="all default values in docstrings are renderable JS values awscdk-app-ts:entrypointTypes=- .d.ts file derived from the project&apos;s entrypoint (usually lib/index.d.ts)" name="all default values in docstrings are renderable JS values awscdk-app-ts:entrypointTypes=- .d.ts file derived from the project&apos;s entrypoint (usually lib/index.d.ts)" time="0">
    </testcase>
    <testcase classname="all default values in docstrings are renderable JS values awscdk-app-ts:eslint=true" name="all default values in docstrings are renderable JS values awscdk-app-ts:eslint=true" time="0.001">
    </testcase>
    <testcase classname="all default values in docstrings are renderable JS values awscdk-app-ts:eslintOptions=- opinionated default options" name="all default values in docstrings are renderable JS values awscdk-app-ts:eslintOptions=- opinionated default options" time="0">
    </testcase>
    <testcase classname="all default values in docstrings are renderable JS values awscdk-app-ts:gitignore=undefined" name="all default values in docstrings are renderable JS values awscdk-app-ts:gitignore=undefined" time="0">
    </testcase>
    <testcase classname="all default values in docstrings are renderable JS values awscdk-app-ts:gitpod=false" name="all default values in docstrings are renderable JS values awscdk-app-ts:gitpod=false" time="0">
    </testcase>
    <testcase classname="all default values in docstrings are renderable JS values awscdk-app-ts:homepage=undefined" name="all default values in docstrings are renderable JS values awscdk-app-ts:homepage=undefined" time="0.001">
    </testcase>
    <testcase classname="all default values in docstrings are renderable JS values awscdk-app-ts:jest=true" name="all default values in docstrings are renderable JS values awscdk-app-ts:jest=true" time="0">
    </testcase>
    <testcase classname="all default values in docstrings are renderable JS values awscdk-app-ts:jestOptions=- default options" name="all default values in docstrings are renderable JS values awscdk-app-ts:jestOptions=- default options" time="0">
    </testcase>
    <testcase classname="all default values in docstrings are renderable JS values awscdk-app-ts:keywords=undefined" name="all default values in docstrings are renderable JS values awscdk-app-ts:keywords=undefined" time="0">
    </testcase>
    <testcase classname="all default values in docstrings are renderable JS values awscdk-app-ts:libdir=&quot;lib&quot;" name="all default values in docstrings are renderable JS values awscdk-app-ts:libdir=&quot;lib&quot;" time="0">
    </testcase>
    <testcase classname="all default values in docstrings are renderable JS values awscdk-app-ts:license=undefined" name="all default values in docstrings are renderable JS values awscdk-app-ts:license=undefined" time="0.001">
    </testcase>
    <testcase classname="all default values in docstrings are renderable JS values awscdk-app-ts:licensed=true" name="all default values in docstrings are renderable JS values awscdk-app-ts:licensed=true" time="0">
    </testcase>
    <testcase classname="all default values in docstrings are renderable JS values awscdk-app-ts:maxNodeVersion=- no max" name="all default values in docstrings are renderable JS values awscdk-app-ts:maxNodeVersion=- no max" time="0">
    </testcase>
    <testcase classname="all default values in docstrings are renderable JS values awscdk-app-ts:mergify=true" name="all default values in docstrings are renderable JS values awscdk-app-ts:mergify=true" time="0">
    </testcase>
    <testcase classname="all default values in docstrings are renderable JS values awscdk-app-ts:mergifyAutoMergeLabel=&quot;auto-merge&quot;" name="all default values in docstrings are renderable JS values awscdk-app-ts:mergifyAutoMergeLabel=&quot;auto-merge&quot;" time="0.001">
    </testcase>
    <testcase classname="all default values in docstrings are renderable JS values awscdk-app-ts:mergifyOptions=- default options" name="all default values in docstrings are renderable JS values awscdk-app-ts:mergifyOptions=- default options" time="0">
    </testcase>
    <testcase classname="all default values in docstrings are renderable JS values awscdk-app-ts:minNodeVersion=- no &quot;engines&quot; specified" name="all default values in docstrings are renderable JS values awscdk-app-ts:minNodeVersion=- no &quot;engines&quot; specified" time="0">
    </testcase>
    <testcase classname="all default values in docstrings are renderable JS values awscdk-app-ts:name=$BASEDIR" name="all default values in docstrings are renderable JS values awscdk-app-ts:name=$BASEDIR" time="0">
    </testcase>
    <testcase classname="all default values in docstrings are renderable JS values awscdk-app-ts:npmDistTag=&quot;latest&quot;" name="all default values in docstrings are renderable JS values awscdk-app-ts:npmDistTag=&quot;latest&quot;" time="0">
    </testcase>
    <testcase classname="all default values in docstrings are renderable JS values awscdk-app-ts:npmignore=undefined" name="all default values in docstrings are renderable JS values awscdk-app-ts:npmignore=undefined" time="0.001">
    </testcase>
    <testcase classname="all default values in docstrings are renderable JS values awscdk-app-ts:npmignoreEnabled=true" name="all default values in docstrings are renderable JS values awscdk-app-ts:npmignoreEnabled=true" time="0">
    </testcase>
    <testcase classname="all default values in docstrings are renderable JS values awscdk-app-ts:npmRegistry=&quot;registry.npmjs.org&quot;" name="all default values in docstrings are renderable JS values awscdk-app-ts:npmRegistry=&quot;registry.npmjs.org&quot;" time="0">
    </testcase>
    <testcase classname="all default values in docstrings are renderable JS values awscdk-app-ts:npmTaskExecution=NpmTaskExecution.PROJEN" name="all default values in docstrings are renderable JS values awscdk-app-ts:npmTaskExecution=NpmTaskExecution.PROJEN" time="0">
    </testcase>
    <testcase classname="all default values in docstrings are renderable JS values awscdk-app-ts:outdir=&quot;.&quot;" name="all default values in docstrings are renderable JS values awscdk-app-ts:outdir=&quot;.&quot;" time="0.001">
    </testcase>
    <testcase classname="all default values in docstrings are renderable JS values awscdk-app-ts:package=true" name="all default values in docstrings are renderable JS values awscdk-app-ts:package=true" time="0">
    </testcase>
    <testcase classname="all default values in docstrings are renderable JS values awscdk-app-ts:packageManager=NodePackageManager.YARN" name="all default values in docstrings are renderable JS values awscdk-app-ts:packageManager=NodePackageManager.YARN" time="0">
    </testcase>
    <testcase classname="all default values in docstrings are renderable JS values awscdk-app-ts:parent=undefined" name="all default values in docstrings are renderable JS values awscdk-app-ts:parent=undefined" time="0">
    </testcase>
    <testcase classname="all default values in docstrings are renderable JS values awscdk-app-ts:peerDependencies=undefined" name="all default values in docstrings are renderable JS values awscdk-app-ts:peerDependencies=undefined" time="0.001">
    </testcase>
    <testcase classname="all default values in docstrings are renderable JS values awscdk-app-ts:peerDependencyOptions=undefined" name="all default values in docstrings are renderable JS values awscdk-app-ts:peerDependencyOptions=undefined" time="0">
    </testcase>
    <testcase classname="all default values in docstrings are renderable JS values awscdk-app-ts:peerDeps=[]" name="all default values in docstrings are renderable JS values awscdk-app-ts:peerDeps=[]" time="0">
    </testcase>
    <testcase classname="all default values in docstrings are renderable JS values awscdk-app-ts:projenCommand=&quot;npx projen&quot;" name="all default values in docstrings are renderable JS values awscdk-app-ts:projenCommand=&quot;npx projen&quot;" time="0">
    </testcase>
    <testcase classname="all default values in docstrings are renderable JS values awscdk-app-ts:projenDevDependency=true" name="all default values in docstrings are renderable JS values awscdk-app-ts:projenDevDependency=true" time="0.001">
    </testcase>
    <testcase classname="all default values in docstrings are renderable JS values awscdk-app-ts:projenUpgradeAutoMerge=- &quot;true&quot; if mergify auto-merge is enabled (default)" name="all default values in docstrings are renderable JS values awscdk-app-ts:projenUpgradeAutoMerge=- &quot;true&quot; if mergify auto-merge is enabled (default)" time="0">
    </testcase>
    <testcase classname="all default values in docstrings are renderable JS values awscdk-app-ts:projenUpgradeSchedule=[ &quot;0 6 * * *&quot; ]" name="all default values in docstrings are renderable JS values awscdk-app-ts:projenUpgradeSchedule=[ &quot;0 6 * * *&quot; ]" time="0">
    </testcase>
    <testcase classname="all default values in docstrings are renderable JS values awscdk-app-ts:projenUpgradeSecret=- no automatic projen upgrade pull requests" name="all default values in docstrings are renderable JS values awscdk-app-ts:projenUpgradeSecret=- no automatic projen upgrade pull requests" time="0">
    </testcase>
    <testcase classname="all default values in docstrings are renderable JS values awscdk-app-ts:projenVersion=Semver.latest()" name="all default values in docstrings are renderable JS values awscdk-app-ts:projenVersion=Semver.latest()" time="0">
    </testcase>
    <testcase classname="all default values in docstrings are renderable JS values awscdk-app-ts:pullRequestTemplate=true" name="all default values in docstrings are renderable JS values awscdk-app-ts:pullRequestTemplate=true" time="0.001">
    </testcase>
    <testcase classname="all default values in docstrings are renderable JS values awscdk-app-ts:pullRequestTemplateContents=- default content" name="all default values in docstrings are renderable JS values awscdk-app-ts:pullRequestTemplateContents=- default content" time="0">
    </testcase>
    <testcase classname="all default values in docstrings are renderable JS values awscdk-app-ts:rebuildBot=true" name="all default values in docstrings are renderable JS values awscdk-app-ts:rebuildBot=true" time="0">
    </testcase>
    <testcase classname="all default values in docstrings are renderable JS values awscdk-app-ts:rebuildBotCommand=&quot;rebuild&quot;" name="all default values in docstrings are renderable JS values awscdk-app-ts:rebuildBotCommand=&quot;rebuild&quot;" time="0">
    </testcase>
    <testcase classname="all default values in docstrings are renderable JS values awscdk-app-ts:releaseBranches=[ &quot;master&quot; ]" name="all default values in docstrings are renderable JS values awscdk-app-ts:releaseBranches=[ &quot;master&quot; ]" time="0.001">
    </testcase>
    <testcase classname="all default values in docstrings are renderable JS values awscdk-app-ts:releaseEveryCommit=true" name="all default values in docstrings are renderable JS values awscdk-app-ts:releaseEveryCommit=true" time="0">
    </testcase>
    <testcase classname="all default values in docstrings are renderable JS values awscdk-app-ts:releaseSchedule=- no scheduled releases" name="all default values in docstrings are renderable JS values awscdk-app-ts:releaseSchedule=- no scheduled releases" time="0">
    </testcase>
    <testcase classname="all default values in docstrings are renderable JS values awscdk-app-ts:releaseToNpm=false" name="all default values in docstrings are renderable JS values awscdk-app-ts:releaseToNpm=false" time="0">
    </testcase>
    <testcase classname="all default values in docstrings are renderable JS values awscdk-app-ts:releaseWorkflow=true" name="all default values in docstrings are renderable JS values awscdk-app-ts:releaseWorkflow=true" time="0">
    </testcase>
    <testcase classname="all default values in docstrings are renderable JS values awscdk-app-ts:repository=undefined" name="all default values in docstrings are renderable JS values awscdk-app-ts:repository=undefined" time="0.001">
    </testcase>
    <testcase classname="all default values in docstrings are renderable JS values awscdk-app-ts:repositoryDirectory=undefined" name="all default values in docstrings are renderable JS values awscdk-app-ts:repositoryDirectory=undefined" time="0">
    </testcase>
    <testcase classname="all default values in docstrings are renderable JS values awscdk-app-ts:requireApproval=CdkApprovalLevel.BROADENING" name="all default values in docstrings are renderable JS values awscdk-app-ts:requireApproval=CdkApprovalLevel.BROADENING" time="0">
    </testcase>
    <testcase classname="all default values in docstrings are renderable JS values awscdk-app-ts:sampleCode=true" name="all default values in docstrings are renderable JS values awscdk-app-ts:sampleCode=true" time="0">
    </testcase>
    <testcase classname="all default values in docstrings are renderable JS values awscdk-app-ts:scripts={}" name="all default values in docstrings are renderable JS values awscdk-app-ts:scripts={}" time="0.001">
    </testcase>
    <testcase classname="all default values in docstrings are renderable JS values awscdk-app-ts:srcdir=&quot;src&quot;" name="all default values in docstrings are renderable JS values awscdk-app-ts:srcdir=&quot;src&quot;" time="0">
    </testcase>
    <testcase classname="all default values in docstrings are renderable JS values awscdk-app-ts:stability=undefined" name="all default values in docstrings are renderable JS values awscdk-app-ts:stability=undefined" time="0">
    </testcase>
    <testcase classname="all default values in docstrings are renderable JS values awscdk-app-ts:testdir=&quot;test&quot;" name="all default values in docstrings are renderable JS values awscdk-app-ts:testdir=&quot;test&quot;" time="0">
    </testcase>
    <testcase classname="all default values in docstrings are renderable JS values awscdk-app-ts:tsconfig=undefined" name="all default values in docstrings are renderable JS values awscdk-app-ts:tsconfig=undefined" time="0">
    </testcase>
    <testcase classname="all default values in docstrings are renderable JS values awscdk-app-ts:typescriptVersion=&quot;^3.9.5&quot;" name="all default values in docstrings are renderable JS values awscdk-app-ts:typescriptVersion=&quot;^3.9.5&quot;" time="0.001">
    </testcase>
    <testcase classname="all default values in docstrings are renderable JS values awscdk-app-ts:workflowBootstrapSteps=&quot;yarn install --frozen-lockfile &amp;&amp; yarn projen&quot;" name="all default values in docstrings are renderable JS values awscdk-app-ts:workflowBootstrapSteps=&quot;yarn install --frozen-lockfile &amp;&amp; yarn projen&quot;" time="0">
    </testcase>
    <testcase classname="all default values in docstrings are renderable JS values awscdk-app-ts:workflowContainerImage=- default image" name="all default values in docstrings are renderable JS values awscdk-app-ts:workflowContainerImage=- default image" time="0.001">
    </testcase>
    <testcase classname="all default values in docstrings are renderable JS values awscdk-app-ts:workflowNodeVersion=- same as `minNodeVersion`" name="all default values in docstrings are renderable JS values awscdk-app-ts:workflowNodeVersion=- same as `minNodeVersion`" time="0">
    </testcase>
    <testcase classname="all default values in docstrings are renderable JS values awscdk-construct:allowLibraryDependencies=true" name="all default values in docstrings are renderable JS values awscdk-construct:allowLibraryDependencies=true" time="0">
    </testcase>
    <testcase classname="all default values in docstrings are renderable JS values awscdk-construct:antitamper=true" name="all default values in docstrings are renderable JS values awscdk-construct:antitamper=true" time="0">
    </testcase>
    <testcase classname="all default values in docstrings are renderable JS values awscdk-construct:authorAddress=$GIT_USER_EMAIL" name="all default values in docstrings are renderable JS values awscdk-construct:authorAddress=$GIT_USER_EMAIL" time="0.001">
    </testcase>
    <testcase classname="all default values in docstrings are renderable JS values awscdk-construct:authorEmail=undefined" name="all default values in docstrings are renderable JS values awscdk-construct:authorEmail=undefined" time="0">
    </testcase>
    <testcase classname="all default values in docstrings are renderable JS values awscdk-construct:authorName=$GIT_USER_NAME" name="all default values in docstrings are renderable JS values awscdk-construct:authorName=$GIT_USER_NAME" time="0">
    </testcase>
    <testcase classname="all default values in docstrings are renderable JS values awscdk-construct:authorOrganization=undefined" name="all default values in docstrings are renderable JS values awscdk-construct:authorOrganization=undefined" time="0">
    </testcase>
    <testcase classname="all default values in docstrings are renderable JS values awscdk-construct:authorUrl=undefined" name="all default values in docstrings are renderable JS values awscdk-construct:authorUrl=undefined" time="0">
    </testcase>
    <testcase classname="all default values in docstrings are renderable JS values awscdk-construct:autoDetectBin=true" name="all default values in docstrings are renderable JS values awscdk-construct:autoDetectBin=true" time="0.001">
    </testcase>
    <testcase classname="all default values in docstrings are renderable JS values awscdk-construct:bin=undefined" name="all default values in docstrings are renderable JS values awscdk-construct:bin=undefined" time="0">
    </testcase>
    <testcase classname="all default values in docstrings are renderable JS values awscdk-construct:buildWorkflow=true" name="all default values in docstrings are renderable JS values awscdk-construct:buildWorkflow=true" time="0">
    </testcase>
    <testcase classname="all default values in docstrings are renderable JS values awscdk-construct:bundledDependencies=undefined" name="all default values in docstrings are renderable JS values awscdk-construct:bundledDependencies=undefined" time="0">
    </testcase>
    <testcase classname="all default values in docstrings are renderable JS values awscdk-construct:bundledDeps=undefined" name="all default values in docstrings are renderable JS values awscdk-construct:bundledDeps=undefined" time="0">
    </testcase>
    <testcase classname="all default values in docstrings are renderable JS values awscdk-construct:catalog=- new version will be announced" name="all default values in docstrings are renderable JS values awscdk-construct:catalog=- new version will be announced" time="0.001">
    </testcase>
    <testcase classname="all default values in docstrings are renderable JS values awscdk-construct:cdkAssert=true" name="all default values in docstrings are renderable JS values awscdk-construct:cdkAssert=true" time="0">
    </testcase>
    <testcase classname="all default values in docstrings are renderable JS values awscdk-construct:cdkDependencies=undefined" name="all default values in docstrings are renderable JS values awscdk-construct:cdkDependencies=undefined" time="0">
    </testcase>
    <testcase classname="all default values in docstrings are renderable JS values awscdk-construct:cdkTestDependencies=undefined" name="all default values in docstrings are renderable JS values awscdk-construct:cdkTestDependencies=undefined" time="0">
    </testcase>
    <testcase classname="all default values in docstrings are renderable JS values awscdk-construct:cdkVersion=&quot;1.73.0&quot;" name="all default values in docstrings are renderable JS values awscdk-construct:cdkVersion=&quot;1.73.0&quot;" time="0.001">
    </testcase>
    <testcase classname="all default values in docstrings are renderable JS values awscdk-construct:cdkVersionPinning=false" name="all default values in docstrings are renderable JS values awscdk-construct:cdkVersionPinning=false" time="0">
    </testcase>
    <testcase classname="all default values in docstrings are renderable JS values awscdk-construct:codeCov=false" name="all default values in docstrings are renderable JS values awscdk-construct:codeCov=false" time="0">
    </testcase>
    <testcase classname="all default values in docstrings are renderable JS values awscdk-construct:codeCovTokenSecret=- if this option is not specified, only public repositories are supported" name="all default values in docstrings are renderable JS values awscdk-construct:codeCovTokenSecret=- if this option is not specified, only public repositories are supported" time="0">
    </testcase>
    <testcase classname="all default values in docstrings are renderable JS values awscdk-construct:compat=false" name="all default values in docstrings are renderable JS values awscdk-construct:compat=false" time="0">
    </testcase>
    <testcase classname="all default values in docstrings are renderable JS values awscdk-construct:compatIgnore=&quot;.compatignore&quot;" name="all default values in docstrings are renderable JS values awscdk-construct:compatIgnore=&quot;.compatignore&quot;" time="0.001">
    </testcase>
    <testcase classname="all default values in docstrings are renderable JS values awscdk-construct:copyrightOwner=- defaults to the value of authorName or &quot;&quot; if `authorName` is undefined." name="all default values in docstrings are renderable JS values awscdk-construct:copyrightOwner=- defaults to the value of authorName or &quot;&quot; if `authorName` is undefined." time="0">
    </testcase>
    <testcase classname="all default values in docstrings are renderable JS values awscdk-construct:copyrightPeriod=- current year" name="all default values in docstrings are renderable JS values awscdk-construct:copyrightPeriod=- current year" time="0">
    </testcase>
    <testcase classname="all default values in docstrings are renderable JS values awscdk-construct:defaultReleaseBranch=&quot;master&quot;" name="all default values in docstrings are renderable JS values awscdk-construct:defaultReleaseBranch=&quot;master&quot;" time="0">
    </testcase>
    <testcase classname="all default values in docstrings are renderable JS values awscdk-construct:dependabot=true" name="all default values in docstrings are renderable JS values awscdk-construct:dependabot=true" time="0">
    </testcase>
    <testcase classname="all default values in docstrings are renderable JS values awscdk-construct:dependabotOptions=- default options" name="all default values in docstrings are renderable JS values awscdk-construct:dependabotOptions=- default options" time="0.001">
    </testcase>
    <testcase classname="all default values in docstrings are renderable JS values awscdk-construct:dependencies=undefined" name="all default values in docstrings are renderable JS values awscdk-construct:dependencies=undefined" time="0">
    </testcase>
    <testcase classname="all default values in docstrings are renderable JS values awscdk-construct:deps=[]" name="all default values in docstrings are renderable JS values awscdk-construct:deps=[]" time="0">
    </testcase>
    <testcase classname="all default values in docstrings are renderable JS values awscdk-construct:description=undefined" name="all default values in docstrings are renderable JS values awscdk-construct:description=undefined" time="0.001">
    </testcase>
    <testcase classname="all default values in docstrings are renderable JS values awscdk-construct:devDependencies=undefined" name="all default values in docstrings are renderable JS values awscdk-construct:devDependencies=undefined" time="0">
    </testcase>
    <testcase classname="all default values in docstrings are renderable JS values awscdk-construct:devDeps=[]" name="all default values in docstrings are renderable JS values awscdk-construct:devDeps=[]" time="0">
    </testcase>
    <testcase classname="all default values in docstrings are renderable JS values awscdk-construct:docgen=true" name="all default values in docstrings are renderable JS values awscdk-construct:docgen=true" time="0">
    </testcase>
    <testcase classname="all default values in docstrings are renderable JS values awscdk-construct:dotnet=undefined" name="all default values in docstrings are renderable JS values awscdk-construct:dotnet=undefined" time="0.001">
    </testcase>
    <testcase classname="all default values in docstrings are renderable JS values awscdk-construct:entrypoint=&quot;lib/index.js&quot;" name="all default values in docstrings are renderable JS values awscdk-construct:entrypoint=&quot;lib/index.js&quot;" time="0">
    </testcase>
    <testcase classname="all default values in docstrings are renderable JS values awscdk-construct:eslint=true" name="all default values in docstrings are renderable JS values awscdk-construct:eslint=true" time="0">
    </testcase>
    <testcase classname="all default values in docstrings are renderable JS values awscdk-construct:gitpod=false" name="all default values in docstrings are renderable JS values awscdk-construct:gitpod=false" time="0">
    </testcase>
    <testcase classname="all default values in docstrings are renderable JS values awscdk-construct:java=undefined" name="all default values in docstrings are renderable JS values awscdk-construct:java=undefined" time="0.001">
    </testcase>
    <testcase classname="all default values in docstrings are renderable JS values awscdk-construct:jest=true" name="all default values in docstrings are renderable JS values awscdk-construct:jest=true" time="0">
    </testcase>
    <testcase classname="all default values in docstrings are renderable JS values awscdk-construct:jestOptions=- defaults" name="all default values in docstrings are renderable JS values awscdk-construct:jestOptions=- defaults" time="0">
    </testcase>
    <testcase classname="all default values in docstrings are renderable JS values awscdk-construct:keywords=undefined" name="all default values in docstrings are renderable JS values awscdk-construct:keywords=undefined" time="0">
    </testcase>
    <testcase classname="all default values in docstrings are renderable JS values awscdk-construct:libdir=&quot;lib&quot;" name="all default values in docstrings are renderable JS values awscdk-construct:libdir=&quot;lib&quot;" time="0">
    </testcase>
    <testcase classname="all default values in docstrings are renderable JS values awscdk-construct:license=undefined" name="all default values in docstrings are renderable JS values awscdk-construct:license=undefined" time="0.001">
    </testcase>
    <testcase classname="all default values in docstrings are renderable JS values awscdk-construct:maxNodeVersion=- no max" name="all default values in docstrings are renderable JS values awscdk-construct:maxNodeVersion=- no max" time="0">
    </testcase>
    <testcase classname="all default values in docstrings are renderable JS values awscdk-construct:mergify=true" name="all default values in docstrings are renderable JS values awscdk-construct:mergify=true" time="0">
    </testcase>
    <testcase classname="all default values in docstrings are renderable JS values awscdk-construct:mergifyAutoMergeLabel=&quot;auto-merge&quot;" name="all default values in docstrings are renderable JS values awscdk-construct:mergifyAutoMergeLabel=&quot;auto-merge&quot;" time="0">
    </testcase>
    <testcase classname="all default values in docstrings are renderable JS values awscdk-construct:mergifyOptions=- default options" name="all default values in docstrings are renderable JS values awscdk-construct:mergifyOptions=- default options" time="0">
    </testcase>
    <testcase classname="all default values in docstrings are renderable JS values awscdk-construct:minNodeVersion=- no &quot;engines&quot; specified" name="all default values in docstrings are renderable JS values awscdk-construct:minNodeVersion=- no &quot;engines&quot; specified" time="0.001">
    </testcase>
    <testcase classname="all default values in docstrings are renderable JS values awscdk-construct:name=$BASEDIR" name="all default values in docstrings are renderable JS values awscdk-construct:name=$BASEDIR" time="0">
    </testcase>
    <testcase classname="all default values in docstrings are renderable JS values awscdk-construct:npmDistTag=&quot;latest&quot;" name="all default values in docstrings are renderable JS values awscdk-construct:npmDistTag=&quot;latest&quot;" time="0">
    </testcase>
    <testcase classname="all default values in docstrings are renderable JS values awscdk-construct:npmignore=undefined" name="all default values in docstrings are renderable JS values awscdk-construct:npmignore=undefined" time="0">
    </testcase>
    <testcase classname="all default values in docstrings are renderable JS values awscdk-construct:npmignoreEnabled=true" name="all default values in docstrings are renderable JS values awscdk-construct:npmignoreEnabled=true" time="0">
    </testcase>
    <testcase classname="all default values in docstrings are renderable JS values awscdk-construct:npmRegistry=&quot;registry.npmjs.org&quot;" name="all default values in docstrings are renderable JS values awscdk-construct:npmRegistry=&quot;registry.npmjs.org&quot;" time="0">
    </testcase>
    <testcase classname="all default values in docstrings are renderable JS values awscdk-construct:npmTaskExecution=NpmTaskExecution.PROJEN" name="all default values in docstrings are renderable JS values awscdk-construct:npmTaskExecution=NpmTaskExecution.PROJEN" time="0.001">
    </testcase>
    <testcase classname="all default values in docstrings are renderable JS values awscdk-construct:outdir=&quot;.&quot;" name="all default values in docstrings are renderable JS values awscdk-construct:outdir=&quot;.&quot;" time="0">
    </testcase>
    <testcase classname="all default values in docstrings are renderable JS values awscdk-construct:packageManager=NodePackageManager.YARN" name="all default values in docstrings are renderable JS values awscdk-construct:packageManager=NodePackageManager.YARN" time="0">
    </testcase>
    <testcase classname="all default values in docstrings are renderable JS values awscdk-construct:parent=undefined" name="all default values in docstrings are renderable JS values awscdk-construct:parent=undefined" time="0">
    </testcase>
    <testcase classname="all default values in docstrings are renderable JS values awscdk-construct:peerDependencies=undefined" name="all default values in docstrings are renderable JS values awscdk-construct:peerDependencies=undefined" time="0">
    </testcase>
    <testcase classname="all default values in docstrings are renderable JS values awscdk-construct:peerDependencyOptions=undefined" name="all default values in docstrings are renderable JS values awscdk-construct:peerDependencyOptions=undefined" time="0.001">
    </testcase>
    <testcase classname="all default values in docstrings are renderable JS values awscdk-construct:peerDeps=[]" name="all default values in docstrings are renderable JS values awscdk-construct:peerDeps=[]" time="0">
    </testcase>
    <testcase classname="all default values in docstrings are renderable JS values awscdk-construct:projenCommand=&quot;npx projen&quot;" name="all default values in docstrings are renderable JS values awscdk-construct:projenCommand=&quot;npx projen&quot;" time="0">
    </testcase>
    <testcase classname="all default values in docstrings are renderable JS values awscdk-construct:projenDevDependency=true" name="all default values in docstrings are renderable JS values awscdk-construct:projenDevDependency=true" time="0">
    </testcase>
    <testcase classname="all default values in docstrings are renderable JS values awscdk-construct:projenUpgradeAutoMerge=- &quot;true&quot; if mergify auto-merge is enabled (default)" name="all default values in docstrings are renderable JS values awscdk-construct:projenUpgradeAutoMerge=- &quot;true&quot; if mergify auto-merge is enabled (default)" time="0">
    </testcase>
    <testcase classname="all default values in docstrings are renderable JS values awscdk-construct:projenUpgradeSchedule=[ &quot;0 6 * * *&quot; ]" name="all default values in docstrings are renderable JS values awscdk-construct:projenUpgradeSchedule=[ &quot;0 6 * * *&quot; ]" time="0.001">
    </testcase>
    <testcase classname="all default values in docstrings are renderable JS values awscdk-construct:projenUpgradeSecret=- no automatic projen upgrade pull requests" name="all default values in docstrings are renderable JS values awscdk-construct:projenUpgradeSecret=- no automatic projen upgrade pull requests" time="0">
    </testcase>
    <testcase classname="all default values in docstrings are renderable JS values awscdk-construct:projenVersion=Semver.latest()" name="all default values in docstrings are renderable JS values awscdk-construct:projenVersion=Semver.latest()" time="0">
    </testcase>
    <testcase classname="all default values in docstrings are renderable JS values awscdk-construct:pullRequestTemplate=true" name="all default values in docstrings are renderable JS values awscdk-construct:pullRequestTemplate=true" time="0">
    </testcase>
    <testcase classname="all default values in docstrings are renderable JS values awscdk-construct:pullRequestTemplateContents=- default content" name="all default values in docstrings are renderable JS values awscdk-construct:pullRequestTemplateContents=- default content" time="0">
    </testcase>
    <testcase classname="all default values in docstrings are renderable JS values awscdk-construct:python=undefined" name="all default values in docstrings are renderable JS values awscdk-construct:python=undefined" time="0.001">
    </testcase>
    <testcase classname="all default values in docstrings are renderable JS values awscdk-construct:rebuildBot=true" name="all default values in docstrings are renderable JS values awscdk-construct:rebuildBot=true" time="0">
    </testcase>
    <testcase classname="all default values in docstrings are renderable JS values awscdk-construct:rebuildBotCommand=&quot;rebuild&quot;" name="all default values in docstrings are renderable JS values awscdk-construct:rebuildBotCommand=&quot;rebuild&quot;" time="0">
    </testcase>
    <testcase classname="all default values in docstrings are renderable JS values awscdk-construct:releaseBranches=[ &quot;master&quot; ]" name="all default values in docstrings are renderable JS values awscdk-construct:releaseBranches=[ &quot;master&quot; ]" time="0">
    </testcase>
    <testcase classname="all default values in docstrings are renderable JS values awscdk-construct:releaseEveryCommit=true" name="all default values in docstrings are renderable JS values awscdk-construct:releaseEveryCommit=true" time="0.001">
    </testcase>
    <testcase classname="all default values in docstrings are renderable JS values awscdk-construct:releaseSchedule=- no scheduled releases" name="all default values in docstrings are renderable JS values awscdk-construct:releaseSchedule=- no scheduled releases" time="0">
    </testcase>
    <testcase classname="all default values in docstrings are renderable JS values awscdk-construct:releaseToNpm=false" name="all default values in docstrings are renderable JS values awscdk-construct:releaseToNpm=false" time="0">
    </testcase>
    <testcase classname="all default values in docstrings are renderable JS values awscdk-construct:releaseWorkflow=true" name="all default values in docstrings are renderable JS values awscdk-construct:releaseWorkflow=true" time="0">
    </testcase>
    <testcase classname="all default values in docstrings are renderable JS values awscdk-construct:repository=$GIT_REMOTE" name="all default values in docstrings are renderable JS values awscdk-construct:repository=$GIT_REMOTE" time="0">
    </testcase>
    <testcase classname="all default values in docstrings are renderable JS values awscdk-construct:rootdir=&quot;.&quot;" name="all default values in docstrings are renderable JS values awscdk-construct:rootdir=&quot;.&quot;" time="0.001">
    </testcase>
    <testcase classname="all default values in docstrings are renderable JS values awscdk-construct:scripts={}" name="all default values in docstrings are renderable JS values awscdk-construct:scripts={}" time="0">
    </testcase>
    <testcase classname="all default values in docstrings are renderable JS values awscdk-construct:srcdir=&quot;src&quot;" name="all default values in docstrings are renderable JS values awscdk-construct:srcdir=&quot;src&quot;" time="0">
    </testcase>
    <testcase classname="all default values in docstrings are renderable JS values awscdk-construct:stability=undefined" name="all default values in docstrings are renderable JS values awscdk-construct:stability=undefined" time="0">
    </testcase>
    <testcase classname="all default values in docstrings are renderable JS values awscdk-construct:testdir=&quot;test&quot;" name="all default values in docstrings are renderable JS values awscdk-construct:testdir=&quot;test&quot;" time="0.001">
    </testcase>
    <testcase classname="all default values in docstrings are renderable JS values awscdk-construct:workflowBootstrapSteps=&quot;yarn install --frozen-lockfile &amp;&amp; yarn projen&quot;" name="all default values in docstrings are renderable JS values awscdk-construct:workflowBootstrapSteps=&quot;yarn install --frozen-lockfile &amp;&amp; yarn projen&quot;" time="0">
    </testcase>
    <testcase classname="all default values in docstrings are renderable JS values awscdk-construct:workflowContainerImage=- default image" name="all default values in docstrings are renderable JS values awscdk-construct:workflowContainerImage=- default image" time="0">
    </testcase>
    <testcase classname="all default values in docstrings are renderable JS values awscdk-construct:workflowNodeVersion=- same as `minNodeVersion`" name="all default values in docstrings are renderable JS values awscdk-construct:workflowNodeVersion=- same as `minNodeVersion`" time="0">
    </testcase>
    <testcase classname="all default values in docstrings are renderable JS values cdk8s-construct:allowLibraryDependencies=true" name="all default values in docstrings are renderable JS values cdk8s-construct:allowLibraryDependencies=true" time="0">
    </testcase>
    <testcase classname="all default values in docstrings are renderable JS values cdk8s-construct:antitamper=true" name="all default values in docstrings are renderable JS values cdk8s-construct:antitamper=true" time="0.001">
    </testcase>
    <testcase classname="all default values in docstrings are renderable JS values cdk8s-construct:authorAddress=$GIT_USER_EMAIL" name="all default values in docstrings are renderable JS values cdk8s-construct:authorAddress=$GIT_USER_EMAIL" time="0">
    </testcase>
    <testcase classname="all default values in docstrings are renderable JS values cdk8s-construct:authorEmail=undefined" name="all default values in docstrings are renderable JS values cdk8s-construct:authorEmail=undefined" time="0">
    </testcase>
    <testcase classname="all default values in docstrings are renderable JS values cdk8s-construct:authorName=$GIT_USER_NAME" name="all default values in docstrings are renderable JS values cdk8s-construct:authorName=$GIT_USER_NAME" time="0">
    </testcase>
    <testcase classname="all default values in docstrings are renderable JS values cdk8s-construct:authorOrganization=undefined" name="all default values in docstrings are renderable JS values cdk8s-construct:authorOrganization=undefined" time="0">
    </testcase>
    <testcase classname="all default values in docstrings are renderable JS values cdk8s-construct:authorUrl=undefined" name="all default values in docstrings are renderable JS values cdk8s-construct:authorUrl=undefined" time="0.001">
    </testcase>
    <testcase classname="all default values in docstrings are renderable JS values cdk8s-construct:autoDetectBin=true" name="all default values in docstrings are renderable JS values cdk8s-construct:autoDetectBin=true" time="0">
    </testcase>
    <testcase classname="all default values in docstrings are renderable JS values cdk8s-construct:bin=undefined" name="all default values in docstrings are renderable JS values cdk8s-construct:bin=undefined" time="0">
    </testcase>
    <testcase classname="all default values in docstrings are renderable JS values cdk8s-construct:buildWorkflow=true" name="all default values in docstrings are renderable JS values cdk8s-construct:buildWorkflow=true" time="0">
    </testcase>
    <testcase classname="all default values in docstrings are renderable JS values cdk8s-construct:bundledDependencies=undefined" name="all default values in docstrings are renderable JS values cdk8s-construct:bundledDependencies=undefined" time="0">
    </testcase>
    <testcase classname="all default values in docstrings are renderable JS values cdk8s-construct:bundledDeps=undefined" name="all default values in docstrings are renderable JS values cdk8s-construct:bundledDeps=undefined" time="0.001">
    </testcase>
    <testcase classname="all default values in docstrings are renderable JS values cdk8s-construct:catalog=- new version will be announced" name="all default values in docstrings are renderable JS values cdk8s-construct:catalog=- new version will be announced" time="0.005">
    </testcase>
    <testcase classname="all default values in docstrings are renderable JS values cdk8s-construct:cdk8sVersion=&quot;1.0.0-beta.3&quot;" name="all default values in docstrings are renderable JS values cdk8s-construct:cdk8sVersion=&quot;1.0.0-beta.3&quot;" time="0">
    </testcase>
    <testcase classname="all default values in docstrings are renderable JS values cdk8s-construct:codeCov=false" name="all default values in docstrings are renderable JS values cdk8s-construct:codeCov=false" time="0">
    </testcase>
    <testcase classname="all default values in docstrings are renderable JS values cdk8s-construct:codeCovTokenSecret=- if this option is not specified, only public repositories are supported" name="all default values in docstrings are renderable JS values cdk8s-construct:codeCovTokenSecret=- if this option is not specified, only public repositories are supported" time="0">
    </testcase>
    <testcase classname="all default values in docstrings are renderable JS values cdk8s-construct:compat=false" name="all default values in docstrings are renderable JS values cdk8s-construct:compat=false" time="0">
    </testcase>
    <testcase classname="all default values in docstrings are renderable JS values cdk8s-construct:compatIgnore=&quot;.compatignore&quot;" name="all default values in docstrings are renderable JS values cdk8s-construct:compatIgnore=&quot;.compatignore&quot;" time="0">
    </testcase>
    <testcase classname="all default values in docstrings are renderable JS values cdk8s-construct:copyrightOwner=- defaults to the value of authorName or &quot;&quot; if `authorName` is undefined." name="all default values in docstrings are renderable JS values cdk8s-construct:copyrightOwner=- defaults to the value of authorName or &quot;&quot; if `authorName` is undefined." time="0">
    </testcase>
    <testcase classname="all default values in docstrings are renderable JS values cdk8s-construct:copyrightPeriod=- current year" name="all default values in docstrings are renderable JS values cdk8s-construct:copyrightPeriod=- current year" time="0.001">
    </testcase>
    <testcase classname="all default values in docstrings are renderable JS values cdk8s-construct:defaultReleaseBranch=&quot;master&quot;" name="all default values in docstrings are renderable JS values cdk8s-construct:defaultReleaseBranch=&quot;master&quot;" time="0">
    </testcase>
    <testcase classname="all default values in docstrings are renderable JS values cdk8s-construct:dependabot=true" name="all default values in docstrings are renderable JS values cdk8s-construct:dependabot=true" time="0">
    </testcase>
    <testcase classname="all default values in docstrings are renderable JS values cdk8s-construct:dependabotOptions=- default options" name="all default values in docstrings are renderable JS values cdk8s-construct:dependabotOptions=- default options" time="0">
    </testcase>
    <testcase classname="all default values in docstrings are renderable JS values cdk8s-construct:dependencies=undefined" name="all default values in docstrings are renderable JS values cdk8s-construct:dependencies=undefined" time="0.001">
    </testcase>
    <testcase classname="all default values in docstrings are renderable JS values cdk8s-construct:deps=[]" name="all default values in docstrings are renderable JS values cdk8s-construct:deps=[]" time="0">
    </testcase>
    <testcase classname="all default values in docstrings are renderable JS values cdk8s-construct:description=undefined" name="all default values in docstrings are renderable JS values cdk8s-construct:description=undefined" time="0">
    </testcase>
    <testcase classname="all default values in docstrings are renderable JS values cdk8s-construct:devDependencies=undefined" name="all default values in docstrings are renderable JS values cdk8s-construct:devDependencies=undefined" time="0">
    </testcase>
    <testcase classname="all default values in docstrings are renderable JS values cdk8s-construct:devDeps=[]" name="all default values in docstrings are renderable JS values cdk8s-construct:devDeps=[]" time="0">
    </testcase>
    <testcase classname="all default values in docstrings are renderable JS values cdk8s-construct:docgen=true" name="all default values in docstrings are renderable JS values cdk8s-construct:docgen=true" time="0.001">
    </testcase>
    <testcase classname="all default values in docstrings are renderable JS values cdk8s-construct:dotnet=undefined" name="all default values in docstrings are renderable JS values cdk8s-construct:dotnet=undefined" time="0">
    </testcase>
    <testcase classname="all default values in docstrings are renderable JS values cdk8s-construct:entrypoint=&quot;lib/index.js&quot;" name="all default values in docstrings are renderable JS values cdk8s-construct:entrypoint=&quot;lib/index.js&quot;" time="0">
    </testcase>
    <testcase classname="all default values in docstrings are renderable JS values cdk8s-construct:eslint=true" name="all default values in docstrings are renderable JS values cdk8s-construct:eslint=true" time="0">
    </testcase>
    <testcase classname="all default values in docstrings are renderable JS values cdk8s-construct:gitpod=false" name="all default values in docstrings are renderable JS values cdk8s-construct:gitpod=false" time="0">
    </testcase>
    <testcase classname="all default values in docstrings are renderable JS values cdk8s-construct:java=undefined" name="all default values in docstrings are renderable JS values cdk8s-construct:java=undefined" time="0">
    </testcase>
    <testcase classname="all default values in docstrings are renderable JS values cdk8s-construct:jest=true" name="all default values in docstrings are renderable JS values cdk8s-construct:jest=true" time="0">
    </testcase>
    <testcase classname="all default values in docstrings are renderable JS values cdk8s-construct:jestOptions=- defaults" name="all default values in docstrings are renderable JS values cdk8s-construct:jestOptions=- defaults" time="0">
    </testcase>
    <testcase classname="all default values in docstrings are renderable JS values cdk8s-construct:keywords=undefined" name="all default values in docstrings are renderable JS values cdk8s-construct:keywords=undefined" time="0">
    </testcase>
    <testcase classname="all default values in docstrings are renderable JS values cdk8s-construct:libdir=&quot;lib&quot;" name="all default values in docstrings are renderable JS values cdk8s-construct:libdir=&quot;lib&quot;" time="0.001">
    </testcase>
    <testcase classname="all default values in docstrings are renderable JS values cdk8s-construct:license=undefined" name="all default values in docstrings are renderable JS values cdk8s-construct:license=undefined" time="0">
    </testcase>
    <testcase classname="all default values in docstrings are renderable JS values cdk8s-construct:maxNodeVersion=- no max" name="all default values in docstrings are renderable JS values cdk8s-construct:maxNodeVersion=- no max" time="0">
    </testcase>
    <testcase classname="all default values in docstrings are renderable JS values cdk8s-construct:mergify=true" name="all default values in docstrings are renderable JS values cdk8s-construct:mergify=true" time="0">
    </testcase>
    <testcase classname="all default values in docstrings are renderable JS values cdk8s-construct:mergifyAutoMergeLabel=&quot;auto-merge&quot;" name="all default values in docstrings are renderable JS values cdk8s-construct:mergifyAutoMergeLabel=&quot;auto-merge&quot;" time="0">
    </testcase>
    <testcase classname="all default values in docstrings are renderable JS values cdk8s-construct:mergifyOptions=- default options" name="all default values in docstrings are renderable JS values cdk8s-construct:mergifyOptions=- default options" time="0.001">
    </testcase>
    <testcase classname="all default values in docstrings are renderable JS values cdk8s-construct:minNodeVersion=- no &quot;engines&quot; specified" name="all default values in docstrings are renderable JS values cdk8s-construct:minNodeVersion=- no &quot;engines&quot; specified" time="0">
    </testcase>
    <testcase classname="all default values in docstrings are renderable JS values cdk8s-construct:name=$BASEDIR" name="all default values in docstrings are renderable JS values cdk8s-construct:name=$BASEDIR" time="0">
    </testcase>
    <testcase classname="all default values in docstrings are renderable JS values cdk8s-construct:npmDistTag=&quot;latest&quot;" name="all default values in docstrings are renderable JS values cdk8s-construct:npmDistTag=&quot;latest&quot;" time="0">
    </testcase>
    <testcase classname="all default values in docstrings are renderable JS values cdk8s-construct:npmignore=undefined" name="all default values in docstrings are renderable JS values cdk8s-construct:npmignore=undefined" time="0">
    </testcase>
    <testcase classname="all default values in docstrings are renderable JS values cdk8s-construct:npmignoreEnabled=true" name="all default values in docstrings are renderable JS values cdk8s-construct:npmignoreEnabled=true" time="0.001">
    </testcase>
    <testcase classname="all default values in docstrings are renderable JS values cdk8s-construct:npmRegistry=&quot;registry.npmjs.org&quot;" name="all default values in docstrings are renderable JS values cdk8s-construct:npmRegistry=&quot;registry.npmjs.org&quot;" time="0">
    </testcase>
    <testcase classname="all default values in docstrings are renderable JS values cdk8s-construct:npmTaskExecution=NpmTaskExecution.PROJEN" name="all default values in docstrings are renderable JS values cdk8s-construct:npmTaskExecution=NpmTaskExecution.PROJEN" time="0">
    </testcase>
    <testcase classname="all default values in docstrings are renderable JS values cdk8s-construct:outdir=&quot;.&quot;" name="all default values in docstrings are renderable JS values cdk8s-construct:outdir=&quot;.&quot;" time="0">
    </testcase>
    <testcase classname="all default values in docstrings are renderable JS values cdk8s-construct:packageManager=NodePackageManager.YARN" name="all default values in docstrings are renderable JS values cdk8s-construct:packageManager=NodePackageManager.YARN" time="0">
    </testcase>
    <testcase classname="all default values in docstrings are renderable JS values cdk8s-construct:parent=undefined" name="all default values in docstrings are renderable JS values cdk8s-construct:parent=undefined" time="0.001">
    </testcase>
    <testcase classname="all default values in docstrings are renderable JS values cdk8s-construct:peerDependencies=undefined" name="all default values in docstrings are renderable JS values cdk8s-construct:peerDependencies=undefined" time="0">
    </testcase>
    <testcase classname="all default values in docstrings are renderable JS values cdk8s-construct:peerDependencyOptions=undefined" name="all default values in docstrings are renderable JS values cdk8s-construct:peerDependencyOptions=undefined" time="0">
    </testcase>
    <testcase classname="all default values in docstrings are renderable JS values cdk8s-construct:peerDeps=[]" name="all default values in docstrings are renderable JS values cdk8s-construct:peerDeps=[]" time="0">
    </testcase>
    <testcase classname="all default values in docstrings are renderable JS values cdk8s-construct:projenCommand=&quot;npx projen&quot;" name="all default values in docstrings are renderable JS values cdk8s-construct:projenCommand=&quot;npx projen&quot;" time="0">
    </testcase>
    <testcase classname="all default values in docstrings are renderable JS values cdk8s-construct:projenDevDependency=true" name="all default values in docstrings are renderable JS values cdk8s-construct:projenDevDependency=true" time="0">
    </testcase>
    <testcase classname="all default values in docstrings are renderable JS values cdk8s-construct:projenUpgradeAutoMerge=- &quot;true&quot; if mergify auto-merge is enabled (default)" name="all default values in docstrings are renderable JS values cdk8s-construct:projenUpgradeAutoMerge=- &quot;true&quot; if mergify auto-merge is enabled (default)" time="0">
    </testcase>
    <testcase classname="all default values in docstrings are renderable JS values cdk8s-construct:projenUpgradeSchedule=[ &quot;0 6 * * *&quot; ]" name="all default values in docstrings are renderable JS values cdk8s-construct:projenUpgradeSchedule=[ &quot;0 6 * * *&quot; ]" time="0">
    </testcase>
    <testcase classname="all default values in docstrings are renderable JS values cdk8s-construct:projenUpgradeSecret=- no automatic projen upgrade pull requests" name="all default values in docstrings are renderable JS values cdk8s-construct:projenUpgradeSecret=- no automatic projen upgrade pull requests" time="0">
    </testcase>
    <testcase classname="all default values in docstrings are renderable JS values cdk8s-construct:projenVersion=Semver.latest()" name="all default values in docstrings are renderable JS values cdk8s-construct:projenVersion=Semver.latest()" time="0">
    </testcase>
    <testcase classname="all default values in docstrings are renderable JS values cdk8s-construct:pullRequestTemplate=true" name="all default values in docstrings are renderable JS values cdk8s-construct:pullRequestTemplate=true" time="0.001">
    </testcase>
    <testcase classname="all default values in docstrings are renderable JS values cdk8s-construct:pullRequestTemplateContents=- default content" name="all default values in docstrings are renderable JS values cdk8s-construct:pullRequestTemplateContents=- default content" time="0">
    </testcase>
    <testcase classname="all default values in docstrings are renderable JS values cdk8s-construct:python=undefined" name="all default values in docstrings are renderable JS values cdk8s-construct:python=undefined" time="0">
    </testcase>
    <testcase classname="all default values in docstrings are renderable JS values cdk8s-construct:rebuildBot=true" name="all default values in docstrings are renderable JS values cdk8s-construct:rebuildBot=true" time="0">
    </testcase>
    <testcase classname="all default values in docstrings are renderable JS values cdk8s-construct:rebuildBotCommand=&quot;rebuild&quot;" name="all default values in docstrings are renderable JS values cdk8s-construct:rebuildBotCommand=&quot;rebuild&quot;" time="0">
    </testcase>
    <testcase classname="all default values in docstrings are renderable JS values cdk8s-construct:releaseBranches=[ &quot;master&quot; ]" name="all default values in docstrings are renderable JS values cdk8s-construct:releaseBranches=[ &quot;master&quot; ]" time="0.001">
    </testcase>
    <testcase classname="all default values in docstrings are renderable JS values cdk8s-construct:releaseEveryCommit=true" name="all default values in docstrings are renderable JS values cdk8s-construct:releaseEveryCommit=true" time="0">
    </testcase>
    <testcase classname="all default values in docstrings are renderable JS values cdk8s-construct:releaseSchedule=- no scheduled releases" name="all default values in docstrings are renderable JS values cdk8s-construct:releaseSchedule=- no scheduled releases" time="0">
    </testcase>
    <testcase classname="all default values in docstrings are renderable JS values cdk8s-construct:releaseToNpm=false" name="all default values in docstrings are renderable JS values cdk8s-construct:releaseToNpm=false" time="0">
    </testcase>
    <testcase classname="all default values in docstrings are renderable JS values cdk8s-construct:releaseWorkflow=true" name="all default values in docstrings are renderable JS values cdk8s-construct:releaseWorkflow=true" time="0">
    </testcase>
    <testcase classname="all default values in docstrings are renderable JS values cdk8s-construct:repository=$GIT_REMOTE" name="all default values in docstrings are renderable JS values cdk8s-construct:repository=$GIT_REMOTE" time="0.001">
    </testcase>
    <testcase classname="all default values in docstrings are renderable JS values cdk8s-construct:rootdir=&quot;.&quot;" name="all default values in docstrings are renderable JS values cdk8s-construct:rootdir=&quot;.&quot;" time="0">
    </testcase>
    <testcase classname="all default values in docstrings are renderable JS values cdk8s-construct:scripts={}" name="all default values in docstrings are renderable JS values cdk8s-construct:scripts={}" time="0">
    </testcase>
    <testcase classname="all default values in docstrings are renderable JS values cdk8s-construct:srcdir=&quot;src&quot;" name="all default values in docstrings are renderable JS values cdk8s-construct:srcdir=&quot;src&quot;" time="0">
    </testcase>
    <testcase classname="all default values in docstrings are renderable JS values cdk8s-construct:stability=undefined" name="all default values in docstrings are renderable JS values cdk8s-construct:stability=undefined" time="0">
    </testcase>
    <testcase classname="all default values in docstrings are renderable JS values cdk8s-construct:testdir=&quot;test&quot;" name="all default values in docstrings are renderable JS values cdk8s-construct:testdir=&quot;test&quot;" time="0.001">
    </testcase>
    <testcase classname="all default values in docstrings are renderable JS values cdk8s-construct:workflowBootstrapSteps=&quot;yarn install --frozen-lockfile &amp;&amp; yarn projen&quot;" name="all default values in docstrings are renderable JS values cdk8s-construct:workflowBootstrapSteps=&quot;yarn install --frozen-lockfile &amp;&amp; yarn projen&quot;" time="0">
    </testcase>
    <testcase classname="all default values in docstrings are renderable JS values cdk8s-construct:workflowContainerImage=- default image" name="all default values in docstrings are renderable JS values cdk8s-construct:workflowContainerImage=- default image" time="0">
    </testcase>
    <testcase classname="all default values in docstrings are renderable JS values cdk8s-construct:workflowNodeVersion=- same as `minNodeVersion`" name="all default values in docstrings are renderable JS values cdk8s-construct:workflowNodeVersion=- same as `minNodeVersion`" time="0">
    </testcase>
    <testcase classname="all default values in docstrings are renderable JS values jsii:allowLibraryDependencies=true" name="all default values in docstrings are renderable JS values jsii:allowLibraryDependencies=true" time="0">
    </testcase>
    <testcase classname="all default values in docstrings are renderable JS values jsii:antitamper=true" name="all default values in docstrings are renderable JS values jsii:antitamper=true" time="0.001">
    </testcase>
    <testcase classname="all default values in docstrings are renderable JS values jsii:authorAddress=$GIT_USER_EMAIL" name="all default values in docstrings are renderable JS values jsii:authorAddress=$GIT_USER_EMAIL" time="0">
    </testcase>
    <testcase classname="all default values in docstrings are renderable JS values jsii:authorEmail=undefined" name="all default values in docstrings are renderable JS values jsii:authorEmail=undefined" time="0">
    </testcase>
    <testcase classname="all default values in docstrings are renderable JS values jsii:authorName=$GIT_USER_NAME" name="all default values in docstrings are renderable JS values jsii:authorName=$GIT_USER_NAME" time="0">
    </testcase>
    <testcase classname="all default values in docstrings are renderable JS values jsii:authorOrganization=undefined" name="all default values in docstrings are renderable JS values jsii:authorOrganization=undefined" time="0">
    </testcase>
    <testcase classname="all default values in docstrings are renderable JS values jsii:authorUrl=undefined" name="all default values in docstrings are renderable JS values jsii:authorUrl=undefined" time="0.001">
    </testcase>
    <testcase classname="all default values in docstrings are renderable JS values jsii:autoDetectBin=true" name="all default values in docstrings are renderable JS values jsii:autoDetectBin=true" time="0">
    </testcase>
    <testcase classname="all default values in docstrings are renderable JS values jsii:bin=undefined" name="all default values in docstrings are renderable JS values jsii:bin=undefined" time="0">
    </testcase>
    <testcase classname="all default values in docstrings are renderable JS values jsii:buildWorkflow=true" name="all default values in docstrings are renderable JS values jsii:buildWorkflow=true" time="0">
    </testcase>
    <testcase classname="all default values in docstrings are renderable JS values jsii:bundledDependencies=undefined" name="all default values in docstrings are renderable JS values jsii:bundledDependencies=undefined" time="0.001">
    </testcase>
    <testcase classname="all default values in docstrings are renderable JS values jsii:bundledDeps=undefined" name="all default values in docstrings are renderable JS values jsii:bundledDeps=undefined" time="0">
    </testcase>
    <testcase classname="all default values in docstrings are renderable JS values jsii:codeCov=false" name="all default values in docstrings are renderable JS values jsii:codeCov=false" time="0">
    </testcase>
    <testcase classname="all default values in docstrings are renderable JS values jsii:codeCovTokenSecret=- if this option is not specified, only public repositories are supported" name="all default values in docstrings are renderable JS values jsii:codeCovTokenSecret=- if this option is not specified, only public repositories are supported" time="0">
    </testcase>
    <testcase classname="all default values in docstrings are renderable JS values jsii:compat=false" name="all default values in docstrings are renderable JS values jsii:compat=false" time="0">
    </testcase>
    <testcase classname="all default values in docstrings are renderable JS values jsii:compatIgnore=&quot;.compatignore&quot;" name="all default values in docstrings are renderable JS values jsii:compatIgnore=&quot;.compatignore&quot;" time="0.001">
    </testcase>
    <testcase classname="all default values in docstrings are renderable JS values jsii:copyrightOwner=- defaults to the value of authorName or &quot;&quot; if `authorName` is undefined." name="all default values in docstrings are renderable JS values jsii:copyrightOwner=- defaults to the value of authorName or &quot;&quot; if `authorName` is undefined." time="0">
    </testcase>
    <testcase classname="all default values in docstrings are renderable JS values jsii:copyrightPeriod=- current year" name="all default values in docstrings are renderable JS values jsii:copyrightPeriod=- current year" time="0">
    </testcase>
    <testcase classname="all default values in docstrings are renderable JS values jsii:defaultReleaseBranch=&quot;master&quot;" name="all default values in docstrings are renderable JS values jsii:defaultReleaseBranch=&quot;master&quot;" time="0">
    </testcase>
    <testcase classname="all default values in docstrings are renderable JS values jsii:dependabot=true" name="all default values in docstrings are renderable JS values jsii:dependabot=true" time="0">
    </testcase>
    <testcase classname="all default values in docstrings are renderable JS values jsii:dependabotOptions=- default options" name="all default values in docstrings are renderable JS values jsii:dependabotOptions=- default options" time="0">
    </testcase>
    <testcase classname="all default values in docstrings are renderable JS values jsii:dependencies=undefined" name="all default values in docstrings are renderable JS values jsii:dependencies=undefined" time="0">
    </testcase>
    <testcase classname="all default values in docstrings are renderable JS values jsii:deps=[]" name="all default values in docstrings are renderable JS values jsii:deps=[]" time="0">
    </testcase>
    <testcase classname="all default values in docstrings are renderable JS values jsii:description=undefined" name="all default values in docstrings are renderable JS values jsii:description=undefined" time="0">
    </testcase>
    <testcase classname="all default values in docstrings are renderable JS values jsii:devDependencies=undefined" name="all default values in docstrings are renderable JS values jsii:devDependencies=undefined" time="0">
    </testcase>
    <testcase classname="all default values in docstrings are renderable JS values jsii:devDeps=[]" name="all default values in docstrings are renderable JS values jsii:devDeps=[]" time="0.001">
    </testcase>
    <testcase classname="all default values in docstrings are renderable JS values jsii:docgen=true" name="all default values in docstrings are renderable JS values jsii:docgen=true" time="0">
    </testcase>
    <testcase classname="all default values in docstrings are renderable JS values jsii:dotnet=undefined" name="all default values in docstrings are renderable JS values jsii:dotnet=undefined" time="0">
    </testcase>
    <testcase classname="all default values in docstrings are renderable JS values jsii:entrypoint=&quot;lib/index.js&quot;" name="all default values in docstrings are renderable JS values jsii:entrypoint=&quot;lib/index.js&quot;" time="0">
    </testcase>
    <testcase classname="all default values in docstrings are renderable JS values jsii:eslint=true" name="all default values in docstrings are renderable JS values jsii:eslint=true" time="0">
    </testcase>
    <testcase classname="all default values in docstrings are renderable JS values jsii:gitpod=false" name="all default values in docstrings are renderable JS values jsii:gitpod=false" time="0">
    </testcase>
    <testcase classname="all default values in docstrings are renderable JS values jsii:java=undefined" name="all default values in docstrings are renderable JS values jsii:java=undefined" time="0">
    </testcase>
    <testcase classname="all default values in docstrings are renderable JS values jsii:jest=true" name="all default values in docstrings are renderable JS values jsii:jest=true" time="0">
    </testcase>
    <testcase classname="all default values in docstrings are renderable JS values jsii:jestOptions=- defaults" name="all default values in docstrings are renderable JS values jsii:jestOptions=- defaults" time="0">
    </testcase>
    <testcase classname="all default values in docstrings are renderable JS values jsii:keywords=undefined" name="all default values in docstrings are renderable JS values jsii:keywords=undefined" time="0.001">
    </testcase>
    <testcase classname="all default values in docstrings are renderable JS values jsii:libdir=&quot;lib&quot;" name="all default values in docstrings are renderable JS values jsii:libdir=&quot;lib&quot;" time="0">
    </testcase>
    <testcase classname="all default values in docstrings are renderable JS values jsii:license=undefined" name="all default values in docstrings are renderable JS values jsii:license=undefined" time="0">
    </testcase>
    <testcase classname="all default values in docstrings are renderable JS values jsii:maxNodeVersion=- no max" name="all default values in docstrings are renderable JS values jsii:maxNodeVersion=- no max" time="0">
    </testcase>
    <testcase classname="all default values in docstrings are renderable JS values jsii:mergify=true" name="all default values in docstrings are renderable JS values jsii:mergify=true" time="0">
    </testcase>
    <testcase classname="all default values in docstrings are renderable JS values jsii:mergifyAutoMergeLabel=&quot;auto-merge&quot;" name="all default values in docstrings are renderable JS values jsii:mergifyAutoMergeLabel=&quot;auto-merge&quot;" time="0.001">
    </testcase>
    <testcase classname="all default values in docstrings are renderable JS values jsii:mergifyOptions=- default options" name="all default values in docstrings are renderable JS values jsii:mergifyOptions=- default options" time="0">
    </testcase>
    <testcase classname="all default values in docstrings are renderable JS values jsii:minNodeVersion=- no &quot;engines&quot; specified" name="all default values in docstrings are renderable JS values jsii:minNodeVersion=- no &quot;engines&quot; specified" time="0">
    </testcase>
    <testcase classname="all default values in docstrings are renderable JS values jsii:name=$BASEDIR" name="all default values in docstrings are renderable JS values jsii:name=$BASEDIR" time="0">
    </testcase>
    <testcase classname="all default values in docstrings are renderable JS values jsii:npmDistTag=&quot;latest&quot;" name="all default values in docstrings are renderable JS values jsii:npmDistTag=&quot;latest&quot;" time="0">
    </testcase>
    <testcase classname="all default values in docstrings are renderable JS values jsii:npmignore=undefined" name="all default values in docstrings are renderable JS values jsii:npmignore=undefined" time="0.001">
    </testcase>
    <testcase classname="all default values in docstrings are renderable JS values jsii:npmignoreEnabled=true" name="all default values in docstrings are renderable JS values jsii:npmignoreEnabled=true" time="0">
    </testcase>
    <testcase classname="all default values in docstrings are renderable JS values jsii:npmRegistry=&quot;registry.npmjs.org&quot;" name="all default values in docstrings are renderable JS values jsii:npmRegistry=&quot;registry.npmjs.org&quot;" time="0">
    </testcase>
    <testcase classname="all default values in docstrings are renderable JS values jsii:npmTaskExecution=NpmTaskExecution.PROJEN" name="all default values in docstrings are renderable JS values jsii:npmTaskExecution=NpmTaskExecution.PROJEN" time="0">
    </testcase>
    <testcase classname="all default values in docstrings are renderable JS values jsii:outdir=&quot;.&quot;" name="all default values in docstrings are renderable JS values jsii:outdir=&quot;.&quot;" time="0">
    </testcase>
    <testcase classname="all default values in docstrings are renderable JS values jsii:packageManager=NodePackageManager.YARN" name="all default values in docstrings are renderable JS values jsii:packageManager=NodePackageManager.YARN" time="0.001">
    </testcase>
    <testcase classname="all default values in docstrings are renderable JS values jsii:parent=undefined" name="all default values in docstrings are renderable JS values jsii:parent=undefined" time="0">
    </testcase>
    <testcase classname="all default values in docstrings are renderable JS values jsii:peerDependencies=undefined" name="all default values in docstrings are renderable JS values jsii:peerDependencies=undefined" time="0">
    </testcase>
    <testcase classname="all default values in docstrings are renderable JS values jsii:peerDependencyOptions=undefined" name="all default values in docstrings are renderable JS values jsii:peerDependencyOptions=undefined" time="0">
    </testcase>
    <testcase classname="all default values in docstrings are renderable JS values jsii:peerDeps=[]" name="all default values in docstrings are renderable JS values jsii:peerDeps=[]" time="0">
    </testcase>
    <testcase classname="all default values in docstrings are renderable JS values jsii:projenCommand=&quot;npx projen&quot;" name="all default values in docstrings are renderable JS values jsii:projenCommand=&quot;npx projen&quot;" time="0.001">
    </testcase>
    <testcase classname="all default values in docstrings are renderable JS values jsii:projenDevDependency=true" name="all default values in docstrings are renderable JS values jsii:projenDevDependency=true" time="0">
    </testcase>
    <testcase classname="all default values in docstrings are renderable JS values jsii:projenUpgradeAutoMerge=- &quot;true&quot; if mergify auto-merge is enabled (default)" name="all default values in docstrings are renderable JS values jsii:projenUpgradeAutoMerge=- &quot;true&quot; if mergify auto-merge is enabled (default)" time="0">
    </testcase>
    <testcase classname="all default values in docstrings are renderable JS values jsii:projenUpgradeSchedule=[ &quot;0 6 * * *&quot; ]" name="all default values in docstrings are renderable JS values jsii:projenUpgradeSchedule=[ &quot;0 6 * * *&quot; ]" time="0">
    </testcase>
    <testcase classname="all default values in docstrings are renderable JS values jsii:projenUpgradeSecret=- no automatic projen upgrade pull requests" name="all default values in docstrings are renderable JS values jsii:projenUpgradeSecret=- no automatic projen upgrade pull requests" time="0">
    </testcase>
    <testcase classname="all default values in docstrings are renderable JS values jsii:projenVersion=Semver.latest()" name="all default values in docstrings are renderable JS values jsii:projenVersion=Semver.latest()" time="0.001">
    </testcase>
    <testcase classname="all default values in docstrings are renderable JS values jsii:pullRequestTemplate=true" name="all default values in docstrings are renderable JS values jsii:pullRequestTemplate=true" time="0">
    </testcase>
    <testcase classname="all default values in docstrings are renderable JS values jsii:pullRequestTemplateContents=- default content" name="all default values in docstrings are renderable JS values jsii:pullRequestTemplateContents=- default content" time="0">
    </testcase>
    <testcase classname="all default values in docstrings are renderable JS values jsii:python=undefined" name="all default values in docstrings are renderable JS values jsii:python=undefined" time="0">
    </testcase>
    <testcase classname="all default values in docstrings are renderable JS values jsii:rebuildBot=true" name="all default values in docstrings are renderable JS values jsii:rebuildBot=true" time="0">
    </testcase>
    <testcase classname="all default values in docstrings are renderable JS values jsii:rebuildBotCommand=&quot;rebuild&quot;" name="all default values in docstrings are renderable JS values jsii:rebuildBotCommand=&quot;rebuild&quot;" time="0.001">
    </testcase>
    <testcase classname="all default values in docstrings are renderable JS values jsii:releaseBranches=[ &quot;master&quot; ]" name="all default values in docstrings are renderable JS values jsii:releaseBranches=[ &quot;master&quot; ]" time="0">
    </testcase>
    <testcase classname="all default values in docstrings are renderable JS values jsii:releaseEveryCommit=true" name="all default values in docstrings are renderable JS values jsii:releaseEveryCommit=true" time="0">
    </testcase>
    <testcase classname="all default values in docstrings are renderable JS values jsii:releaseSchedule=- no scheduled releases" name="all default values in docstrings are renderable JS values jsii:releaseSchedule=- no scheduled releases" time="0">
    </testcase>
    <testcase classname="all default values in docstrings are renderable JS values jsii:releaseToNpm=false" name="all default values in docstrings are renderable JS values jsii:releaseToNpm=false" time="0">
    </testcase>
    <testcase classname="all default values in docstrings are renderable JS values jsii:releaseWorkflow=true" name="all default values in docstrings are renderable JS values jsii:releaseWorkflow=true" time="0.001">
    </testcase>
    <testcase classname="all default values in docstrings are renderable JS values jsii:repository=$GIT_REMOTE" name="all default values in docstrings are renderable JS values jsii:repository=$GIT_REMOTE" time="0">
    </testcase>
    <testcase classname="all default values in docstrings are renderable JS values jsii:rootdir=&quot;.&quot;" name="all default values in docstrings are renderable JS values jsii:rootdir=&quot;.&quot;" time="0">
    </testcase>
    <testcase classname="all default values in docstrings are renderable JS values jsii:scripts={}" name="all default values in docstrings are renderable JS values jsii:scripts={}" time="0">
    </testcase>
    <testcase classname="all default values in docstrings are renderable JS values jsii:srcdir=&quot;src&quot;" name="all default values in docstrings are renderable JS values jsii:srcdir=&quot;src&quot;" time="0">
    </testcase>
    <testcase classname="all default values in docstrings are renderable JS values jsii:stability=undefined" name="all default values in docstrings are renderable JS values jsii:stability=undefined" time="0">
    </testcase>
    <testcase classname="all default values in docstrings are renderable JS values jsii:testdir=&quot;test&quot;" name="all default values in docstrings are renderable JS values jsii:testdir=&quot;test&quot;" time="0">
    </testcase>
    <testcase classname="all default values in docstrings are renderable JS values jsii:workflowBootstrapSteps=&quot;yarn install --frozen-lockfile &amp;&amp; yarn projen&quot;" name="all default values in docstrings are renderable JS values jsii:workflowBootstrapSteps=&quot;yarn install --frozen-lockfile &amp;&amp; yarn projen&quot;" time="0">
    </testcase>
    <testcase classname="all default values in docstrings are renderable JS values jsii:workflowContainerImage=- default image" name="all default values in docstrings are renderable JS values jsii:workflowContainerImage=- default image" time="0">
    </testcase>
    <testcase classname="all default values in docstrings are renderable JS values jsii:workflowNodeVersion=- same as `minNodeVersion`" name="all default values in docstrings are renderable JS values jsii:workflowNodeVersion=- same as `minNodeVersion`" time="0">
    </testcase>
    <testcase classname="all default values in docstrings are renderable JS values nextjs:allowLibraryDependencies=true" name="all default values in docstrings are renderable JS values nextjs:allowLibraryDependencies=true" time="0.001">
    </testcase>
    <testcase classname="all default values in docstrings are renderable JS values nextjs:antitamper=true" name="all default values in docstrings are renderable JS values nextjs:antitamper=true" time="0">
    </testcase>
    <testcase classname="all default values in docstrings are renderable JS values nextjs:assetsdir=&quot;public&quot;" name="all default values in docstrings are renderable JS values nextjs:assetsdir=&quot;public&quot;" time="0">
    </testcase>
    <testcase classname="all default values in docstrings are renderable JS values nextjs:authorEmail=undefined" name="all default values in docstrings are renderable JS values nextjs:authorEmail=undefined" time="0">
    </testcase>
    <testcase classname="all default values in docstrings are renderable JS values nextjs:authorName=undefined" name="all default values in docstrings are renderable JS values nextjs:authorName=undefined" time="0">
    </testcase>
    <testcase classname="all default values in docstrings are renderable JS values nextjs:authorOrganization=undefined" name="all default values in docstrings are renderable JS values nextjs:authorOrganization=undefined" time="0">
    </testcase>
    <testcase classname="all default values in docstrings are renderable JS values nextjs:authorUrl=undefined" name="all default values in docstrings are renderable JS values nextjs:authorUrl=undefined" time="0">
    </testcase>
    <testcase classname="all default values in docstrings are renderable JS values nextjs:autoDetectBin=true" name="all default values in docstrings are renderable JS values nextjs:autoDetectBin=true" time="0">
    </testcase>
    <testcase classname="all default values in docstrings are renderable JS values nextjs:bin=undefined" name="all default values in docstrings are renderable JS values nextjs:bin=undefined" time="0">
    </testcase>
    <testcase classname="all default values in docstrings are renderable JS values nextjs:buildWorkflow=true" name="all default values in docstrings are renderable JS values nextjs:buildWorkflow=true" time="0">
    </testcase>
    <testcase classname="all default values in docstrings are renderable JS values nextjs:bundledDependencies=undefined" name="all default values in docstrings are renderable JS values nextjs:bundledDependencies=undefined" time="0.001">
    </testcase>
    <testcase classname="all default values in docstrings are renderable JS values nextjs:bundledDeps=undefined" name="all default values in docstrings are renderable JS values nextjs:bundledDeps=undefined" time="0">
    </testcase>
    <testcase classname="all default values in docstrings are renderable JS values nextjs:codeCov=false" name="all default values in docstrings are renderable JS values nextjs:codeCov=false" time="0">
    </testcase>
    <testcase classname="all default values in docstrings are renderable JS values nextjs:codeCovTokenSecret=- if this option is not specified, only public repositories are supported" name="all default values in docstrings are renderable JS values nextjs:codeCovTokenSecret=- if this option is not specified, only public repositories are supported" time="0.004">
    </testcase>
    <testcase classname="all default values in docstrings are renderable JS values nextjs:copyrightOwner=- defaults to the value of authorName or &quot;&quot; if `authorName` is undefined." name="all default values in docstrings are renderable JS values nextjs:copyrightOwner=- defaults to the value of authorName or &quot;&quot; if `authorName` is undefined." time="0.001">
    </testcase>
    <testcase classname="all default values in docstrings are renderable JS values nextjs:copyrightPeriod=- current year" name="all default values in docstrings are renderable JS values nextjs:copyrightPeriod=- current year" time="0">
    </testcase>
    <testcase classname="all default values in docstrings are renderable JS values nextjs:defaultReleaseBranch=&quot;master&quot;" name="all default values in docstrings are renderable JS values nextjs:defaultReleaseBranch=&quot;master&quot;" time="0">
    </testcase>
    <testcase classname="all default values in docstrings are renderable JS values nextjs:dependabot=true" name="all default values in docstrings are renderable JS values nextjs:dependabot=true" time="0">
    </testcase>
    <testcase classname="all default values in docstrings are renderable JS values nextjs:dependabotOptions=- default options" name="all default values in docstrings are renderable JS values nextjs:dependabotOptions=- default options" time="0.001">
    </testcase>
    <testcase classname="all default values in docstrings are renderable JS values nextjs:dependencies=undefined" name="all default values in docstrings are renderable JS values nextjs:dependencies=undefined" time="0">
    </testcase>
    <testcase classname="all default values in docstrings are renderable JS values nextjs:deps=[]" name="all default values in docstrings are renderable JS values nextjs:deps=[]" time="0">
    </testcase>
    <testcase classname="all default values in docstrings are renderable JS values nextjs:description=undefined" name="all default values in docstrings are renderable JS values nextjs:description=undefined" time="0">
    </testcase>
    <testcase classname="all default values in docstrings are renderable JS values nextjs:devDependencies=undefined" name="all default values in docstrings are renderable JS values nextjs:devDependencies=undefined" time="0">
    </testcase>
    <testcase classname="all default values in docstrings are renderable JS values nextjs:devDeps=[]" name="all default values in docstrings are renderable JS values nextjs:devDeps=[]" time="0">
    </testcase>
    <testcase classname="all default values in docstrings are renderable JS values nextjs:entrypoint=&quot;lib/index.js&quot;" name="all default values in docstrings are renderable JS values nextjs:entrypoint=&quot;lib/index.js&quot;" time="0">
    </testcase>
    <testcase classname="all default values in docstrings are renderable JS values nextjs:gitignore=undefined" name="all default values in docstrings are renderable JS values nextjs:gitignore=undefined" time="0">
    </testcase>
    <testcase classname="all default values in docstrings are renderable JS values nextjs:gitpod=false" name="all default values in docstrings are renderable JS values nextjs:gitpod=false" time="0">
    </testcase>
    <testcase classname="all default values in docstrings are renderable JS values nextjs:homepage=undefined" name="all default values in docstrings are renderable JS values nextjs:homepage=undefined" time="0">
    </testcase>
    <testcase classname="all default values in docstrings are renderable JS values nextjs:jest=true" name="all default values in docstrings are renderable JS values nextjs:jest=true" time="0">
    </testcase>
    <testcase classname="all default values in docstrings are renderable JS values nextjs:jestOptions=- default options" name="all default values in docstrings are renderable JS values nextjs:jestOptions=- default options" time="0">
    </testcase>
    <testcase classname="all default values in docstrings are renderable JS values nextjs:keywords=undefined" name="all default values in docstrings are renderable JS values nextjs:keywords=undefined" time="0">
    </testcase>
    <testcase classname="all default values in docstrings are renderable JS values nextjs:libdir=&quot;lib&quot;" name="all default values in docstrings are renderable JS values nextjs:libdir=&quot;lib&quot;" time="0">
    </testcase>
    <testcase classname="all default values in docstrings are renderable JS values nextjs:license=undefined" name="all default values in docstrings are renderable JS values nextjs:license=undefined" time="0">
    </testcase>
    <testcase classname="all default values in docstrings are renderable JS values nextjs:licensed=true" name="all default values in docstrings are renderable JS values nextjs:licensed=true" time="0">
    </testcase>
    <testcase classname="all default values in docstrings are renderable JS values nextjs:maxNodeVersion=- no max" name="all default values in docstrings are renderable JS values nextjs:maxNodeVersion=- no max" time="0.001">
    </testcase>
    <testcase classname="all default values in docstrings are renderable JS values nextjs:mergify=true" name="all default values in docstrings are renderable JS values nextjs:mergify=true" time="0">
    </testcase>
    <testcase classname="all default values in docstrings are renderable JS values nextjs:mergifyAutoMergeLabel=&quot;auto-merge&quot;" name="all default values in docstrings are renderable JS values nextjs:mergifyAutoMergeLabel=&quot;auto-merge&quot;" time="0">
    </testcase>
    <testcase classname="all default values in docstrings are renderable JS values nextjs:mergifyOptions=- default options" name="all default values in docstrings are renderable JS values nextjs:mergifyOptions=- default options" time="0">
    </testcase>
    <testcase classname="all default values in docstrings are renderable JS values nextjs:minNodeVersion=- no &quot;engines&quot; specified" name="all default values in docstrings are renderable JS values nextjs:minNodeVersion=- no &quot;engines&quot; specified" time="0">
    </testcase>
    <testcase classname="all default values in docstrings are renderable JS values nextjs:name=$BASEDIR" name="all default values in docstrings are renderable JS values nextjs:name=$BASEDIR" time="0.001">
    </testcase>
    <testcase classname="all default values in docstrings are renderable JS values nextjs:npmDistTag=&quot;latest&quot;" name="all default values in docstrings are renderable JS values nextjs:npmDistTag=&quot;latest&quot;" time="0">
    </testcase>
    <testcase classname="all default values in docstrings are renderable JS values nextjs:npmignore=undefined" name="all default values in docstrings are renderable JS values nextjs:npmignore=undefined" time="0">
    </testcase>
    <testcase classname="all default values in docstrings are renderable JS values nextjs:npmignoreEnabled=true" name="all default values in docstrings are renderable JS values nextjs:npmignoreEnabled=true" time="0">
    </testcase>
    <testcase classname="all default values in docstrings are renderable JS values nextjs:npmRegistry=&quot;registry.npmjs.org&quot;" name="all default values in docstrings are renderable JS values nextjs:npmRegistry=&quot;registry.npmjs.org&quot;" time="0">
    </testcase>
    <testcase classname="all default values in docstrings are renderable JS values nextjs:npmTaskExecution=NpmTaskExecution.PROJEN" name="all default values in docstrings are renderable JS values nextjs:npmTaskExecution=NpmTaskExecution.PROJEN" time="0.001">
    </testcase>
    <testcase classname="all default values in docstrings are renderable JS values nextjs:outdir=&quot;.&quot;" name="all default values in docstrings are renderable JS values nextjs:outdir=&quot;.&quot;" time="0">
    </testcase>
    <testcase classname="all default values in docstrings are renderable JS values nextjs:packageManager=NodePackageManager.YARN" name="all default values in docstrings are renderable JS values nextjs:packageManager=NodePackageManager.YARN" time="0">
    </testcase>
    <testcase classname="all default values in docstrings are renderable JS values nextjs:parent=undefined" name="all default values in docstrings are renderable JS values nextjs:parent=undefined" time="0">
    </testcase>
    <testcase classname="all default values in docstrings are renderable JS values nextjs:peerDependencies=undefined" name="all default values in docstrings are renderable JS values nextjs:peerDependencies=undefined" time="0">
    </testcase>
    <testcase classname="all default values in docstrings are renderable JS values nextjs:peerDependencyOptions=undefined" name="all default values in docstrings are renderable JS values nextjs:peerDependencyOptions=undefined" time="0.001">
    </testcase>
    <testcase classname="all default values in docstrings are renderable JS values nextjs:peerDeps=[]" name="all default values in docstrings are renderable JS values nextjs:peerDeps=[]" time="0">
    </testcase>
    <testcase classname="all default values in docstrings are renderable JS values nextjs:projenCommand=&quot;npx projen&quot;" name="all default values in docstrings are renderable JS values nextjs:projenCommand=&quot;npx projen&quot;" time="0">
    </testcase>
    <testcase classname="all default values in docstrings are renderable JS values nextjs:projenDevDependency=true" name="all default values in docstrings are renderable JS values nextjs:projenDevDependency=true" time="0">
    </testcase>
    <testcase classname="all default values in docstrings are renderable JS values nextjs:projenUpgradeAutoMerge=- &quot;true&quot; if mergify auto-merge is enabled (default)" name="all default values in docstrings are renderable JS values nextjs:projenUpgradeAutoMerge=- &quot;true&quot; if mergify auto-merge is enabled (default)" time="0">
    </testcase>
    <testcase classname="all default values in docstrings are renderable JS values nextjs:projenUpgradeSchedule=[ &quot;0 6 * * *&quot; ]" name="all default values in docstrings are renderable JS values nextjs:projenUpgradeSchedule=[ &quot;0 6 * * *&quot; ]" time="0">
    </testcase>
    <testcase classname="all default values in docstrings are renderable JS values nextjs:projenUpgradeSecret=- no automatic projen upgrade pull requests" name="all default values in docstrings are renderable JS values nextjs:projenUpgradeSecret=- no automatic projen upgrade pull requests" time="0">
    </testcase>
    <testcase classname="all default values in docstrings are renderable JS values nextjs:projenVersion=Semver.latest()" name="all default values in docstrings are renderable JS values nextjs:projenVersion=Semver.latest()" time="0">
    </testcase>
    <testcase classname="all default values in docstrings are renderable JS values nextjs:pullRequestTemplate=true" name="all default values in docstrings are renderable JS values nextjs:pullRequestTemplate=true" time="0">
    </testcase>
    <testcase classname="all default values in docstrings are renderable JS values nextjs:pullRequestTemplateContents=- default content" name="all default values in docstrings are renderable JS values nextjs:pullRequestTemplateContents=- default content" time="0">
    </testcase>
    <testcase classname="all default values in docstrings are renderable JS values nextjs:rebuildBot=true" name="all default values in docstrings are renderable JS values nextjs:rebuildBot=true" time="0">
    </testcase>
    <testcase classname="all default values in docstrings are renderable JS values nextjs:rebuildBotCommand=&quot;rebuild&quot;" name="all default values in docstrings are renderable JS values nextjs:rebuildBotCommand=&quot;rebuild&quot;" time="0">
    </testcase>
    <testcase classname="all default values in docstrings are renderable JS values nextjs:releaseBranches=[ &quot;master&quot; ]" name="all default values in docstrings are renderable JS values nextjs:releaseBranches=[ &quot;master&quot; ]" time="0">
    </testcase>
    <testcase classname="all default values in docstrings are renderable JS values nextjs:releaseEveryCommit=true" name="all default values in docstrings are renderable JS values nextjs:releaseEveryCommit=true" time="0">
    </testcase>
    <testcase classname="all default values in docstrings are renderable JS values nextjs:releaseSchedule=- no scheduled releases" name="all default values in docstrings are renderable JS values nextjs:releaseSchedule=- no scheduled releases" time="0.001">
    </testcase>
    <testcase classname="all default values in docstrings are renderable JS values nextjs:releaseToNpm=false" name="all default values in docstrings are renderable JS values nextjs:releaseToNpm=false" time="0">
    </testcase>
    <testcase classname="all default values in docstrings are renderable JS values nextjs:releaseWorkflow=true" name="all default values in docstrings are renderable JS values nextjs:releaseWorkflow=true" time="0">
    </testcase>
    <testcase classname="all default values in docstrings are renderable JS values nextjs:repository=undefined" name="all default values in docstrings are renderable JS values nextjs:repository=undefined" time="0">
    </testcase>
    <testcase classname="all default values in docstrings are renderable JS values nextjs:repositoryDirectory=undefined" name="all default values in docstrings are renderable JS values nextjs:repositoryDirectory=undefined" time="0">
    </testcase>
    <testcase classname="all default values in docstrings are renderable JS values nextjs:sampleCode=true" name="all default values in docstrings are renderable JS values nextjs:sampleCode=true" time="0.001">
    </testcase>
    <testcase classname="all default values in docstrings are renderable JS values nextjs:scripts={}" name="all default values in docstrings are renderable JS values nextjs:scripts={}" time="0">
    </testcase>
    <testcase classname="all default values in docstrings are renderable JS values nextjs:srcdir=&quot;src&quot;" name="all default values in docstrings are renderable JS values nextjs:srcdir=&quot;src&quot;" time="0">
    </testcase>
    <testcase classname="all default values in docstrings are renderable JS values nextjs:stability=undefined" name="all default values in docstrings are renderable JS values nextjs:stability=undefined" time="0">
    </testcase>
    <testcase classname="all default values in docstrings are renderable JS values nextjs:tailwind=true" name="all default values in docstrings are renderable JS values nextjs:tailwind=true" time="0">
    </testcase>
    <testcase classname="all default values in docstrings are renderable JS values nextjs:testdir=&quot;test&quot;" name="all default values in docstrings are renderable JS values nextjs:testdir=&quot;test&quot;" time="0.001">
    </testcase>
    <testcase classname="all default values in docstrings are renderable JS values nextjs:workflowBootstrapSteps=&quot;yarn install --frozen-lockfile &amp;&amp; yarn projen&quot;" name="all default values in docstrings are renderable JS values nextjs:workflowBootstrapSteps=&quot;yarn install --frozen-lockfile &amp;&amp; yarn projen&quot;" time="0">
    </testcase>
    <testcase classname="all default values in docstrings are renderable JS values nextjs:workflowContainerImage=- default image" name="all default values in docstrings are renderable JS values nextjs:workflowContainerImage=- default image" time="0">
    </testcase>
    <testcase classname="all default values in docstrings are renderable JS values nextjs:workflowNodeVersion=- same as `minNodeVersion`" name="all default values in docstrings are renderable JS values nextjs:workflowNodeVersion=- same as `minNodeVersion`" time="0">
    </testcase>
    <testcase classname="all default values in docstrings are renderable JS values nextjs-ts:allowLibraryDependencies=true" name="all default values in docstrings are renderable JS values nextjs-ts:allowLibraryDependencies=true" time="0">
    </testcase>
    <testcase classname="all default values in docstrings are renderable JS values nextjs-ts:antitamper=true" name="all default values in docstrings are renderable JS values nextjs-ts:antitamper=true" time="0">
    </testcase>
    <testcase classname="all default values in docstrings are renderable JS values nextjs-ts:assetsdir=&quot;public&quot;" name="all default values in docstrings are renderable JS values nextjs-ts:assetsdir=&quot;public&quot;" time="0">
    </testcase>
    <testcase classname="all default values in docstrings are renderable JS values nextjs-ts:authorEmail=undefined" name="all default values in docstrings are renderable JS values nextjs-ts:authorEmail=undefined" time="0">
    </testcase>
    <testcase classname="all default values in docstrings are renderable JS values nextjs-ts:authorName=undefined" name="all default values in docstrings are renderable JS values nextjs-ts:authorName=undefined" time="0">
    </testcase>
    <testcase classname="all default values in docstrings are renderable JS values nextjs-ts:authorOrganization=undefined" name="all default values in docstrings are renderable JS values nextjs-ts:authorOrganization=undefined" time="0.001">
    </testcase>
    <testcase classname="all default values in docstrings are renderable JS values nextjs-ts:authorUrl=undefined" name="all default values in docstrings are renderable JS values nextjs-ts:authorUrl=undefined" time="0">
    </testcase>
    <testcase classname="all default values in docstrings are renderable JS values nextjs-ts:autoDetectBin=true" name="all default values in docstrings are renderable JS values nextjs-ts:autoDetectBin=true" time="0">
    </testcase>
    <testcase classname="all default values in docstrings are renderable JS values nextjs-ts:bin=undefined" name="all default values in docstrings are renderable JS values nextjs-ts:bin=undefined" time="0">
    </testcase>
    <testcase classname="all default values in docstrings are renderable JS values nextjs-ts:buildWorkflow=true" name="all default values in docstrings are renderable JS values nextjs-ts:buildWorkflow=true" time="0">
    </testcase>
    <testcase classname="all default values in docstrings are renderable JS values nextjs-ts:bundledDependencies=undefined" name="all default values in docstrings are renderable JS values nextjs-ts:bundledDependencies=undefined" time="0.001">
    </testcase>
    <testcase classname="all default values in docstrings are renderable JS values nextjs-ts:bundledDeps=undefined" name="all default values in docstrings are renderable JS values nextjs-ts:bundledDeps=undefined" time="0">
    </testcase>
    <testcase classname="all default values in docstrings are renderable JS values nextjs-ts:codeCov=false" name="all default values in docstrings are renderable JS values nextjs-ts:codeCov=false" time="0">
    </testcase>
    <testcase classname="all default values in docstrings are renderable JS values nextjs-ts:codeCovTokenSecret=- if this option is not specified, only public repositories are supported" name="all default values in docstrings are renderable JS values nextjs-ts:codeCovTokenSecret=- if this option is not specified, only public repositories are supported" time="0">
    </testcase>
    <testcase classname="all default values in docstrings are renderable JS values nextjs-ts:compileBeforeTest=- the default behavior is to delete the lib/ directory and run
jest typescript tests and only if all tests pass, run the compiler." name="all default values in docstrings are renderable JS values nextjs-ts:compileBeforeTest=- the default behavior is to delete the lib/ directory and run
jest typescript tests and only if all tests pass, run the compiler." time="0">
    </testcase>
    <testcase classname="all default values in docstrings are renderable JS values nextjs-ts:copyrightOwner=- defaults to the value of authorName or &quot;&quot; if `authorName` is undefined." name="all default values in docstrings are renderable JS values nextjs-ts:copyrightOwner=- defaults to the value of authorName or &quot;&quot; if `authorName` is undefined." time="0">
    </testcase>
    <testcase classname="all default values in docstrings are renderable JS values nextjs-ts:copyrightPeriod=- current year" name="all default values in docstrings are renderable JS values nextjs-ts:copyrightPeriod=- current year" time="0.001">
    </testcase>
    <testcase classname="all default values in docstrings are renderable JS values nextjs-ts:defaultReleaseBranch=&quot;master&quot;" name="all default values in docstrings are renderable JS values nextjs-ts:defaultReleaseBranch=&quot;master&quot;" time="0">
    </testcase>
    <testcase classname="all default values in docstrings are renderable JS values nextjs-ts:dependabot=true" name="all default values in docstrings are renderable JS values nextjs-ts:dependabot=true" time="0">
    </testcase>
    <testcase classname="all default values in docstrings are renderable JS values nextjs-ts:dependabotOptions=- default options" name="all default values in docstrings are renderable JS values nextjs-ts:dependabotOptions=- default options" time="0">
    </testcase>
    <testcase classname="all default values in docstrings are renderable JS values nextjs-ts:dependencies=undefined" name="all default values in docstrings are renderable JS values nextjs-ts:dependencies=undefined" time="0.001">
    </testcase>
    <testcase classname="all default values in docstrings are renderable JS values nextjs-ts:deps=[]" name="all default values in docstrings are renderable JS values nextjs-ts:deps=[]" time="0">
    </testcase>
    <testcase classname="all default values in docstrings are renderable JS values nextjs-ts:description=undefined" name="all default values in docstrings are renderable JS values nextjs-ts:description=undefined" time="0">
    </testcase>
    <testcase classname="all default values in docstrings are renderable JS values nextjs-ts:devDependencies=undefined" name="all default values in docstrings are renderable JS values nextjs-ts:devDependencies=undefined" time="0">
    </testcase>
    <testcase classname="all default values in docstrings are renderable JS values nextjs-ts:devDeps=[]" name="all default values in docstrings are renderable JS values nextjs-ts:devDeps=[]" time="0">
    </testcase>
    <testcase classname="all default values in docstrings are renderable JS values nextjs-ts:disableTsconfig=false" name="all default values in docstrings are renderable JS values nextjs-ts:disableTsconfig=false" time="0">
    </testcase>
    <testcase classname="all default values in docstrings are renderable JS values nextjs-ts:docgen=false" name="all default values in docstrings are renderable JS values nextjs-ts:docgen=false" time="0.001">
    </testcase>
    <testcase classname="all default values in docstrings are renderable JS values nextjs-ts:docsDirectory=&quot;docs&quot;" name="all default values in docstrings are renderable JS values nextjs-ts:docsDirectory=&quot;docs&quot;" time="0">
    </testcase>
    <testcase classname="all default values in docstrings are renderable JS values nextjs-ts:entrypoint=&quot;lib/index.js&quot;" name="all default values in docstrings are renderable JS values nextjs-ts:entrypoint=&quot;lib/index.js&quot;" time="0">
    </testcase>
    <testcase classname="all default values in docstrings are renderable JS values nextjs-ts:entrypointTypes=- .d.ts file derived from the project&apos;s entrypoint (usually lib/index.d.ts)" name="all default values in docstrings are renderable JS values nextjs-ts:entrypointTypes=- .d.ts file derived from the project&apos;s entrypoint (usually lib/index.d.ts)" time="0">
    </testcase>
    <testcase classname="all default values in docstrings are renderable JS values nextjs-ts:eslint=true" name="all default values in docstrings are renderable JS values nextjs-ts:eslint=true" time="0">
    </testcase>
    <testcase classname="all default values in docstrings are renderable JS values nextjs-ts:eslintOptions=- opinionated default options" name="all default values in docstrings are renderable JS values nextjs-ts:eslintOptions=- opinionated default options" time="0.001">
    </testcase>
    <testcase classname="all default values in docstrings are renderable JS values nextjs-ts:gitignore=undefined" name="all default values in docstrings are renderable JS values nextjs-ts:gitignore=undefined" time="0">
    </testcase>
    <testcase classname="all default values in docstrings are renderable JS values nextjs-ts:gitpod=false" name="all default values in docstrings are renderable JS values nextjs-ts:gitpod=false" time="0">
    </testcase>
    <testcase classname="all default values in docstrings are renderable JS values nextjs-ts:homepage=undefined" name="all default values in docstrings are renderable JS values nextjs-ts:homepage=undefined" time="0">
    </testcase>
    <testcase classname="all default values in docstrings are renderable JS values nextjs-ts:jest=true" name="all default values in docstrings are renderable JS values nextjs-ts:jest=true" time="0">
    </testcase>
    <testcase classname="all default values in docstrings are renderable JS values nextjs-ts:jestOptions=- default options" name="all default values in docstrings are renderable JS values nextjs-ts:jestOptions=- default options" time="0">
    </testcase>
    <testcase classname="all default values in docstrings are renderable JS values nextjs-ts:keywords=undefined" name="all default values in docstrings are renderable JS values nextjs-ts:keywords=undefined" time="0">
    </testcase>
    <testcase classname="all default values in docstrings are renderable JS values nextjs-ts:libdir=&quot;lib&quot;" name="all default values in docstrings are renderable JS values nextjs-ts:libdir=&quot;lib&quot;" time="0">
    </testcase>
    <testcase classname="all default values in docstrings are renderable JS values nextjs-ts:license=undefined" name="all default values in docstrings are renderable JS values nextjs-ts:license=undefined" time="0">
    </testcase>
    <testcase classname="all default values in docstrings are renderable JS values nextjs-ts:licensed=true" name="all default values in docstrings are renderable JS values nextjs-ts:licensed=true" time="0">
    </testcase>
    <testcase classname="all default values in docstrings are renderable JS values nextjs-ts:maxNodeVersion=- no max" name="all default values in docstrings are renderable JS values nextjs-ts:maxNodeVersion=- no max" time="0">
    </testcase>
    <testcase classname="all default values in docstrings are renderable JS values nextjs-ts:mergify=true" name="all default values in docstrings are renderable JS values nextjs-ts:mergify=true" time="0.001">
    </testcase>
    <testcase classname="all default values in docstrings are renderable JS values nextjs-ts:mergifyAutoMergeLabel=&quot;auto-merge&quot;" name="all default values in docstrings are renderable JS values nextjs-ts:mergifyAutoMergeLabel=&quot;auto-merge&quot;" time="0">
    </testcase>
    <testcase classname="all default values in docstrings are renderable JS values nextjs-ts:mergifyOptions=- default options" name="all default values in docstrings are renderable JS values nextjs-ts:mergifyOptions=- default options" time="0">
    </testcase>
    <testcase classname="all default values in docstrings are renderable JS values nextjs-ts:minNodeVersion=- no &quot;engines&quot; specified" name="all default values in docstrings are renderable JS values nextjs-ts:minNodeVersion=- no &quot;engines&quot; specified" time="0">
    </testcase>
    <testcase classname="all default values in docstrings are renderable JS values nextjs-ts:name=$BASEDIR" name="all default values in docstrings are renderable JS values nextjs-ts:name=$BASEDIR" time="0">
    </testcase>
    <testcase classname="all default values in docstrings are renderable JS values nextjs-ts:npmDistTag=&quot;latest&quot;" name="all default values in docstrings are renderable JS values nextjs-ts:npmDistTag=&quot;latest&quot;" time="0.001">
    </testcase>
    <testcase classname="all default values in docstrings are renderable JS values nextjs-ts:npmignore=undefined" name="all default values in docstrings are renderable JS values nextjs-ts:npmignore=undefined" time="0">
    </testcase>
    <testcase classname="all default values in docstrings are renderable JS values nextjs-ts:npmignoreEnabled=true" name="all default values in docstrings are renderable JS values nextjs-ts:npmignoreEnabled=true" time="0">
    </testcase>
    <testcase classname="all default values in docstrings are renderable JS values nextjs-ts:npmRegistry=&quot;registry.npmjs.org&quot;" name="all default values in docstrings are renderable JS values nextjs-ts:npmRegistry=&quot;registry.npmjs.org&quot;" time="0">
    </testcase>
    <testcase classname="all default values in docstrings are renderable JS values nextjs-ts:npmTaskExecution=NpmTaskExecution.PROJEN" name="all default values in docstrings are renderable JS values nextjs-ts:npmTaskExecution=NpmTaskExecution.PROJEN" time="0">
    </testcase>
    <testcase classname="all default values in docstrings are renderable JS values nextjs-ts:outdir=&quot;.&quot;" name="all default values in docstrings are renderable JS values nextjs-ts:outdir=&quot;.&quot;" time="0.001">
    </testcase>
    <testcase classname="all default values in docstrings are renderable JS values nextjs-ts:package=true" name="all default values in docstrings are renderable JS values nextjs-ts:package=true" time="0">
    </testcase>
    <testcase classname="all default values in docstrings are renderable JS values nextjs-ts:packageManager=NodePackageManager.YARN" name="all default values in docstrings are renderable JS values nextjs-ts:packageManager=NodePackageManager.YARN" time="0">
    </testcase>
    <testcase classname="all default values in docstrings are renderable JS values nextjs-ts:parent=undefined" name="all default values in docstrings are renderable JS values nextjs-ts:parent=undefined" time="0">
    </testcase>
    <testcase classname="all default values in docstrings are renderable JS values nextjs-ts:peerDependencies=undefined" name="all default values in docstrings are renderable JS values nextjs-ts:peerDependencies=undefined" time="0">
    </testcase>
    <testcase classname="all default values in docstrings are renderable JS values nextjs-ts:peerDependencyOptions=undefined" name="all default values in docstrings are renderable JS values nextjs-ts:peerDependencyOptions=undefined" time="0.001">
    </testcase>
    <testcase classname="all default values in docstrings are renderable JS values nextjs-ts:peerDeps=[]" name="all default values in docstrings are renderable JS values nextjs-ts:peerDeps=[]" time="0">
    </testcase>
    <testcase classname="all default values in docstrings are renderable JS values nextjs-ts:projenCommand=&quot;npx projen&quot;" name="all default values in docstrings are renderable JS values nextjs-ts:projenCommand=&quot;npx projen&quot;" time="0">
    </testcase>
    <testcase classname="all default values in docstrings are renderable JS values nextjs-ts:projenDevDependency=true" name="all default values in docstrings are renderable JS values nextjs-ts:projenDevDependency=true" time="0">
    </testcase>
    <testcase classname="all default values in docstrings are renderable JS values nextjs-ts:projenUpgradeAutoMerge=- &quot;true&quot; if mergify auto-merge is enabled (default)" name="all default values in docstrings are renderable JS values nextjs-ts:projenUpgradeAutoMerge=- &quot;true&quot; if mergify auto-merge is enabled (default)" time="0">
    </testcase>
    <testcase classname="all default values in docstrings are renderable JS values nextjs-ts:projenUpgradeSchedule=[ &quot;0 6 * * *&quot; ]" name="all default values in docstrings are renderable JS values nextjs-ts:projenUpgradeSchedule=[ &quot;0 6 * * *&quot; ]" time="0.001">
    </testcase>
    <testcase classname="all default values in docstrings are renderable JS values nextjs-ts:projenUpgradeSecret=- no automatic projen upgrade pull requests" name="all default values in docstrings are renderable JS values nextjs-ts:projenUpgradeSecret=- no automatic projen upgrade pull requests" time="0">
    </testcase>
    <testcase classname="all default values in docstrings are renderable JS values nextjs-ts:projenVersion=Semver.latest()" name="all default values in docstrings are renderable JS values nextjs-ts:projenVersion=Semver.latest()" time="0">
    </testcase>
    <testcase classname="all default values in docstrings are renderable JS values nextjs-ts:pullRequestTemplate=true" name="all default values in docstrings are renderable JS values nextjs-ts:pullRequestTemplate=true" time="0">
    </testcase>
    <testcase classname="all default values in docstrings are renderable JS values nextjs-ts:pullRequestTemplateContents=- default content" name="all default values in docstrings are renderable JS values nextjs-ts:pullRequestTemplateContents=- default content" time="0">
    </testcase>
    <testcase classname="all default values in docstrings are renderable JS values nextjs-ts:rebuildBot=true" name="all default values in docstrings are renderable JS values nextjs-ts:rebuildBot=true" time="0">
    </testcase>
    <testcase classname="all default values in docstrings are renderable JS values nextjs-ts:rebuildBotCommand=&quot;rebuild&quot;" name="all default values in docstrings are renderable JS values nextjs-ts:rebuildBotCommand=&quot;rebuild&quot;" time="0">
    </testcase>
    <testcase classname="all default values in docstrings are renderable JS values nextjs-ts:releaseBranches=[ &quot;master&quot; ]" name="all default values in docstrings are renderable JS values nextjs-ts:releaseBranches=[ &quot;master&quot; ]" time="0">
    </testcase>
    <testcase classname="all default values in docstrings are renderable JS values nextjs-ts:releaseEveryCommit=true" name="all default values in docstrings are renderable JS values nextjs-ts:releaseEveryCommit=true" time="0">
    </testcase>
    <testcase classname="all default values in docstrings are renderable JS values nextjs-ts:releaseSchedule=- no scheduled releases" name="all default values in docstrings are renderable JS values nextjs-ts:releaseSchedule=- no scheduled releases" time="0">
    </testcase>
    <testcase classname="all default values in docstrings are renderable JS values nextjs-ts:releaseToNpm=false" name="all default values in docstrings are renderable JS values nextjs-ts:releaseToNpm=false" time="0.001">
    </testcase>
    <testcase classname="all default values in docstrings are renderable JS values nextjs-ts:releaseWorkflow=true" name="all default values in docstrings are renderable JS values nextjs-ts:releaseWorkflow=true" time="0">
    </testcase>
    <testcase classname="all default values in docstrings are renderable JS values nextjs-ts:repository=undefined" name="all default values in docstrings are renderable JS values nextjs-ts:repository=undefined" time="0">
    </testcase>
    <testcase classname="all default values in docstrings are renderable JS values nextjs-ts:repositoryDirectory=undefined" name="all default values in docstrings are renderable JS values nextjs-ts:repositoryDirectory=undefined" time="0">
    </testcase>
    <testcase classname="all default values in docstrings are renderable JS values nextjs-ts:sampleCode=true" name="all default values in docstrings are renderable JS values nextjs-ts:sampleCode=true" time="0">
    </testcase>
    <testcase classname="all default values in docstrings are renderable JS values nextjs-ts:scripts={}" name="all default values in docstrings are renderable JS values nextjs-ts:scripts={}" time="0">
    </testcase>
    <testcase classname="all default values in docstrings are renderable JS values nextjs-ts:srcdir=&quot;src&quot;" name="all default values in docstrings are renderable JS values nextjs-ts:srcdir=&quot;src&quot;" time="0">
    </testcase>
    <testcase classname="all default values in docstrings are renderable JS values nextjs-ts:stability=undefined" name="all default values in docstrings are renderable JS values nextjs-ts:stability=undefined" time="0">
    </testcase>
    <testcase classname="all default values in docstrings are renderable JS values nextjs-ts:tailwind=true" name="all default values in docstrings are renderable JS values nextjs-ts:tailwind=true" time="0">
    </testcase>
    <testcase classname="all default values in docstrings are renderable JS values nextjs-ts:testdir=&quot;test&quot;" name="all default values in docstrings are renderable JS values nextjs-ts:testdir=&quot;test&quot;" time="0">
    </testcase>
    <testcase classname="all default values in docstrings are renderable JS values nextjs-ts:tsconfig=undefined" name="all default values in docstrings are renderable JS values nextjs-ts:tsconfig=undefined" time="0.001">
    </testcase>
    <testcase classname="all default values in docstrings are renderable JS values nextjs-ts:typescriptVersion=&quot;^3.9.5&quot;" name="all default values in docstrings are renderable JS values nextjs-ts:typescriptVersion=&quot;^3.9.5&quot;" time="0">
    </testcase>
    <testcase classname="all default values in docstrings are renderable JS values nextjs-ts:workflowBootstrapSteps=&quot;yarn install --frozen-lockfile &amp;&amp; yarn projen&quot;" name="all default values in docstrings are renderable JS values nextjs-ts:workflowBootstrapSteps=&quot;yarn install --frozen-lockfile &amp;&amp; yarn projen&quot;" time="0">
    </testcase>
    <testcase classname="all default values in docstrings are renderable JS values nextjs-ts:workflowContainerImage=- default image" name="all default values in docstrings are renderable JS values nextjs-ts:workflowContainerImage=- default image" time="0.001">
    </testcase>
    <testcase classname="all default values in docstrings are renderable JS values nextjs-ts:workflowNodeVersion=- same as `minNodeVersion`" name="all default values in docstrings are renderable JS values nextjs-ts:workflowNodeVersion=- same as `minNodeVersion`" time="0">
    </testcase>
    <testcase classname="all default values in docstrings are renderable JS values node:allowLibraryDependencies=true" name="all default values in docstrings are renderable JS values node:allowLibraryDependencies=true" time="0">
    </testcase>
    <testcase classname="all default values in docstrings are renderable JS values node:antitamper=true" name="all default values in docstrings are renderable JS values node:antitamper=true" time="0">
    </testcase>
    <testcase classname="all default values in docstrings are renderable JS values node:authorEmail=undefined" name="all default values in docstrings are renderable JS values node:authorEmail=undefined" time="0">
    </testcase>
    <testcase classname="all default values in docstrings are renderable JS values node:authorName=undefined" name="all default values in docstrings are renderable JS values node:authorName=undefined" time="0.001">
    </testcase>
    <testcase classname="all default values in docstrings are renderable JS values node:authorOrganization=undefined" name="all default values in docstrings are renderable JS values node:authorOrganization=undefined" time="0">
    </testcase>
    <testcase classname="all default values in docstrings are renderable JS values node:authorUrl=undefined" name="all default values in docstrings are renderable JS values node:authorUrl=undefined" time="0">
    </testcase>
    <testcase classname="all default values in docstrings are renderable JS values node:autoDetectBin=true" name="all default values in docstrings are renderable JS values node:autoDetectBin=true" time="0">
    </testcase>
    <testcase classname="all default values in docstrings are renderable JS values node:bin=undefined" name="all default values in docstrings are renderable JS values node:bin=undefined" time="0">
    </testcase>
    <testcase classname="all default values in docstrings are renderable JS values node:buildWorkflow=true" name="all default values in docstrings are renderable JS values node:buildWorkflow=true" time="0.001">
    </testcase>
    <testcase classname="all default values in docstrings are renderable JS values node:bundledDependencies=undefined" name="all default values in docstrings are renderable JS values node:bundledDependencies=undefined" time="0">
    </testcase>
    <testcase classname="all default values in docstrings are renderable JS values node:bundledDeps=undefined" name="all default values in docstrings are renderable JS values node:bundledDeps=undefined" time="0.003">
    </testcase>
    <testcase classname="all default values in docstrings are renderable JS values node:codeCov=false" name="all default values in docstrings are renderable JS values node:codeCov=false" time="0.001">
    </testcase>
    <testcase classname="all default values in docstrings are renderable JS values node:codeCovTokenSecret=- if this option is not specified, only public repositories are supported" name="all default values in docstrings are renderable JS values node:codeCovTokenSecret=- if this option is not specified, only public repositories are supported" time="0">
    </testcase>
    <testcase classname="all default values in docstrings are renderable JS values node:copyrightOwner=- defaults to the value of authorName or &quot;&quot; if `authorName` is undefined." name="all default values in docstrings are renderable JS values node:copyrightOwner=- defaults to the value of authorName or &quot;&quot; if `authorName` is undefined." time="0">
    </testcase>
    <testcase classname="all default values in docstrings are renderable JS values node:copyrightPeriod=- current year" name="all default values in docstrings are renderable JS values node:copyrightPeriod=- current year" time="0">
    </testcase>
    <testcase classname="all default values in docstrings are renderable JS values node:defaultReleaseBranch=&quot;master&quot;" name="all default values in docstrings are renderable JS values node:defaultReleaseBranch=&quot;master&quot;" time="0">
    </testcase>
    <testcase classname="all default values in docstrings are renderable JS values node:dependabot=true" name="all default values in docstrings are renderable JS values node:dependabot=true" time="0">
    </testcase>
    <testcase classname="all default values in docstrings are renderable JS values node:dependabotOptions=- default options" name="all default values in docstrings are renderable JS values node:dependabotOptions=- default options" time="0">
    </testcase>
    <testcase classname="all default values in docstrings are renderable JS values node:dependencies=undefined" name="all default values in docstrings are renderable JS values node:dependencies=undefined" time="0">
    </testcase>
    <testcase classname="all default values in docstrings are renderable JS values node:deps=[]" name="all default values in docstrings are renderable JS values node:deps=[]" time="0">
    </testcase>
    <testcase classname="all default values in docstrings are renderable JS values node:description=undefined" name="all default values in docstrings are renderable JS values node:description=undefined" time="0">
    </testcase>
    <testcase classname="all default values in docstrings are renderable JS values node:devDependencies=undefined" name="all default values in docstrings are renderable JS values node:devDependencies=undefined" time="0.001">
    </testcase>
    <testcase classname="all default values in docstrings are renderable JS values node:devDeps=[]" name="all default values in docstrings are renderable JS values node:devDeps=[]" time="0">
    </testcase>
    <testcase classname="all default values in docstrings are renderable JS values node:entrypoint=&quot;lib/index.js&quot;" name="all default values in docstrings are renderable JS values node:entrypoint=&quot;lib/index.js&quot;" time="0">
    </testcase>
    <testcase classname="all default values in docstrings are renderable JS values node:gitignore=undefined" name="all default values in docstrings are renderable JS values node:gitignore=undefined" time="0">
    </testcase>
    <testcase classname="all default values in docstrings are renderable JS values node:gitpod=false" name="all default values in docstrings are renderable JS values node:gitpod=false" time="0.001">
    </testcase>
    <testcase classname="all default values in docstrings are renderable JS values node:homepage=undefined" name="all default values in docstrings are renderable JS values node:homepage=undefined" time="0">
    </testcase>
    <testcase classname="all default values in docstrings are renderable JS values node:jest=true" name="all default values in docstrings are renderable JS values node:jest=true" time="0">
    </testcase>
    <testcase classname="all default values in docstrings are renderable JS values node:jestOptions=- default options" name="all default values in docstrings are renderable JS values node:jestOptions=- default options" time="0">
    </testcase>
    <testcase classname="all default values in docstrings are renderable JS values node:keywords=undefined" name="all default values in docstrings are renderable JS values node:keywords=undefined" time="0">
    </testcase>
    <testcase classname="all default values in docstrings are renderable JS values node:libdir=&quot;lib&quot;" name="all default values in docstrings are renderable JS values node:libdir=&quot;lib&quot;" time="0">
    </testcase>
    <testcase classname="all default values in docstrings are renderable JS values node:license=undefined" name="all default values in docstrings are renderable JS values node:license=undefined" time="0.001">
    </testcase>
    <testcase classname="all default values in docstrings are renderable JS values node:licensed=true" name="all default values in docstrings are renderable JS values node:licensed=true" time="0">
    </testcase>
    <testcase classname="all default values in docstrings are renderable JS values node:maxNodeVersion=- no max" name="all default values in docstrings are renderable JS values node:maxNodeVersion=- no max" time="0">
    </testcase>
    <testcase classname="all default values in docstrings are renderable JS values node:mergify=true" name="all default values in docstrings are renderable JS values node:mergify=true" time="0">
    </testcase>
    <testcase classname="all default values in docstrings are renderable JS values node:mergifyAutoMergeLabel=&quot;auto-merge&quot;" name="all default values in docstrings are renderable JS values node:mergifyAutoMergeLabel=&quot;auto-merge&quot;" time="0">
    </testcase>
    <testcase classname="all default values in docstrings are renderable JS values node:mergifyOptions=- default options" name="all default values in docstrings are renderable JS values node:mergifyOptions=- default options" time="0.001">
    </testcase>
    <testcase classname="all default values in docstrings are renderable JS values node:minNodeVersion=- no &quot;engines&quot; specified" name="all default values in docstrings are renderable JS values node:minNodeVersion=- no &quot;engines&quot; specified" time="0">
    </testcase>
    <testcase classname="all default values in docstrings are renderable JS values node:name=$BASEDIR" name="all default values in docstrings are renderable JS values node:name=$BASEDIR" time="0">
    </testcase>
    <testcase classname="all default values in docstrings are renderable JS values node:npmDistTag=&quot;latest&quot;" name="all default values in docstrings are renderable JS values node:npmDistTag=&quot;latest&quot;" time="0">
    </testcase>
    <testcase classname="all default values in docstrings are renderable JS values node:npmignore=undefined" name="all default values in docstrings are renderable JS values node:npmignore=undefined" time="0">
    </testcase>
    <testcase classname="all default values in docstrings are renderable JS values node:npmignoreEnabled=true" name="all default values in docstrings are renderable JS values node:npmignoreEnabled=true" time="0">
    </testcase>
    <testcase classname="all default values in docstrings are renderable JS values node:npmRegistry=&quot;registry.npmjs.org&quot;" name="all default values in docstrings are renderable JS values node:npmRegistry=&quot;registry.npmjs.org&quot;" time="0">
    </testcase>
    <testcase classname="all default values in docstrings are renderable JS values node:npmTaskExecution=NpmTaskExecution.PROJEN" name="all default values in docstrings are renderable JS values node:npmTaskExecution=NpmTaskExecution.PROJEN" time="0">
    </testcase>
    <testcase classname="all default values in docstrings are renderable JS values node:outdir=&quot;.&quot;" name="all default values in docstrings are renderable JS values node:outdir=&quot;.&quot;" time="0.001">
    </testcase>
    <testcase classname="all default values in docstrings are renderable JS values node:packageManager=NodePackageManager.YARN" name="all default values in docstrings are renderable JS values node:packageManager=NodePackageManager.YARN" time="0">
    </testcase>
    <testcase classname="all default values in docstrings are renderable JS values node:parent=undefined" name="all default values in docstrings are renderable JS values node:parent=undefined" time="0">
    </testcase>
    <testcase classname="all default values in docstrings are renderable JS values node:peerDependencies=undefined" name="all default values in docstrings are renderable JS values node:peerDependencies=undefined" time="0.001">
    </testcase>
    <testcase classname="all default values in docstrings are renderable JS values node:peerDependencyOptions=undefined" name="all default values in docstrings are renderable JS values node:peerDependencyOptions=undefined" time="0">
    </testcase>
    <testcase classname="all default values in docstrings are renderable JS values node:peerDeps=[]" name="all default values in docstrings are renderable JS values node:peerDeps=[]" time="0">
    </testcase>
    <testcase classname="all default values in docstrings are renderable JS values node:projenCommand=&quot;npx projen&quot;" name="all default values in docstrings are renderable JS values node:projenCommand=&quot;npx projen&quot;" time="0.001">
    </testcase>
    <testcase classname="all default values in docstrings are renderable JS values node:projenDevDependency=true" name="all default values in docstrings are renderable JS values node:projenDevDependency=true" time="0">
    </testcase>
    <testcase classname="all default values in docstrings are renderable JS values node:projenUpgradeAutoMerge=- &quot;true&quot; if mergify auto-merge is enabled (default)" name="all default values in docstrings are renderable JS values node:projenUpgradeAutoMerge=- &quot;true&quot; if mergify auto-merge is enabled (default)" time="0">
    </testcase>
    <testcase classname="all default values in docstrings are renderable JS values node:projenUpgradeSchedule=[ &quot;0 6 * * *&quot; ]" name="all default values in docstrings are renderable JS values node:projenUpgradeSchedule=[ &quot;0 6 * * *&quot; ]" time="0">
    </testcase>
    <testcase classname="all default values in docstrings are renderable JS values node:projenUpgradeSecret=- no automatic projen upgrade pull requests" name="all default values in docstrings are renderable JS values node:projenUpgradeSecret=- no automatic projen upgrade pull requests" time="0.001">
    </testcase>
    <testcase classname="all default values in docstrings are renderable JS values node:projenVersion=Semver.latest()" name="all default values in docstrings are renderable JS values node:projenVersion=Semver.latest()" time="0">
    </testcase>
    <testcase classname="all default values in docstrings are renderable JS values node:pullRequestTemplate=true" name="all default values in docstrings are renderable JS values node:pullRequestTemplate=true" time="0">
    </testcase>
    <testcase classname="all default values in docstrings are renderable JS values node:pullRequestTemplateContents=- default content" name="all default values in docstrings are renderable JS values node:pullRequestTemplateContents=- default content" time="0">
    </testcase>
    <testcase classname="all default values in docstrings are renderable JS values node:rebuildBot=true" name="all default values in docstrings are renderable JS values node:rebuildBot=true" time="0">
    </testcase>
    <testcase classname="all default values in docstrings are renderable JS values node:rebuildBotCommand=&quot;rebuild&quot;" name="all default values in docstrings are renderable JS values node:rebuildBotCommand=&quot;rebuild&quot;" time="0.001">
    </testcase>
    <testcase classname="all default values in docstrings are renderable JS values node:releaseBranches=[ &quot;master&quot; ]" name="all default values in docstrings are renderable JS values node:releaseBranches=[ &quot;master&quot; ]" time="0">
    </testcase>
    <testcase classname="all default values in docstrings are renderable JS values node:releaseEveryCommit=true" name="all default values in docstrings are renderable JS values node:releaseEveryCommit=true" time="0">
    </testcase>
    <testcase classname="all default values in docstrings are renderable JS values node:releaseSchedule=- no scheduled releases" name="all default values in docstrings are renderable JS values node:releaseSchedule=- no scheduled releases" time="0">
    </testcase>
    <testcase classname="all default values in docstrings are renderable JS values node:releaseToNpm=false" name="all default values in docstrings are renderable JS values node:releaseToNpm=false" time="0">
    </testcase>
    <testcase classname="all default values in docstrings are renderable JS values node:releaseWorkflow=true" name="all default values in docstrings are renderable JS values node:releaseWorkflow=true" time="0">
    </testcase>
    <testcase classname="all default values in docstrings are renderable JS values node:repository=undefined" name="all default values in docstrings are renderable JS values node:repository=undefined" time="0">
    </testcase>
    <testcase classname="all default values in docstrings are renderable JS values node:repositoryDirectory=undefined" name="all default values in docstrings are renderable JS values node:repositoryDirectory=undefined" time="0">
    </testcase>
    <testcase classname="all default values in docstrings are renderable JS values node:scripts={}" name="all default values in docstrings are renderable JS values node:scripts={}" time="0">
    </testcase>
    <testcase classname="all default values in docstrings are renderable JS values node:srcdir=&quot;src&quot;" name="all default values in docstrings are renderable JS values node:srcdir=&quot;src&quot;" time="0">
    </testcase>
    <testcase classname="all default values in docstrings are renderable JS values node:stability=undefined" name="all default values in docstrings are renderable JS values node:stability=undefined" time="0.001">
    </testcase>
    <testcase classname="all default values in docstrings are renderable JS values node:testdir=&quot;test&quot;" name="all default values in docstrings are renderable JS values node:testdir=&quot;test&quot;" time="0">
    </testcase>
    <testcase classname="all default values in docstrings are renderable JS values node:workflowBootstrapSteps=&quot;yarn install --frozen-lockfile &amp;&amp; yarn projen&quot;" name="all default values in docstrings are renderable JS values node:workflowBootstrapSteps=&quot;yarn install --frozen-lockfile &amp;&amp; yarn projen&quot;" time="0">
    </testcase>
    <testcase classname="all default values in docstrings are renderable JS values node:workflowContainerImage=- default image" name="all default values in docstrings are renderable JS values node:workflowContainerImage=- default image" time="0">
    </testcase>
    <testcase classname="all default values in docstrings are renderable JS values node:workflowNodeVersion=- same as `minNodeVersion`" name="all default values in docstrings are renderable JS values node:workflowNodeVersion=- same as `minNodeVersion`" time="0.001">
    </testcase>
    <testcase classname="all default values in docstrings are renderable JS values project:gitpod=false" name="all default values in docstrings are renderable JS values project:gitpod=false" time="0">
    </testcase>
    <testcase classname="all default values in docstrings are renderable JS values project:outdir=&quot;.&quot;" name="all default values in docstrings are renderable JS values project:outdir=&quot;.&quot;" time="0">
    </testcase>
    <testcase classname="all default values in docstrings are renderable JS values project:parent=undefined" name="all default values in docstrings are renderable JS values project:parent=undefined" time="0">
    </testcase>
    <testcase classname="all default values in docstrings are renderable JS values react:allowLibraryDependencies=true" name="all default values in docstrings are renderable JS values react:allowLibraryDependencies=true" time="0">
    </testcase>
    <testcase classname="all default values in docstrings are renderable JS values react:antitamper=true" name="all default values in docstrings are renderable JS values react:antitamper=true" time="0">
    </testcase>
    <testcase classname="all default values in docstrings are renderable JS values react:authorEmail=undefined" name="all default values in docstrings are renderable JS values react:authorEmail=undefined" time="0.001">
    </testcase>
    <testcase classname="all default values in docstrings are renderable JS values react:authorName=undefined" name="all default values in docstrings are renderable JS values react:authorName=undefined" time="0">
    </testcase>
    <testcase classname="all default values in docstrings are renderable JS values react:authorOrganization=undefined" name="all default values in docstrings are renderable JS values react:authorOrganization=undefined" time="0">
    </testcase>
    <testcase classname="all default values in docstrings are renderable JS values react:authorUrl=undefined" name="all default values in docstrings are renderable JS values react:authorUrl=undefined" time="0">
    </testcase>
    <testcase classname="all default values in docstrings are renderable JS values react:autoDetectBin=true" name="all default values in docstrings are renderable JS values react:autoDetectBin=true" time="0">
    </testcase>
    <testcase classname="all default values in docstrings are renderable JS values react:bin=undefined" name="all default values in docstrings are renderable JS values react:bin=undefined" time="0">
    </testcase>
    <testcase classname="all default values in docstrings are renderable JS values react:buildWorkflow=true" name="all default values in docstrings are renderable JS values react:buildWorkflow=true" time="0">
    </testcase>
    <testcase classname="all default values in docstrings are renderable JS values react:bundledDependencies=undefined" name="all default values in docstrings are renderable JS values react:bundledDependencies=undefined" time="0">
    </testcase>
    <testcase classname="all default values in docstrings are renderable JS values react:bundledDeps=undefined" name="all default values in docstrings are renderable JS values react:bundledDeps=undefined" time="0">
    </testcase>
    <testcase classname="all default values in docstrings are renderable JS values react:codeCov=false" name="all default values in docstrings are renderable JS values react:codeCov=false" time="0">
    </testcase>
    <testcase classname="all default values in docstrings are renderable JS values react:codeCovTokenSecret=- if this option is not specified, only public repositories are supported" name="all default values in docstrings are renderable JS values react:codeCovTokenSecret=- if this option is not specified, only public repositories are supported" time="0">
    </testcase>
    <testcase classname="all default values in docstrings are renderable JS values react:copyrightOwner=- defaults to the value of authorName or &quot;&quot; if `authorName` is undefined." name="all default values in docstrings are renderable JS values react:copyrightOwner=- defaults to the value of authorName or &quot;&quot; if `authorName` is undefined." time="0.001">
    </testcase>
    <testcase classname="all default values in docstrings are renderable JS values react:copyrightPeriod=- current year" name="all default values in docstrings are renderable JS values react:copyrightPeriod=- current year" time="0">
    </testcase>
    <testcase classname="all default values in docstrings are renderable JS values react:defaultReleaseBranch=&quot;master&quot;" name="all default values in docstrings are renderable JS values react:defaultReleaseBranch=&quot;master&quot;" time="0">
    </testcase>
    <testcase classname="all default values in docstrings are renderable JS values react:dependabot=true" name="all default values in docstrings are renderable JS values react:dependabot=true" time="0">
    </testcase>
    <testcase classname="all default values in docstrings are renderable JS values react:dependabotOptions=- default options" name="all default values in docstrings are renderable JS values react:dependabotOptions=- default options" time="0">
    </testcase>
    <testcase classname="all default values in docstrings are renderable JS values react:dependencies=undefined" name="all default values in docstrings are renderable JS values react:dependencies=undefined" time="0.001">
    </testcase>
    <testcase classname="all default values in docstrings are renderable JS values react:deps=[]" name="all default values in docstrings are renderable JS values react:deps=[]" time="0">
    </testcase>
    <testcase classname="all default values in docstrings are renderable JS values react:description=undefined" name="all default values in docstrings are renderable JS values react:description=undefined" time="0">
    </testcase>
    <testcase classname="all default values in docstrings are renderable JS values react:devDependencies=undefined" name="all default values in docstrings are renderable JS values react:devDependencies=undefined" time="0">
    </testcase>
    <testcase classname="all default values in docstrings are renderable JS values react:devDeps=[]" name="all default values in docstrings are renderable JS values react:devDeps=[]" time="0">
    </testcase>
    <testcase classname="all default values in docstrings are renderable JS values react:entrypoint=&quot;lib/index.js&quot;" name="all default values in docstrings are renderable JS values react:entrypoint=&quot;lib/index.js&quot;" time="0">
    </testcase>
    <testcase classname="all default values in docstrings are renderable JS values react:gitignore=undefined" name="all default values in docstrings are renderable JS values react:gitignore=undefined" time="0">
    </testcase>
    <testcase classname="all default values in docstrings are renderable JS values react:gitpod=false" name="all default values in docstrings are renderable JS values react:gitpod=false" time="0">
    </testcase>
    <testcase classname="all default values in docstrings are renderable JS values react:homepage=undefined" name="all default values in docstrings are renderable JS values react:homepage=undefined" time="0">
    </testcase>
    <testcase classname="all default values in docstrings are renderable JS values react:jest=true" name="all default values in docstrings are renderable JS values react:jest=true" time="0">
    </testcase>
    <testcase classname="all default values in docstrings are renderable JS values react:jestOptions=- default options" name="all default values in docstrings are renderable JS values react:jestOptions=- default options" time="0.001">
    </testcase>
    <testcase classname="all default values in docstrings are renderable JS values react:keywords=undefined" name="all default values in docstrings are renderable JS values react:keywords=undefined" time="0">
    </testcase>
    <testcase classname="all default values in docstrings are renderable JS values react:libdir=&quot;lib&quot;" name="all default values in docstrings are renderable JS values react:libdir=&quot;lib&quot;" time="0">
    </testcase>
    <testcase classname="all default values in docstrings are renderable JS values react:license=undefined" name="all default values in docstrings are renderable JS values react:license=undefined" time="0">
    </testcase>
    <testcase classname="all default values in docstrings are renderable JS values react:licensed=true" name="all default values in docstrings are renderable JS values react:licensed=true" time="0">
    </testcase>
    <testcase classname="all default values in docstrings are renderable JS values react:maxNodeVersion=- no max" name="all default values in docstrings are renderable JS values react:maxNodeVersion=- no max" time="0.001">
    </testcase>
    <testcase classname="all default values in docstrings are renderable JS values react:mergify=true" name="all default values in docstrings are renderable JS values react:mergify=true" time="0">
    </testcase>
    <testcase classname="all default values in docstrings are renderable JS values react:mergifyAutoMergeLabel=&quot;auto-merge&quot;" name="all default values in docstrings are renderable JS values react:mergifyAutoMergeLabel=&quot;auto-merge&quot;" time="0">
    </testcase>
    <testcase classname="all default values in docstrings are renderable JS values react:mergifyOptions=- default options" name="all default values in docstrings are renderable JS values react:mergifyOptions=- default options" time="0">
    </testcase>
    <testcase classname="all default values in docstrings are renderable JS values react:minNodeVersion=- no &quot;engines&quot; specified" name="all default values in docstrings are renderable JS values react:minNodeVersion=- no &quot;engines&quot; specified" time="0.001">
    </testcase>
    <testcase classname="all default values in docstrings are renderable JS values react:name=$BASEDIR" name="all default values in docstrings are renderable JS values react:name=$BASEDIR" time="0">
    </testcase>
    <testcase classname="all default values in docstrings are renderable JS values react:npmDistTag=&quot;latest&quot;" name="all default values in docstrings are renderable JS values react:npmDistTag=&quot;latest&quot;" time="0">
    </testcase>
    <testcase classname="all default values in docstrings are renderable JS values react:npmignore=undefined" name="all default values in docstrings are renderable JS values react:npmignore=undefined" time="0">
    </testcase>
    <testcase classname="all default values in docstrings are renderable JS values react:npmignoreEnabled=true" name="all default values in docstrings are renderable JS values react:npmignoreEnabled=true" time="0">
    </testcase>
    <testcase classname="all default values in docstrings are renderable JS values react:npmRegistry=&quot;registry.npmjs.org&quot;" name="all default values in docstrings are renderable JS values react:npmRegistry=&quot;registry.npmjs.org&quot;" time="0.001">
    </testcase>
    <testcase classname="all default values in docstrings are renderable JS values react:npmTaskExecution=NpmTaskExecution.PROJEN" name="all default values in docstrings are renderable JS values react:npmTaskExecution=NpmTaskExecution.PROJEN" time="0">
    </testcase>
    <testcase classname="all default values in docstrings are renderable JS values react:outdir=&quot;.&quot;" name="all default values in docstrings are renderable JS values react:outdir=&quot;.&quot;" time="0">
    </testcase>
    <testcase classname="all default values in docstrings are renderable JS values react:packageManager=NodePackageManager.YARN" name="all default values in docstrings are renderable JS values react:packageManager=NodePackageManager.YARN" time="0">
    </testcase>
    <testcase classname="all default values in docstrings are renderable JS values react:parent=undefined" name="all default values in docstrings are renderable JS values react:parent=undefined" time="0.001">
    </testcase>
    <testcase classname="all default values in docstrings are renderable JS values react:peerDependencies=undefined" name="all default values in docstrings are renderable JS values react:peerDependencies=undefined" time="0">
    </testcase>
    <testcase classname="all default values in docstrings are renderable JS values react:peerDependencyOptions=undefined" name="all default values in docstrings are renderable JS values react:peerDependencyOptions=undefined" time="0">
    </testcase>
    <testcase classname="all default values in docstrings are renderable JS values react:peerDeps=[]" name="all default values in docstrings are renderable JS values react:peerDeps=[]" time="0.001">
    </testcase>
    <testcase classname="all default values in docstrings are renderable JS values react:projenCommand=&quot;npx projen&quot;" name="all default values in docstrings are renderable JS values react:projenCommand=&quot;npx projen&quot;" time="0">
    </testcase>
    <testcase classname="all default values in docstrings are renderable JS values react:projenDevDependency=true" name="all default values in docstrings are renderable JS values react:projenDevDependency=true" time="0">
    </testcase>
    <testcase classname="all default values in docstrings are renderable JS values react:projenUpgradeAutoMerge=- &quot;true&quot; if mergify auto-merge is enabled (default)" name="all default values in docstrings are renderable JS values react:projenUpgradeAutoMerge=- &quot;true&quot; if mergify auto-merge is enabled (default)" time="0">
    </testcase>
    <testcase classname="all default values in docstrings are renderable JS values react:projenUpgradeSchedule=[ &quot;0 6 * * *&quot; ]" name="all default values in docstrings are renderable JS values react:projenUpgradeSchedule=[ &quot;0 6 * * *&quot; ]" time="0.001">
    </testcase>
    <testcase classname="all default values in docstrings are renderable JS values react:projenUpgradeSecret=- no automatic projen upgrade pull requests" name="all default values in docstrings are renderable JS values react:projenUpgradeSecret=- no automatic projen upgrade pull requests" time="0">
    </testcase>
    <testcase classname="all default values in docstrings are renderable JS values react:projenVersion=Semver.latest()" name="all default values in docstrings are renderable JS values react:projenVersion=Semver.latest()" time="0">
    </testcase>
    <testcase classname="all default values in docstrings are renderable JS values react:pullRequestTemplate=true" name="all default values in docstrings are renderable JS values react:pullRequestTemplate=true" time="0.001">
    </testcase>
    <testcase classname="all default values in docstrings are renderable JS values react:pullRequestTemplateContents=- default content" name="all default values in docstrings are renderable JS values react:pullRequestTemplateContents=- default content" time="0">
    </testcase>
    <testcase classname="all default values in docstrings are renderable JS values react:rebuildBot=true" name="all default values in docstrings are renderable JS values react:rebuildBot=true" time="0">
    </testcase>
    <testcase classname="all default values in docstrings are renderable JS values react:rebuildBotCommand=&quot;rebuild&quot;" name="all default values in docstrings are renderable JS values react:rebuildBotCommand=&quot;rebuild&quot;" time="0">
    </testcase>
    <testcase classname="all default values in docstrings are renderable JS values react:releaseBranches=[ &quot;master&quot; ]" name="all default values in docstrings are renderable JS values react:releaseBranches=[ &quot;master&quot; ]" time="0">
    </testcase>
    <testcase classname="all default values in docstrings are renderable JS values react:releaseEveryCommit=true" name="all default values in docstrings are renderable JS values react:releaseEveryCommit=true" time="0.001">
    </testcase>
    <testcase classname="all default values in docstrings are renderable JS values react:releaseSchedule=- no scheduled releases" name="all default values in docstrings are renderable JS values react:releaseSchedule=- no scheduled releases" time="0">
    </testcase>
    <testcase classname="all default values in docstrings are renderable JS values react:releaseToNpm=false" name="all default values in docstrings are renderable JS values react:releaseToNpm=false" time="0">
    </testcase>
    <testcase classname="all default values in docstrings are renderable JS values react:releaseWorkflow=true" name="all default values in docstrings are renderable JS values react:releaseWorkflow=true" time="0">
    </testcase>
    <testcase classname="all default values in docstrings are renderable JS values react:repository=undefined" name="all default values in docstrings are renderable JS values react:repository=undefined" time="0">
    </testcase>
    <testcase classname="all default values in docstrings are renderable JS values react:repositoryDirectory=undefined" name="all default values in docstrings are renderable JS values react:repositoryDirectory=undefined" time="0.001">
    </testcase>
    <testcase classname="all default values in docstrings are renderable JS values react:sampleCode=true" name="all default values in docstrings are renderable JS values react:sampleCode=true" time="0">
    </testcase>
    <testcase classname="all default values in docstrings are renderable JS values react:scripts={}" name="all default values in docstrings are renderable JS values react:scripts={}" time="0">
    </testcase>
    <testcase classname="all default values in docstrings are renderable JS values react:srcdir=&quot;src&quot;" name="all default values in docstrings are renderable JS values react:srcdir=&quot;src&quot;" time="0.001">
    </testcase>
    <testcase classname="all default values in docstrings are renderable JS values react:stability=undefined" name="all default values in docstrings are renderable JS values react:stability=undefined" time="0">
    </testcase>
    <testcase classname="all default values in docstrings are renderable JS values react:testdir=&quot;test&quot;" name="all default values in docstrings are renderable JS values react:testdir=&quot;test&quot;" time="0">
    </testcase>
    <testcase classname="all default values in docstrings are renderable JS values react:workflowBootstrapSteps=&quot;yarn install --frozen-lockfile &amp;&amp; yarn projen&quot;" name="all default values in docstrings are renderable JS values react:workflowBootstrapSteps=&quot;yarn install --frozen-lockfile &amp;&amp; yarn projen&quot;" time="0">
    </testcase>
    <testcase classname="all default values in docstrings are renderable JS values react:workflowContainerImage=- default image" name="all default values in docstrings are renderable JS values react:workflowContainerImage=- default image" time="0">
    </testcase>
    <testcase classname="all default values in docstrings are renderable JS values react:workflowNodeVersion=- same as `minNodeVersion`" name="all default values in docstrings are renderable JS values react:workflowNodeVersion=- same as `minNodeVersion`" time="0">
    </testcase>
    <testcase classname="all default values in docstrings are renderable JS values react-ts:allowLibraryDependencies=true" name="all default values in docstrings are renderable JS values react-ts:allowLibraryDependencies=true" time="0">
    </testcase>
    <testcase classname="all default values in docstrings are renderable JS values react-ts:antitamper=true" name="all default values in docstrings are renderable JS values react-ts:antitamper=true" time="0">
    </testcase>
    <testcase classname="all default values in docstrings are renderable JS values react-ts:authorEmail=undefined" name="all default values in docstrings are renderable JS values react-ts:authorEmail=undefined" time="0">
    </testcase>
    <testcase classname="all default values in docstrings are renderable JS values react-ts:authorName=undefined" name="all default values in docstrings are renderable JS values react-ts:authorName=undefined" time="0">
    </testcase>
    <testcase classname="all default values in docstrings are renderable JS values react-ts:authorOrganization=undefined" name="all default values in docstrings are renderable JS values react-ts:authorOrganization=undefined" time="0">
    </testcase>
    <testcase classname="all default values in docstrings are renderable JS values react-ts:authorUrl=undefined" name="all default values in docstrings are renderable JS values react-ts:authorUrl=undefined" time="0.001">
    </testcase>
    <testcase classname="all default values in docstrings are renderable JS values react-ts:autoDetectBin=true" name="all default values in docstrings are renderable JS values react-ts:autoDetectBin=true" time="0">
    </testcase>
    <testcase classname="all default values in docstrings are renderable JS values react-ts:bin=undefined" name="all default values in docstrings are renderable JS values react-ts:bin=undefined" time="0">
    </testcase>
    <testcase classname="all default values in docstrings are renderable JS values react-ts:buildWorkflow=true" name="all default values in docstrings are renderable JS values react-ts:buildWorkflow=true" time="0">
    </testcase>
    <testcase classname="all default values in docstrings are renderable JS values react-ts:bundledDependencies=undefined" name="all default values in docstrings are renderable JS values react-ts:bundledDependencies=undefined" time="0">
    </testcase>
    <testcase classname="all default values in docstrings are renderable JS values react-ts:bundledDeps=undefined" name="all default values in docstrings are renderable JS values react-ts:bundledDeps=undefined" time="0.001">
    </testcase>
    <testcase classname="all default values in docstrings are renderable JS values react-ts:codeCov=false" name="all default values in docstrings are renderable JS values react-ts:codeCov=false" time="0">
    </testcase>
    <testcase classname="all default values in docstrings are renderable JS values react-ts:codeCovTokenSecret=- if this option is not specified, only public repositories are supported" name="all default values in docstrings are renderable JS values react-ts:codeCovTokenSecret=- if this option is not specified, only public repositories are supported" time="0">
    </testcase>
    <testcase classname="all default values in docstrings are renderable JS values react-ts:compileBeforeTest=- the default behavior is to delete the lib/ directory and run
jest typescript tests and only if all tests pass, run the compiler." name="all default values in docstrings are renderable JS values react-ts:compileBeforeTest=- the default behavior is to delete the lib/ directory and run
jest typescript tests and only if all tests pass, run the compiler." time="0">
    </testcase>
    <testcase classname="all default values in docstrings are renderable JS values react-ts:copyrightOwner=- defaults to the value of authorName or &quot;&quot; if `authorName` is undefined." name="all default values in docstrings are renderable JS values react-ts:copyrightOwner=- defaults to the value of authorName or &quot;&quot; if `authorName` is undefined." time="0">
    </testcase>
    <testcase classname="all default values in docstrings are renderable JS values react-ts:copyrightPeriod=- current year" name="all default values in docstrings are renderable JS values react-ts:copyrightPeriod=- current year" time="0.001">
    </testcase>
    <testcase classname="all default values in docstrings are renderable JS values react-ts:defaultReleaseBranch=&quot;master&quot;" name="all default values in docstrings are renderable JS values react-ts:defaultReleaseBranch=&quot;master&quot;" time="0">
    </testcase>
    <testcase classname="all default values in docstrings are renderable JS values react-ts:dependabot=true" name="all default values in docstrings are renderable JS values react-ts:dependabot=true" time="0">
    </testcase>
    <testcase classname="all default values in docstrings are renderable JS values react-ts:dependabotOptions=- default options" name="all default values in docstrings are renderable JS values react-ts:dependabotOptions=- default options" time="0">
    </testcase>
    <testcase classname="all default values in docstrings are renderable JS values react-ts:dependencies=undefined" name="all default values in docstrings are renderable JS values react-ts:dependencies=undefined" time="0.003">
    </testcase>
    <testcase classname="all default values in docstrings are renderable JS values react-ts:deps=[]" name="all default values in docstrings are renderable JS values react-ts:deps=[]" time="0.001">
    </testcase>
    <testcase classname="all default values in docstrings are renderable JS values react-ts:description=undefined" name="all default values in docstrings are renderable JS values react-ts:description=undefined" time="0">
    </testcase>
    <testcase classname="all default values in docstrings are renderable JS values react-ts:devDependencies=undefined" name="all default values in docstrings are renderable JS values react-ts:devDependencies=undefined" time="0">
    </testcase>
    <testcase classname="all default values in docstrings are renderable JS values react-ts:devDeps=[]" name="all default values in docstrings are renderable JS values react-ts:devDeps=[]" time="0">
    </testcase>
    <testcase classname="all default values in docstrings are renderable JS values react-ts:disableTsconfig=false" name="all default values in docstrings are renderable JS values react-ts:disableTsconfig=false" time="0">
    </testcase>
    <testcase classname="all default values in docstrings are renderable JS values react-ts:docgen=false" name="all default values in docstrings are renderable JS values react-ts:docgen=false" time="0.001">
    </testcase>
    <testcase classname="all default values in docstrings are renderable JS values react-ts:docsDirectory=&quot;docs&quot;" name="all default values in docstrings are renderable JS values react-ts:docsDirectory=&quot;docs&quot;" time="0">
    </testcase>
    <testcase classname="all default values in docstrings are renderable JS values react-ts:entrypoint=&quot;lib/index.js&quot;" name="all default values in docstrings are renderable JS values react-ts:entrypoint=&quot;lib/index.js&quot;" time="0">
    </testcase>
    <testcase classname="all default values in docstrings are renderable JS values react-ts:entrypointTypes=- .d.ts file derived from the project&apos;s entrypoint (usually lib/index.d.ts)" name="all default values in docstrings are renderable JS values react-ts:entrypointTypes=- .d.ts file derived from the project&apos;s entrypoint (usually lib/index.d.ts)" time="0">
    </testcase>
    <testcase classname="all default values in docstrings are renderable JS values react-ts:eslint=true" name="all default values in docstrings are renderable JS values react-ts:eslint=true" time="0">
    </testcase>
    <testcase classname="all default values in docstrings are renderable JS values react-ts:eslintOptions=- opinionated default options" name="all default values in docstrings are renderable JS values react-ts:eslintOptions=- opinionated default options" time="0.001">
    </testcase>
    <testcase classname="all default values in docstrings are renderable JS values react-ts:gitignore=undefined" name="all default values in docstrings are renderable JS values react-ts:gitignore=undefined" time="0">
    </testcase>
    <testcase classname="all default values in docstrings are renderable JS values react-ts:gitpod=false" name="all default values in docstrings are renderable JS values react-ts:gitpod=false" time="0">
    </testcase>
    <testcase classname="all default values in docstrings are renderable JS values react-ts:homepage=undefined" name="all default values in docstrings are renderable JS values react-ts:homepage=undefined" time="0">
    </testcase>
    <testcase classname="all default values in docstrings are renderable JS values react-ts:jest=true" name="all default values in docstrings are renderable JS values react-ts:jest=true" time="0.001">
    </testcase>
    <testcase classname="all default values in docstrings are renderable JS values react-ts:jestOptions=- default options" name="all default values in docstrings are renderable JS values react-ts:jestOptions=- default options" time="0">
    </testcase>
    <testcase classname="all default values in docstrings are renderable JS values react-ts:keywords=undefined" name="all default values in docstrings are renderable JS values react-ts:keywords=undefined" time="0">
    </testcase>
    <testcase classname="all default values in docstrings are renderable JS values react-ts:libdir=&quot;lib&quot;" name="all default values in docstrings are renderable JS values react-ts:libdir=&quot;lib&quot;" time="0">
    </testcase>
    <testcase classname="all default values in docstrings are renderable JS values react-ts:license=undefined" name="all default values in docstrings are renderable JS values react-ts:license=undefined" time="0">
    </testcase>
    <testcase classname="all default values in docstrings are renderable JS values react-ts:licensed=true" name="all default values in docstrings are renderable JS values react-ts:licensed=true" time="0.001">
    </testcase>
    <testcase classname="all default values in docstrings are renderable JS values react-ts:maxNodeVersion=- no max" name="all default values in docstrings are renderable JS values react-ts:maxNodeVersion=- no max" time="0">
    </testcase>
    <testcase classname="all default values in docstrings are renderable JS values react-ts:mergify=true" name="all default values in docstrings are renderable JS values react-ts:mergify=true" time="0">
    </testcase>
    <testcase classname="all default values in docstrings are renderable JS values react-ts:mergifyAutoMergeLabel=&quot;auto-merge&quot;" name="all default values in docstrings are renderable JS values react-ts:mergifyAutoMergeLabel=&quot;auto-merge&quot;" time="0">
    </testcase>
    <testcase classname="all default values in docstrings are renderable JS values react-ts:mergifyOptions=- default options" name="all default values in docstrings are renderable JS values react-ts:mergifyOptions=- default options" time="0">
    </testcase>
    <testcase classname="all default values in docstrings are renderable JS values react-ts:minNodeVersion=- no &quot;engines&quot; specified" name="all default values in docstrings are renderable JS values react-ts:minNodeVersion=- no &quot;engines&quot; specified" time="0.001">
    </testcase>
    <testcase classname="all default values in docstrings are renderable JS values react-ts:name=$BASEDIR" name="all default values in docstrings are renderable JS values react-ts:name=$BASEDIR" time="0">
    </testcase>
    <testcase classname="all default values in docstrings are renderable JS values react-ts:npmDistTag=&quot;latest&quot;" name="all default values in docstrings are renderable JS values react-ts:npmDistTag=&quot;latest&quot;" time="0">
    </testcase>
    <testcase classname="all default values in docstrings are renderable JS values react-ts:npmignore=undefined" name="all default values in docstrings are renderable JS values react-ts:npmignore=undefined" time="0">
    </testcase>
    <testcase classname="all default values in docstrings are renderable JS values react-ts:npmignoreEnabled=true" name="all default values in docstrings are renderable JS values react-ts:npmignoreEnabled=true" time="0">
    </testcase>
    <testcase classname="all default values in docstrings are renderable JS values react-ts:npmRegistry=&quot;registry.npmjs.org&quot;" name="all default values in docstrings are renderable JS values react-ts:npmRegistry=&quot;registry.npmjs.org&quot;" time="0.001">
    </testcase>
    <testcase classname="all default values in docstrings are renderable JS values react-ts:npmTaskExecution=NpmTaskExecution.PROJEN" name="all default values in docstrings are renderable JS values react-ts:npmTaskExecution=NpmTaskExecution.PROJEN" time="0">
    </testcase>
    <testcase classname="all default values in docstrings are renderable JS values react-ts:outdir=&quot;.&quot;" name="all default values in docstrings are renderable JS values react-ts:outdir=&quot;.&quot;" time="0">
    </testcase>
    <testcase classname="all default values in docstrings are renderable JS values react-ts:package=true" name="all default values in docstrings are renderable JS values react-ts:package=true" time="0">
    </testcase>
    <testcase classname="all default values in docstrings are renderable JS values react-ts:packageManager=NodePackageManager.YARN" name="all default values in docstrings are renderable JS values react-ts:packageManager=NodePackageManager.YARN" time="0">
    </testcase>
    <testcase classname="all default values in docstrings are renderable JS values react-ts:parent=undefined" name="all default values in docstrings are renderable JS values react-ts:parent=undefined" time="0.001">
    </testcase>
    <testcase classname="all default values in docstrings are renderable JS values react-ts:peerDependencies=undefined" name="all default values in docstrings are renderable JS values react-ts:peerDependencies=undefined" time="0">
    </testcase>
    <testcase classname="all default values in docstrings are renderable JS values react-ts:peerDependencyOptions=undefined" name="all default values in docstrings are renderable JS values react-ts:peerDependencyOptions=undefined" time="0">
    </testcase>
    <testcase classname="all default values in docstrings are renderable JS values react-ts:peerDeps=[]" name="all default values in docstrings are renderable JS values react-ts:peerDeps=[]" time="0">
    </testcase>
    <testcase classname="all default values in docstrings are renderable JS values react-ts:projenCommand=&quot;npx projen&quot;" name="all default values in docstrings are renderable JS values react-ts:projenCommand=&quot;npx projen&quot;" time="0.001">
    </testcase>
    <testcase classname="all default values in docstrings are renderable JS values react-ts:projenDevDependency=true" name="all default values in docstrings are renderable JS values react-ts:projenDevDependency=true" time="0">
    </testcase>
    <testcase classname="all default values in docstrings are renderable JS values react-ts:projenUpgradeAutoMerge=- &quot;true&quot; if mergify auto-merge is enabled (default)" name="all default values in docstrings are renderable JS values react-ts:projenUpgradeAutoMerge=- &quot;true&quot; if mergify auto-merge is enabled (default)" time="0">
    </testcase>
    <testcase classname="all default values in docstrings are renderable JS values react-ts:projenUpgradeSchedule=[ &quot;0 6 * * *&quot; ]" name="all default values in docstrings are renderable JS values react-ts:projenUpgradeSchedule=[ &quot;0 6 * * *&quot; ]" time="0">
    </testcase>
    <testcase classname="all default values in docstrings are renderable JS values react-ts:projenUpgradeSecret=- no automatic projen upgrade pull requests" name="all default values in docstrings are renderable JS values react-ts:projenUpgradeSecret=- no automatic projen upgrade pull requests" time="0">
    </testcase>
    <testcase classname="all default values in docstrings are renderable JS values react-ts:projenVersion=Semver.latest()" name="all default values in docstrings are renderable JS values react-ts:projenVersion=Semver.latest()" time="0">
    </testcase>
    <testcase classname="all default values in docstrings are renderable JS values react-ts:pullRequestTemplate=true" name="all default values in docstrings are renderable JS values react-ts:pullRequestTemplate=true" time="0">
    </testcase>
    <testcase classname="all default values in docstrings are renderable JS values react-ts:pullRequestTemplateContents=- default content" name="all default values in docstrings are renderable JS values react-ts:pullRequestTemplateContents=- default content" time="0">
    </testcase>
    <testcase classname="all default values in docstrings are renderable JS values react-ts:rebuildBot=true" name="all default values in docstrings are renderable JS values react-ts:rebuildBot=true" time="0">
    </testcase>
    <testcase classname="all default values in docstrings are renderable JS values react-ts:rebuildBotCommand=&quot;rebuild&quot;" name="all default values in docstrings are renderable JS values react-ts:rebuildBotCommand=&quot;rebuild&quot;" time="0">
    </testcase>
    <testcase classname="all default values in docstrings are renderable JS values react-ts:releaseBranches=[ &quot;master&quot; ]" name="all default values in docstrings are renderable JS values react-ts:releaseBranches=[ &quot;master&quot; ]" time="0">
    </testcase>
    <testcase classname="all default values in docstrings are renderable JS values react-ts:releaseEveryCommit=true" name="all default values in docstrings are renderable JS values react-ts:releaseEveryCommit=true" time="0.001">
    </testcase>
    <testcase classname="all default values in docstrings are renderable JS values react-ts:releaseSchedule=- no scheduled releases" name="all default values in docstrings are renderable JS values react-ts:releaseSchedule=- no scheduled releases" time="0">
    </testcase>
    <testcase classname="all default values in docstrings are renderable JS values react-ts:releaseToNpm=false" name="all default values in docstrings are renderable JS values react-ts:releaseToNpm=false" time="0">
    </testcase>
    <testcase classname="all default values in docstrings are renderable JS values react-ts:releaseWorkflow=true" name="all default values in docstrings are renderable JS values react-ts:releaseWorkflow=true" time="0">
    </testcase>
    <testcase classname="all default values in docstrings are renderable JS values react-ts:repository=undefined" name="all default values in docstrings are renderable JS values react-ts:repository=undefined" time="0">
    </testcase>
    <testcase classname="all default values in docstrings are renderable JS values react-ts:repositoryDirectory=undefined" name="all default values in docstrings are renderable JS values react-ts:repositoryDirectory=undefined" time="0.001">
    </testcase>
    <testcase classname="all default values in docstrings are renderable JS values react-ts:sampleCode=true" name="all default values in docstrings are renderable JS values react-ts:sampleCode=true" time="0">
    </testcase>
    <testcase classname="all default values in docstrings are renderable JS values react-ts:scripts={}" name="all default values in docstrings are renderable JS values react-ts:scripts={}" time="0">
    </testcase>
    <testcase classname="all default values in docstrings are renderable JS values react-ts:srcdir=&quot;src&quot;" name="all default values in docstrings are renderable JS values react-ts:srcdir=&quot;src&quot;" time="0">
    </testcase>
    <testcase classname="all default values in docstrings are renderable JS values react-ts:stability=undefined" name="all default values in docstrings are renderable JS values react-ts:stability=undefined" time="0">
    </testcase>
    <testcase classname="all default values in docstrings are renderable JS values react-ts:testdir=&quot;test&quot;" name="all default values in docstrings are renderable JS values react-ts:testdir=&quot;test&quot;" time="0">
    </testcase>
    <testcase classname="all default values in docstrings are renderable JS values react-ts:tsconfig=undefined" name="all default values in docstrings are renderable JS values react-ts:tsconfig=undefined" time="0">
    </testcase>
    <testcase classname="all default values in docstrings are renderable JS values react-ts:typescriptVersion=&quot;^3.9.5&quot;" name="all default values in docstrings are renderable JS values react-ts:typescriptVersion=&quot;^3.9.5&quot;" time="0">
    </testcase>
    <testcase classname="all default values in docstrings are renderable JS values react-ts:workflowBootstrapSteps=&quot;yarn install --frozen-lockfile &amp;&amp; yarn projen&quot;" name="all default values in docstrings are renderable JS values react-ts:workflowBootstrapSteps=&quot;yarn install --frozen-lockfile &amp;&amp; yarn projen&quot;" time="0">
    </testcase>
    <testcase classname="all default values in docstrings are renderable JS values react-ts:workflowContainerImage=- default image" name="all default values in docstrings are renderable JS values react-ts:workflowContainerImage=- default image" time="0.001">
    </testcase>
    <testcase classname="all default values in docstrings are renderable JS values react-ts:workflowNodeVersion=- same as `minNodeVersion`" name="all default values in docstrings are renderable JS values react-ts:workflowNodeVersion=- same as `minNodeVersion`" time="0">
    </testcase>
    <testcase classname="all default values in docstrings are renderable JS values typescript:allowLibraryDependencies=true" name="all default values in docstrings are renderable JS values typescript:allowLibraryDependencies=true" time="0">
    </testcase>
    <testcase classname="all default values in docstrings are renderable JS values typescript:antitamper=true" name="all default values in docstrings are renderable JS values typescript:antitamper=true" time="0.001">
    </testcase>
    <testcase classname="all default values in docstrings are renderable JS values typescript:authorEmail=undefined" name="all default values in docstrings are renderable JS values typescript:authorEmail=undefined" time="0">
    </testcase>
    <testcase classname="all default values in docstrings are renderable JS values typescript:authorName=undefined" name="all default values in docstrings are renderable JS values typescript:authorName=undefined" time="0">
    </testcase>
    <testcase classname="all default values in docstrings are renderable JS values typescript:authorOrganization=undefined" name="all default values in docstrings are renderable JS values typescript:authorOrganization=undefined" time="0">
    </testcase>
    <testcase classname="all default values in docstrings are renderable JS values typescript:authorUrl=undefined" name="all default values in docstrings are renderable JS values typescript:authorUrl=undefined" time="0">
    </testcase>
    <testcase classname="all default values in docstrings are renderable JS values typescript:autoDetectBin=true" name="all default values in docstrings are renderable JS values typescript:autoDetectBin=true" time="0.001">
    </testcase>
    <testcase classname="all default values in docstrings are renderable JS values typescript:bin=undefined" name="all default values in docstrings are renderable JS values typescript:bin=undefined" time="0">
    </testcase>
    <testcase classname="all default values in docstrings are renderable JS values typescript:buildWorkflow=true" name="all default values in docstrings are renderable JS values typescript:buildWorkflow=true" time="0">
    </testcase>
    <testcase classname="all default values in docstrings are renderable JS values typescript:bundledDependencies=undefined" name="all default values in docstrings are renderable JS values typescript:bundledDependencies=undefined" time="0">
    </testcase>
    <testcase classname="all default values in docstrings are renderable JS values typescript:bundledDeps=undefined" name="all default values in docstrings are renderable JS values typescript:bundledDeps=undefined" time="0">
    </testcase>
    <testcase classname="all default values in docstrings are renderable JS values typescript:codeCov=false" name="all default values in docstrings are renderable JS values typescript:codeCov=false" time="0.001">
    </testcase>
    <testcase classname="all default values in docstrings are renderable JS values typescript:codeCovTokenSecret=- if this option is not specified, only public repositories are supported" name="all default values in docstrings are renderable JS values typescript:codeCovTokenSecret=- if this option is not specified, only public repositories are supported" time="0">
    </testcase>
    <testcase classname="all default values in docstrings are renderable JS values typescript:compileBeforeTest=- the default behavior is to delete the lib/ directory and run
jest typescript tests and only if all tests pass, run the compiler." name="all default values in docstrings are renderable JS values typescript:compileBeforeTest=- the default behavior is to delete the lib/ directory and run
jest typescript tests and only if all tests pass, run the compiler." time="0">
    </testcase>
    <testcase classname="all default values in docstrings are renderable JS values typescript:copyrightOwner=- defaults to the value of authorName or &quot;&quot; if `authorName` is undefined." name="all default values in docstrings are renderable JS values typescript:copyrightOwner=- defaults to the value of authorName or &quot;&quot; if `authorName` is undefined." time="0">
    </testcase>
    <testcase classname="all default values in docstrings are renderable JS values typescript:copyrightPeriod=- current year" name="all default values in docstrings are renderable JS values typescript:copyrightPeriod=- current year" time="0">
    </testcase>
    <testcase classname="all default values in docstrings are renderable JS values typescript:defaultReleaseBranch=&quot;master&quot;" name="all default values in docstrings are renderable JS values typescript:defaultReleaseBranch=&quot;master&quot;" time="0.001">
    </testcase>
    <testcase classname="all default values in docstrings are renderable JS values typescript:dependabot=true" name="all default values in docstrings are renderable JS values typescript:dependabot=true" time="0">
    </testcase>
    <testcase classname="all default values in docstrings are renderable JS values typescript:dependabotOptions=- default options" name="all default values in docstrings are renderable JS values typescript:dependabotOptions=- default options" time="0">
    </testcase>
    <testcase classname="all default values in docstrings are renderable JS values typescript:dependencies=undefined" name="all default values in docstrings are renderable JS values typescript:dependencies=undefined" time="0">
    </testcase>
    <testcase classname="all default values in docstrings are renderable JS values typescript:deps=[]" name="all default values in docstrings are renderable JS values typescript:deps=[]" time="0">
    </testcase>
    <testcase classname="all default values in docstrings are renderable JS values typescript:description=undefined" name="all default values in docstrings are renderable JS values typescript:description=undefined" time="0.001">
    </testcase>
    <testcase classname="all default values in docstrings are renderable JS values typescript:devDependencies=undefined" name="all default values in docstrings are renderable JS values typescript:devDependencies=undefined" time="0">
    </testcase>
    <testcase classname="all default values in docstrings are renderable JS values typescript:devDeps=[]" name="all default values in docstrings are renderable JS values typescript:devDeps=[]" time="0">
    </testcase>
    <testcase classname="all default values in docstrings are renderable JS values typescript:disableTsconfig=false" name="all default values in docstrings are renderable JS values typescript:disableTsconfig=false" time="0">
    </testcase>
    <testcase classname="all default values in docstrings are renderable JS values typescript:docgen=false" name="all default values in docstrings are renderable JS values typescript:docgen=false" time="0.001">
    </testcase>
    <testcase classname="all default values in docstrings are renderable JS values typescript:docsDirectory=&quot;docs&quot;" name="all default values in docstrings are renderable JS values typescript:docsDirectory=&quot;docs&quot;" time="0">
    </testcase>
    <testcase classname="all default values in docstrings are renderable JS values typescript:entrypoint=&quot;lib/index.js&quot;" name="all default values in docstrings are renderable JS values typescript:entrypoint=&quot;lib/index.js&quot;" time="0">
    </testcase>
    <testcase classname="all default values in docstrings are renderable JS values typescript:entrypointTypes=- .d.ts file derived from the project&apos;s entrypoint (usually lib/index.d.ts)" name="all default values in docstrings are renderable JS values typescript:entrypointTypes=- .d.ts file derived from the project&apos;s entrypoint (usually lib/index.d.ts)" time="0">
    </testcase>
    <testcase classname="all default values in docstrings are renderable JS values typescript:eslint=true" name="all default values in docstrings are renderable JS values typescript:eslint=true" time="0">
    </testcase>
    <testcase classname="all default values in docstrings are renderable JS values typescript:eslintOptions=- opinionated default options" name="all default values in docstrings are renderable JS values typescript:eslintOptions=- opinionated default options" time="0.001">
    </testcase>
    <testcase classname="all default values in docstrings are renderable JS values typescript:gitignore=undefined" name="all default values in docstrings are renderable JS values typescript:gitignore=undefined" time="0">
    </testcase>
    <testcase classname="all default values in docstrings are renderable JS values typescript:gitpod=false" name="all default values in docstrings are renderable JS values typescript:gitpod=false" time="0">
    </testcase>
    <testcase classname="all default values in docstrings are renderable JS values typescript:homepage=undefined" name="all default values in docstrings are renderable JS values typescript:homepage=undefined" time="0">
    </testcase>
    <testcase classname="all default values in docstrings are renderable JS values typescript:jest=true" name="all default values in docstrings are renderable JS values typescript:jest=true" time="0">
    </testcase>
    <testcase classname="all default values in docstrings are renderable JS values typescript:jestOptions=- default options" name="all default values in docstrings are renderable JS values typescript:jestOptions=- default options" time="0">
    </testcase>
    <testcase classname="all default values in docstrings are renderable JS values typescript:keywords=undefined" name="all default values in docstrings are renderable JS values typescript:keywords=undefined" time="0.001">
    </testcase>
    <testcase classname="all default values in docstrings are renderable JS values typescript:libdir=&quot;lib&quot;" name="all default values in docstrings are renderable JS values typescript:libdir=&quot;lib&quot;" time="0">
    </testcase>
    <testcase classname="all default values in docstrings are renderable JS values typescript:license=undefined" name="all default values in docstrings are renderable JS values typescript:license=undefined" time="0">
    </testcase>
    <testcase classname="all default values in docstrings are renderable JS values typescript:licensed=true" name="all default values in docstrings are renderable JS values typescript:licensed=true" time="0">
    </testcase>
    <testcase classname="all default values in docstrings are renderable JS values typescript:maxNodeVersion=- no max" name="all default values in docstrings are renderable JS values typescript:maxNodeVersion=- no max" time="0">
    </testcase>
    <testcase classname="all default values in docstrings are renderable JS values typescript:mergify=true" name="all default values in docstrings are renderable JS values typescript:mergify=true" time="0.001">
    </testcase>
    <testcase classname="all default values in docstrings are renderable JS values typescript:mergifyAutoMergeLabel=&quot;auto-merge&quot;" name="all default values in docstrings are renderable JS values typescript:mergifyAutoMergeLabel=&quot;auto-merge&quot;" time="0">
    </testcase>
    <testcase classname="all default values in docstrings are renderable JS values typescript:mergifyOptions=- default options" name="all default values in docstrings are renderable JS values typescript:mergifyOptions=- default options" time="0">
    </testcase>
    <testcase classname="all default values in docstrings are renderable JS values typescript:minNodeVersion=- no &quot;engines&quot; specified" name="all default values in docstrings are renderable JS values typescript:minNodeVersion=- no &quot;engines&quot; specified" time="0">
    </testcase>
    <testcase classname="all default values in docstrings are renderable JS values typescript:name=$BASEDIR" name="all default values in docstrings are renderable JS values typescript:name=$BASEDIR" time="0">
    </testcase>
    <testcase classname="all default values in docstrings are renderable JS values typescript:npmDistTag=&quot;latest&quot;" name="all default values in docstrings are renderable JS values typescript:npmDistTag=&quot;latest&quot;" time="0.001">
    </testcase>
    <testcase classname="all default values in docstrings are renderable JS values typescript:npmignore=undefined" name="all default values in docstrings are renderable JS values typescript:npmignore=undefined" time="0">
    </testcase>
    <testcase classname="all default values in docstrings are renderable JS values typescript:npmignoreEnabled=true" name="all default values in docstrings are renderable JS values typescript:npmignoreEnabled=true" time="0">
    </testcase>
    <testcase classname="all default values in docstrings are renderable JS values typescript:npmRegistry=&quot;registry.npmjs.org&quot;" name="all default values in docstrings are renderable JS values typescript:npmRegistry=&quot;registry.npmjs.org&quot;" time="0">
    </testcase>
    <testcase classname="all default values in docstrings are renderable JS values typescript:npmTaskExecution=NpmTaskExecution.PROJEN" name="all default values in docstrings are renderable JS values typescript:npmTaskExecution=NpmTaskExecution.PROJEN" time="0.001">
    </testcase>
    <testcase classname="all default values in docstrings are renderable JS values typescript:outdir=&quot;.&quot;" name="all default values in docstrings are renderable JS values typescript:outdir=&quot;.&quot;" time="0">
    </testcase>
    <testcase classname="all default values in docstrings are renderable JS values typescript:package=true" name="all default values in docstrings are renderable JS values typescript:package=true" time="0">
    </testcase>
    <testcase classname="all default values in docstrings are renderable JS values typescript:packageManager=NodePackageManager.YARN" name="all default values in docstrings are renderable JS values typescript:packageManager=NodePackageManager.YARN" time="0">
    </testcase>
    <testcase classname="all default values in docstrings are renderable JS values typescript:parent=undefined" name="all default values in docstrings are renderable JS values typescript:parent=undefined" time="0">
    </testcase>
    <testcase classname="all default values in docstrings are renderable JS values typescript:peerDependencies=undefined" name="all default values in docstrings are renderable JS values typescript:peerDependencies=undefined" time="0.001">
    </testcase>
    <testcase classname="all default values in docstrings are renderable JS values typescript:peerDependencyOptions=undefined" name="all default values in docstrings are renderable JS values typescript:peerDependencyOptions=undefined" time="0">
    </testcase>
    <testcase classname="all default values in docstrings are renderable JS values typescript:peerDeps=[]" name="all default values in docstrings are renderable JS values typescript:peerDeps=[]" time="0">
    </testcase>
    <testcase classname="all default values in docstrings are renderable JS values typescript:projenCommand=&quot;npx projen&quot;" name="all default values in docstrings are renderable JS values typescript:projenCommand=&quot;npx projen&quot;" time="0">
    </testcase>
    <testcase classname="all default values in docstrings are renderable JS values typescript:projenDevDependency=true" name="all default values in docstrings are renderable JS values typescript:projenDevDependency=true" time="0">
    </testcase>
    <testcase classname="all default values in docstrings are renderable JS values typescript:projenUpgradeAutoMerge=- &quot;true&quot; if mergify auto-merge is enabled (default)" name="all default values in docstrings are renderable JS values typescript:projenUpgradeAutoMerge=- &quot;true&quot; if mergify auto-merge is enabled (default)" time="0">
    </testcase>
    <testcase classname="all default values in docstrings are renderable JS values typescript:projenUpgradeSchedule=[ &quot;0 6 * * *&quot; ]" name="all default values in docstrings are renderable JS values typescript:projenUpgradeSchedule=[ &quot;0 6 * * *&quot; ]" time="0">
    </testcase>
    <testcase classname="all default values in docstrings are renderable JS values typescript:projenUpgradeSecret=- no automatic projen upgrade pull requests" name="all default values in docstrings are renderable JS values typescript:projenUpgradeSecret=- no automatic projen upgrade pull requests" time="0">
    </testcase>
    <testcase classname="all default values in docstrings are renderable JS values typescript:projenVersion=Semver.latest()" name="all default values in docstrings are renderable JS values typescript:projenVersion=Semver.latest()" time="0">
    </testcase>
    <testcase classname="all default values in docstrings are renderable JS values typescript:pullRequestTemplate=true" name="all default values in docstrings are renderable JS values typescript:pullRequestTemplate=true" time="0">
    </testcase>
    <testcase classname="all default values in docstrings are renderable JS values typescript:pullRequestTemplateContents=- default content" name="all default values in docstrings are renderable JS values typescript:pullRequestTemplateContents=- default content" time="0">
    </testcase>
    <testcase classname="all default values in docstrings are renderable JS values typescript:rebuildBot=true" name="all default values in docstrings are renderable JS values typescript:rebuildBot=true" time="0.001">
    </testcase>
    <testcase classname="all default values in docstrings are renderable JS values typescript:rebuildBotCommand=&quot;rebuild&quot;" name="all default values in docstrings are renderable JS values typescript:rebuildBotCommand=&quot;rebuild&quot;" time="0">
    </testcase>
    <testcase classname="all default values in docstrings are renderable JS values typescript:releaseBranches=[ &quot;master&quot; ]" name="all default values in docstrings are renderable JS values typescript:releaseBranches=[ &quot;master&quot; ]" time="0.001">
    </testcase>
    <testcase classname="all default values in docstrings are renderable JS values typescript:releaseEveryCommit=true" name="all default values in docstrings are renderable JS values typescript:releaseEveryCommit=true" time="0">
    </testcase>
    <testcase classname="all default values in docstrings are renderable JS values typescript:releaseSchedule=- no scheduled releases" name="all default values in docstrings are renderable JS values typescript:releaseSchedule=- no scheduled releases" time="0">
    </testcase>
    <testcase classname="all default values in docstrings are renderable JS values typescript:releaseToNpm=false" name="all default values in docstrings are renderable JS values typescript:releaseToNpm=false" time="0.001">
    </testcase>
    <testcase classname="all default values in docstrings are renderable JS values typescript:releaseWorkflow=true" name="all default values in docstrings are renderable JS values typescript:releaseWorkflow=true" time="0">
    </testcase>
    <testcase classname="all default values in docstrings are renderable JS values typescript:repository=undefined" name="all default values in docstrings are renderable JS values typescript:repository=undefined" time="0">
    </testcase>
    <testcase classname="all default values in docstrings are renderable JS values typescript:repositoryDirectory=undefined" name="all default values in docstrings are renderable JS values typescript:repositoryDirectory=undefined" time="0">
    </testcase>
    <testcase classname="all default values in docstrings are renderable JS values typescript:sampleCode=true" name="all default values in docstrings are renderable JS values typescript:sampleCode=true" time="0.001">
    </testcase>
    <testcase classname="all default values in docstrings are renderable JS values typescript:scripts={}" name="all default values in docstrings are renderable JS values typescript:scripts={}" time="0">
    </testcase>
    <testcase classname="all default values in docstrings are renderable JS values typescript:srcdir=&quot;src&quot;" name="all default values in docstrings are renderable JS values typescript:srcdir=&quot;src&quot;" time="0">
    </testcase>
    <testcase classname="all default values in docstrings are renderable JS values typescript:stability=undefined" name="all default values in docstrings are renderable JS values typescript:stability=undefined" time="0">
    </testcase>
    <testcase classname="all default values in docstrings are renderable JS values typescript:testdir=&quot;test&quot;" name="all default values in docstrings are renderable JS values typescript:testdir=&quot;test&quot;" time="0.001">
    </testcase>
    <testcase classname="all default values in docstrings are renderable JS values typescript:tsconfig=undefined" name="all default values in docstrings are renderable JS values typescript:tsconfig=undefined" time="0">
    </testcase>
    <testcase classname="all default values in docstrings are renderable JS values typescript:typescriptVersion=&quot;^3.9.5&quot;" name="all default values in docstrings are renderable JS values typescript:typescriptVersion=&quot;^3.9.5&quot;" time="0">
    </testcase>
    <testcase classname="all default values in docstrings are renderable JS values typescript:workflowBootstrapSteps=&quot;yarn install --frozen-lockfile &amp;&amp; yarn projen&quot;" name="all default values in docstrings are renderable JS values typescript:workflowBootstrapSteps=&quot;yarn install --frozen-lockfile &amp;&amp; yarn projen&quot;" time="0">
    </testcase>
    <testcase classname="all default values in docstrings are renderable JS values typescript:workflowContainerImage=- default image" name="all default values in docstrings are renderable JS values typescript:workflowContainerImage=- default image" time="0">
    </testcase>
    <testcase classname="all default values in docstrings are renderable JS values typescript:workflowNodeVersion=- same as `minNodeVersion`" name="all default values in docstrings are renderable JS values typescript:workflowNodeVersion=- same as `minNodeVersion`" time="0.001">
    </testcase>
    <testcase classname="all default values in docstrings are renderable JS values typescript-app:allowLibraryDependencies=true" name="all default values in docstrings are renderable JS values typescript-app:allowLibraryDependencies=true" time="0">
    </testcase>
    <testcase classname="all default values in docstrings are renderable JS values typescript-app:antitamper=true" name="all default values in docstrings are renderable JS values typescript-app:antitamper=true" time="0">
    </testcase>
    <testcase classname="all default values in docstrings are renderable JS values typescript-app:authorEmail=undefined" name="all default values in docstrings are renderable JS values typescript-app:authorEmail=undefined" time="0">
    </testcase>
    <testcase classname="all default values in docstrings are renderable JS values typescript-app:authorName=undefined" name="all default values in docstrings are renderable JS values typescript-app:authorName=undefined" time="0">
    </testcase>
    <testcase classname="all default values in docstrings are renderable JS values typescript-app:authorOrganization=undefined" name="all default values in docstrings are renderable JS values typescript-app:authorOrganization=undefined" time="0">
    </testcase>
    <testcase classname="all default values in docstrings are renderable JS values typescript-app:authorUrl=undefined" name="all default values in docstrings are renderable JS values typescript-app:authorUrl=undefined" time="0">
    </testcase>
    <testcase classname="all default values in docstrings are renderable JS values typescript-app:autoDetectBin=true" name="all default values in docstrings are renderable JS values typescript-app:autoDetectBin=true" time="0">
    </testcase>
    <testcase classname="all default values in docstrings are renderable JS values typescript-app:bin=undefined" name="all default values in docstrings are renderable JS values typescript-app:bin=undefined" time="0">
    </testcase>
    <testcase classname="all default values in docstrings are renderable JS values typescript-app:buildWorkflow=true" name="all default values in docstrings are renderable JS values typescript-app:buildWorkflow=true" time="0.001">
    </testcase>
    <testcase classname="all default values in docstrings are renderable JS values typescript-app:bundledDependencies=undefined" name="all default values in docstrings are renderable JS values typescript-app:bundledDependencies=undefined" time="0">
    </testcase>
    <testcase classname="all default values in docstrings are renderable JS values typescript-app:bundledDeps=undefined" name="all default values in docstrings are renderable JS values typescript-app:bundledDeps=undefined" time="0.004">
    </testcase>
    <testcase classname="all default values in docstrings are renderable JS values typescript-app:codeCov=false" name="all default values in docstrings are renderable JS values typescript-app:codeCov=false" time="0">
    </testcase>
    <testcase classname="all default values in docstrings are renderable JS values typescript-app:codeCovTokenSecret=- if this option is not specified, only public repositories are supported" name="all default values in docstrings are renderable JS values typescript-app:codeCovTokenSecret=- if this option is not specified, only public repositories are supported" time="0">
    </testcase>
    <testcase classname="all default values in docstrings are renderable JS values typescript-app:compileBeforeTest=- the default behavior is to delete the lib/ directory and run
jest typescript tests and only if all tests pass, run the compiler." name="all default values in docstrings are renderable JS values typescript-app:compileBeforeTest=- the default behavior is to delete the lib/ directory and run
jest typescript tests and only if all tests pass, run the compiler." time="0">
    </testcase>
    <testcase classname="all default values in docstrings are renderable JS values typescript-app:copyrightOwner=- defaults to the value of authorName or &quot;&quot; if `authorName` is undefined." name="all default values in docstrings are renderable JS values typescript-app:copyrightOwner=- defaults to the value of authorName or &quot;&quot; if `authorName` is undefined." time="0">
    </testcase>
    <testcase classname="all default values in docstrings are renderable JS values typescript-app:copyrightPeriod=- current year" name="all default values in docstrings are renderable JS values typescript-app:copyrightPeriod=- current year" time="0">
    </testcase>
    <testcase classname="all default values in docstrings are renderable JS values typescript-app:defaultReleaseBranch=&quot;master&quot;" name="all default values in docstrings are renderable JS values typescript-app:defaultReleaseBranch=&quot;master&quot;" time="0">
    </testcase>
    <testcase classname="all default values in docstrings are renderable JS values typescript-app:dependabot=true" name="all default values in docstrings are renderable JS values typescript-app:dependabot=true" time="0">
    </testcase>
    <testcase classname="all default values in docstrings are renderable JS values typescript-app:dependabotOptions=- default options" name="all default values in docstrings are renderable JS values typescript-app:dependabotOptions=- default options" time="0.001">
    </testcase>
    <testcase classname="all default values in docstrings are renderable JS values typescript-app:dependencies=undefined" name="all default values in docstrings are renderable JS values typescript-app:dependencies=undefined" time="0">
    </testcase>
    <testcase classname="all default values in docstrings are renderable JS values typescript-app:deps=[]" name="all default values in docstrings are renderable JS values typescript-app:deps=[]" time="0">
    </testcase>
    <testcase classname="all default values in docstrings are renderable JS values typescript-app:description=undefined" name="all default values in docstrings are renderable JS values typescript-app:description=undefined" time="0">
    </testcase>
    <testcase classname="all default values in docstrings are renderable JS values typescript-app:devDependencies=undefined" name="all default values in docstrings are renderable JS values typescript-app:devDependencies=undefined" time="0">
    </testcase>
    <testcase classname="all default values in docstrings are renderable JS values typescript-app:devDeps=[]" name="all default values in docstrings are renderable JS values typescript-app:devDeps=[]" time="0">
    </testcase>
    <testcase classname="all default values in docstrings are renderable JS values typescript-app:disableTsconfig=false" name="all default values in docstrings are renderable JS values typescript-app:disableTsconfig=false" time="0.001">
    </testcase>
    <testcase classname="all default values in docstrings are renderable JS values typescript-app:docgen=false" name="all default values in docstrings are renderable JS values typescript-app:docgen=false" time="0">
    </testcase>
    <testcase classname="all default values in docstrings are renderable JS values typescript-app:docsDirectory=&quot;docs&quot;" name="all default values in docstrings are renderable JS values typescript-app:docsDirectory=&quot;docs&quot;" time="0">
    </testcase>
    <testcase classname="all default values in docstrings are renderable JS values typescript-app:entrypoint=&quot;lib/index.js&quot;" name="all default values in docstrings are renderable JS values typescript-app:entrypoint=&quot;lib/index.js&quot;" time="0">
    </testcase>
    <testcase classname="all default values in docstrings are renderable JS values typescript-app:entrypointTypes=- .d.ts file derived from the project&apos;s entrypoint (usually lib/index.d.ts)" name="all default values in docstrings are renderable JS values typescript-app:entrypointTypes=- .d.ts file derived from the project&apos;s entrypoint (usually lib/index.d.ts)" time="0.001">
    </testcase>
    <testcase classname="all default values in docstrings are renderable JS values typescript-app:eslint=true" name="all default values in docstrings are renderable JS values typescript-app:eslint=true" time="0">
    </testcase>
    <testcase classname="all default values in docstrings are renderable JS values typescript-app:eslintOptions=- opinionated default options" name="all default values in docstrings are renderable JS values typescript-app:eslintOptions=- opinionated default options" time="0">
    </testcase>
    <testcase classname="all default values in docstrings are renderable JS values typescript-app:gitignore=undefined" name="all default values in docstrings are renderable JS values typescript-app:gitignore=undefined" time="0.001">
    </testcase>
    <testcase classname="all default values in docstrings are renderable JS values typescript-app:gitpod=false" name="all default values in docstrings are renderable JS values typescript-app:gitpod=false" time="0">
    </testcase>
    <testcase classname="all default values in docstrings are renderable JS values typescript-app:homepage=undefined" name="all default values in docstrings are renderable JS values typescript-app:homepage=undefined" time="0.001">
    </testcase>
    <testcase classname="all default values in docstrings are renderable JS values typescript-app:jest=true" name="all default values in docstrings are renderable JS values typescript-app:jest=true" time="0">
    </testcase>
    <testcase classname="all default values in docstrings are renderable JS values typescript-app:jestOptions=- default options" name="all default values in docstrings are renderable JS values typescript-app:jestOptions=- default options" time="0">
    </testcase>
    <testcase classname="all default values in docstrings are renderable JS values typescript-app:keywords=undefined" name="all default values in docstrings are renderable JS values typescript-app:keywords=undefined" time="0">
    </testcase>
    <testcase classname="all default values in docstrings are renderable JS values typescript-app:libdir=&quot;lib&quot;" name="all default values in docstrings are renderable JS values typescript-app:libdir=&quot;lib&quot;" time="0">
    </testcase>
    <testcase classname="all default values in docstrings are renderable JS values typescript-app:license=undefined" name="all default values in docstrings are renderable JS values typescript-app:license=undefined" time="0.001">
    </testcase>
    <testcase classname="all default values in docstrings are renderable JS values typescript-app:licensed=true" name="all default values in docstrings are renderable JS values typescript-app:licensed=true" time="0">
    </testcase>
    <testcase classname="all default values in docstrings are renderable JS values typescript-app:maxNodeVersion=- no max" name="all default values in docstrings are renderable JS values typescript-app:maxNodeVersion=- no max" time="0">
    </testcase>
    <testcase classname="all default values in docstrings are renderable JS values typescript-app:mergify=true" name="all default values in docstrings are renderable JS values typescript-app:mergify=true" time="0">
    </testcase>
    <testcase classname="all default values in docstrings are renderable JS values typescript-app:mergifyAutoMergeLabel=&quot;auto-merge&quot;" name="all default values in docstrings are renderable JS values typescript-app:mergifyAutoMergeLabel=&quot;auto-merge&quot;" time="0.001">
    </testcase>
    <testcase classname="all default values in docstrings are renderable JS values typescript-app:mergifyOptions=- default options" name="all default values in docstrings are renderable JS values typescript-app:mergifyOptions=- default options" time="0">
    </testcase>
    <testcase classname="all default values in docstrings are renderable JS values typescript-app:minNodeVersion=- no &quot;engines&quot; specified" name="all default values in docstrings are renderable JS values typescript-app:minNodeVersion=- no &quot;engines&quot; specified" time="0">
    </testcase>
    <testcase classname="all default values in docstrings are renderable JS values typescript-app:name=$BASEDIR" name="all default values in docstrings are renderable JS values typescript-app:name=$BASEDIR" time="0">
    </testcase>
    <testcase classname="all default values in docstrings are renderable JS values typescript-app:npmDistTag=&quot;latest&quot;" name="all default values in docstrings are renderable JS values typescript-app:npmDistTag=&quot;latest&quot;" time="0.001">
    </testcase>
    <testcase classname="all default values in docstrings are renderable JS values typescript-app:npmignore=undefined" name="all default values in docstrings are renderable JS values typescript-app:npmignore=undefined" time="0">
    </testcase>
    <testcase classname="all default values in docstrings are renderable JS values typescript-app:npmignoreEnabled=true" name="all default values in docstrings are renderable JS values typescript-app:npmignoreEnabled=true" time="0">
    </testcase>
    <testcase classname="all default values in docstrings are renderable JS values typescript-app:npmRegistry=&quot;registry.npmjs.org&quot;" name="all default values in docstrings are renderable JS values typescript-app:npmRegistry=&quot;registry.npmjs.org&quot;" time="0">
    </testcase>
    <testcase classname="all default values in docstrings are renderable JS values typescript-app:npmTaskExecution=NpmTaskExecution.PROJEN" name="all default values in docstrings are renderable JS values typescript-app:npmTaskExecution=NpmTaskExecution.PROJEN" time="0">
    </testcase>
    <testcase classname="all default values in docstrings are renderable JS values typescript-app:outdir=&quot;.&quot;" name="all default values in docstrings are renderable JS values typescript-app:outdir=&quot;.&quot;" time="0.001">
    </testcase>
    <testcase classname="all default values in docstrings are renderable JS values typescript-app:package=true" name="all default values in docstrings are renderable JS values typescript-app:package=true" time="0">
    </testcase>
    <testcase classname="all default values in docstrings are renderable JS values typescript-app:packageManager=NodePackageManager.YARN" name="all default values in docstrings are renderable JS values typescript-app:packageManager=NodePackageManager.YARN" time="0">
    </testcase>
    <testcase classname="all default values in docstrings are renderable JS values typescript-app:parent=undefined" name="all default values in docstrings are renderable JS values typescript-app:parent=undefined" time="0">
    </testcase>
    <testcase classname="all default values in docstrings are renderable JS values typescript-app:peerDependencies=undefined" name="all default values in docstrings are renderable JS values typescript-app:peerDependencies=undefined" time="0">
    </testcase>
    <testcase classname="all default values in docstrings are renderable JS values typescript-app:peerDependencyOptions=undefined" name="all default values in docstrings are renderable JS values typescript-app:peerDependencyOptions=undefined" time="0">
    </testcase>
    <testcase classname="all default values in docstrings are renderable JS values typescript-app:peerDeps=[]" name="all default values in docstrings are renderable JS values typescript-app:peerDeps=[]" time="0.001">
    </testcase>
    <testcase classname="all default values in docstrings are renderable JS values typescript-app:projenCommand=&quot;npx projen&quot;" name="all default values in docstrings are renderable JS values typescript-app:projenCommand=&quot;npx projen&quot;" time="0">
    </testcase>
    <testcase classname="all default values in docstrings are renderable JS values typescript-app:projenDevDependency=true" name="all default values in docstrings are renderable JS values typescript-app:projenDevDependency=true" time="0">
    </testcase>
    <testcase classname="all default values in docstrings are renderable JS values typescript-app:projenUpgradeAutoMerge=- &quot;true&quot; if mergify auto-merge is enabled (default)" name="all default values in docstrings are renderable JS values typescript-app:projenUpgradeAutoMerge=- &quot;true&quot; if mergify auto-merge is enabled (default)" time="0">
    </testcase>
    <testcase classname="all default values in docstrings are renderable JS values typescript-app:projenUpgradeSchedule=[ &quot;0 6 * * *&quot; ]" name="all default values in docstrings are renderable JS values typescript-app:projenUpgradeSchedule=[ &quot;0 6 * * *&quot; ]" time="0.001">
    </testcase>
    <testcase classname="all default values in docstrings are renderable JS values typescript-app:projenUpgradeSecret=- no automatic projen upgrade pull requests" name="all default values in docstrings are renderable JS values typescript-app:projenUpgradeSecret=- no automatic projen upgrade pull requests" time="0">
    </testcase>
    <testcase classname="all default values in docstrings are renderable JS values typescript-app:projenVersion=Semver.latest()" name="all default values in docstrings are renderable JS values typescript-app:projenVersion=Semver.latest()" time="0">
    </testcase>
    <testcase classname="all default values in docstrings are renderable JS values typescript-app:pullRequestTemplate=true" name="all default values in docstrings are renderable JS values typescript-app:pullRequestTemplate=true" time="0">
    </testcase>
    <testcase classname="all default values in docstrings are renderable JS values typescript-app:pullRequestTemplateContents=- default content" name="all default values in docstrings are renderable JS values typescript-app:pullRequestTemplateContents=- default content" time="0">
    </testcase>
    <testcase classname="all default values in docstrings are renderable JS values typescript-app:rebuildBot=true" name="all default values in docstrings are renderable JS values typescript-app:rebuildBot=true" time="0.001">
    </testcase>
    <testcase classname="all default values in docstrings are renderable JS values typescript-app:rebuildBotCommand=&quot;rebuild&quot;" name="all default values in docstrings are renderable JS values typescript-app:rebuildBotCommand=&quot;rebuild&quot;" time="0">
    </testcase>
    <testcase classname="all default values in docstrings are renderable JS values typescript-app:releaseBranches=[ &quot;master&quot; ]" name="all default values in docstrings are renderable JS values typescript-app:releaseBranches=[ &quot;master&quot; ]" time="0">
    </testcase>
    <testcase classname="all default values in docstrings are renderable JS values typescript-app:releaseEveryCommit=true" name="all default values in docstrings are renderable JS values typescript-app:releaseEveryCommit=true" time="0">
    </testcase>
    <testcase classname="all default values in docstrings are renderable JS values typescript-app:releaseSchedule=- no scheduled releases" name="all default values in docstrings are renderable JS values typescript-app:releaseSchedule=- no scheduled releases" time="0">
    </testcase>
    <testcase classname="all default values in docstrings are renderable JS values typescript-app:releaseToNpm=false" name="all default values in docstrings are renderable JS values typescript-app:releaseToNpm=false" time="0.001">
    </testcase>
    <testcase classname="all default values in docstrings are renderable JS values typescript-app:releaseWorkflow=true" name="all default values in docstrings are renderable JS values typescript-app:releaseWorkflow=true" time="0">
    </testcase>
    <testcase classname="all default values in docstrings are renderable JS values typescript-app:repository=undefined" name="all default values in docstrings are renderable JS values typescript-app:repository=undefined" time="0">
    </testcase>
    <testcase classname="all default values in docstrings are renderable JS values typescript-app:repositoryDirectory=undefined" name="all default values in docstrings are renderable JS values typescript-app:repositoryDirectory=undefined" time="0">
    </testcase>
    <testcase classname="all default values in docstrings are renderable JS values typescript-app:sampleCode=true" name="all default values in docstrings are renderable JS values typescript-app:sampleCode=true" time="0">
    </testcase>
    <testcase classname="all default values in docstrings are renderable JS values typescript-app:scripts={}" name="all default values in docstrings are renderable JS values typescript-app:scripts={}" time="0">
    </testcase>
    <testcase classname="all default values in docstrings are renderable JS values typescript-app:srcdir=&quot;src&quot;" name="all default values in docstrings are renderable JS values typescript-app:srcdir=&quot;src&quot;" time="0.001">
    </testcase>
    <testcase classname="all default values in docstrings are renderable JS values typescript-app:stability=undefined" name="all default values in docstrings are renderable JS values typescript-app:stability=undefined" time="0">
    </testcase>
    <testcase classname="all default values in docstrings are renderable JS values typescript-app:testdir=&quot;test&quot;" name="all default values in docstrings are renderable JS values typescript-app:testdir=&quot;test&quot;" time="0">
    </testcase>
    <testcase classname="all default values in docstrings are renderable JS values typescript-app:tsconfig=undefined" name="all default values in docstrings are renderable JS values typescript-app:tsconfig=undefined" time="0">
    </testcase>
    <testcase classname="all default values in docstrings are renderable JS values typescript-app:typescriptVersion=&quot;^3.9.5&quot;" name="all default values in docstrings are renderable JS values typescript-app:typescriptVersion=&quot;^3.9.5&quot;" time="0">
    </testcase>
    <testcase classname="all default values in docstrings are renderable JS values typescript-app:workflowBootstrapSteps=&quot;yarn install --frozen-lockfile &amp;&amp; yarn projen&quot;" name="all default values in docstrings are renderable JS values typescript-app:workflowBootstrapSteps=&quot;yarn install --frozen-lockfile &amp;&amp; yarn projen&quot;" time="0.001">
    </testcase>
    <testcase classname="all default values in docstrings are renderable JS values typescript-app:workflowContainerImage=- default image" name="all default values in docstrings are renderable JS values typescript-app:workflowContainerImage=- default image" time="0">
    </testcase>
    <testcase classname="all default values in docstrings are renderable JS values typescript-app:workflowNodeVersion=- same as `minNodeVersion`" name="all default values in docstrings are renderable JS values typescript-app:workflowNodeVersion=- same as `minNodeVersion`" time="0">
    </testcase>
  </testsuite>
  <testsuite name="undefined" errors="0" failures="0" skipped="0" timestamp="2020-12-19T18:19:20" time="0.428" tests="7">
    <testcase classname=" composing projects declaratively" name=" composing projects declaratively" time="0.005">
    </testcase>
    <testcase classname=" composing projects synthesizes to subdirs" name=" composing projects synthesizes to subdirs" time="0.004">
    </testcase>
    <testcase classname=" errors when paths overlap" name=" errors when paths overlap" time="0.009">
    </testcase>
    <testcase classname=" multiple levels" name=" multiple levels" time="0.001">
    </testcase>
    <testcase classname=" outdir=&quot;.&quot; can only be used if projenrc.js is present in the same directory (to protect against override)" name=" outdir=&quot;.&quot; can only be used if projenrc.js is present in the same directory (to protect against override)" time="0.001">
    </testcase>
    <testcase classname=" subprojects cannot introduce files that override each other" name=" subprojects cannot introduce files that override each other" time="0.011">
    </testcase>
    <testcase classname=" &quot;outdir&quot; for subprojects must be relative" name=" &quot;outdir&quot; for subprojects must be relative" time="0.001">
    </testcase>
  </testsuite>
  <testsuite name="undefined" errors="0" failures="0" skipped="0" timestamp="2020-12-19T18:19:21" time="2.476" tests="6">
    <testcase classname=" minimal case (just a shell command)" name=" minimal case (just a shell command)" time="0.362">
    </testcase>
    <testcase classname=" fails if the step fails" name=" fails if the step fails" time="0.353">
    </testcase>
    <testcase classname=" multiple steps" name=" multiple steps" time="0.371">
    </testcase>
    <testcase classname=" execution stops if a step fails" name=" execution stops if a step fails" time="0.371">
    </testcase>
    <testcase classname="condition zero exit code means that steps should be executed" name="condition zero exit code means that steps should be executed" time="0.374">
    </testcase>
    <testcase classname="condition non-zero exit code means steps should not be executed" name="condition non-zero exit code means steps should not be executed" time="0.375">
    </testcase>
  </testsuite>
  <testsuite name="gitpod enable/disable" errors="0" failures="0" skipped="0" timestamp="2020-12-19T18:19:23" time="0.273" tests="5">
    <testcase classname="gitpod enable/disable given gitpod is false" name="gitpod enable/disable given gitpod is false" time="0.004">
    </testcase>
    <testcase classname="gitpod enable/disable given gitpod is true" name="gitpod enable/disable given gitpod is true" time="0.004">
    </testcase>
    <testcase classname="gitpod image &amp; file given an image" name="gitpod image &amp; file given an image" time="0.004">
    </testcase>
    <testcase classname="gitpod image &amp; file given a docker file dep" name="gitpod image &amp; file given a docker file dep" time="0.003">
    </testcase>
    <testcase classname="gitpod tasks given custom tasks" name="gitpod tasks given custom tasks" time="0.003">
    </testcase>
  </testsuite>
  <testsuite name="undefined" errors="0" failures="0" skipped="0" timestamp="2020-12-19T18:19:24" time="6.608" tests="14">
    <testcase classname=" projen new awscdk-app-ts" name=" projen new awscdk-app-ts" time="0.522">
    </testcase>
    <testcase classname=" projen new awscdk-construct" name=" projen new awscdk-construct" time="0.558">
    </testcase>
    <testcase classname=" projen new cdk8s-construct" name=" projen new cdk8s-construct" time="0.548">
    </testcase>
    <testcase classname=" projen new jsii" name=" projen new jsii" time="0.542">
    </testcase>
    <testcase classname=" projen new nextjs" name=" projen new nextjs" time="0.502">
    </testcase>
    <testcase classname=" projen new nextjs-ts" name=" projen new nextjs-ts" time="0.514">
    </testcase>
    <testcase classname=" projen new node" name=" projen new node" time="0.507">
    </testcase>
    <testcase classname=" projen new project" name=" projen new project" time="0.469">
    </testcase>
    <testcase classname=" projen new react" name=" projen new react" time="0.513">
    </testcase>
    <testcase classname=" projen new react-ts" name=" projen new react-ts" time="0.546">
    </testcase>
    <testcase classname=" projen new typescript" name=" projen new typescript" time="0.53">
    </testcase>
    <testcase classname=" projen new typescript-app" name=" projen new typescript-app" time="0.544">
    </testcase>
    <testcase classname=" post-synthesis option enabled" name=" post-synthesis option enabled" time="0.004">
    </testcase>
    <testcase classname=" post-synthesis option disabled" name=" post-synthesis option disabled" time="0.003">
    </testcase>
  </testsuite>
  <testsuite name="decamelizeRecursively" errors="0" failures="0" skipped="0" timestamp="2020-12-19T18:19:30" time="0.223" tests="4">
    <testcase classname="decamelizeRecursively decamel recurses an object structure" name="decamelizeRecursively decamel recurses an object structure" time="0.002">
    </testcase>
    <testcase classname="decamelizeRecursively decamel quits when it recurses too deeply" name="decamelizeRecursively decamel quits when it recurses too deeply" time="0.01">
    </testcase>
    <testcase classname="decamelizeRecursively decamel can know when not to decamelize a key" name="decamelizeRecursively decamel can know when not to decamelize a key" time="0.001">
    </testcase>
    <testcase classname=" isTruthy" name=" isTruthy" time="0.002">
    </testcase>
  </testsuite>
  <testsuite name="undefined" errors="0" failures="0" skipped="0" timestamp="2020-12-19T18:19:31" time="0.25" tests="2">
    <testcase classname=" makefile synthesises correctly" name=" makefile synthesises correctly" time="0.006">
    </testcase>
    <testcase classname=" makefile synthesises correctly using imperative API" name=" makefile synthesises correctly using imperative API" time="0.003">
    </testcase>
  </testsuite>
  <testsuite name="undefined" errors="0" failures="0" skipped="0" timestamp="2020-12-19T18:19:31" time="0.235" tests="4">
    <testcase classname=" file paths are relative to the project outdir" name=" file paths are relative to the project outdir" time="0.002">
    </testcase>
    <testcase classname=" all files added to the project can be enumerated" name=" all files added to the project can be enumerated" time="0.001">
    </testcase>
    <testcase classname=" findFile() can be used to find a file either absolute or relative path" name=" findFile() can be used to find a file either absolute or relative path" time="0.001">
    </testcase>
    <testcase classname=" findFile() will also look up files in subprojects" name=" findFile() will also look up files in subprojects" time="0.001">
    </testcase>
  </testsuite>
  <testsuite name="undefined" errors="0" failures="0" skipped="0" timestamp="2020-12-19T18:19:31" time="0.268" tests="2">
    <testcase classname=" json object can be mutated before synthesis" name=" json object can be mutated before synthesis" time="0.017">
    </testcase>
    <testcase classname=" omitEmpty" name=" omitEmpty" time="0.004">
    </testcase>
  </testsuite>
  <testsuite name="undefined" errors="0" failures="0" skipped="0" timestamp="2020-12-19T18:19:32" time="0.241" tests="3">
    <testcase classname=" empty file" name=" empty file" time="0.007">
    </testcase>
    <testcase classname=" initialized with some lines" name=" initialized with some lines" time="0.003">
    </testcase>
    <testcase classname=" addLine() can add lines later" name=" addLine() can add lines later" time="0.002">
    </testcase>
  </testsuite>
  <testsuite name="undefined" errors="0" failures="0" skipped="0" timestamp="2020-12-19T18:19:32" time="0.273" tests="2">
    <testcase classname=" license file is added by default" name=" license file is added by default" time="0.02">
    </testcase>
    <testcase classname=" license file is not added if licensed is false" name=" license file is not added if licensed is false" time="0.016">
    </testcase>
  </testsuite>
  <testsuite name="undefined" errors="0" failures="0" skipped="0" timestamp="2020-12-19T18:19:32" time="0.382" tests="2">
    <testcase classname=" default" name=" default" time="0.005">
    </testcase>
    <testcase classname=" custom content" name=" custom content" time="0.003">
    </testcase>
  </testsuite>
  <testsuite name="undefined" errors="0" failures="0" skipped="0" timestamp="2020-12-19T18:19:33" time="0.23" tests="1">
    <testcase classname=" toml object can be mutated before synthesis" name=" toml object can be mutated before synthesis" time="0.01">
    </testcase>
  </testsuite>
</testsuites>